2018-03-20 06:41:39,837:INFO: Loading the datasets...
2018-03-20 06:41:40,075:INFO: - done.
2018-03-20 06:41:44,474:INFO: Starting training for 10 epoch(s)
2018-03-20 06:41:44,474:INFO: Epoch 1/10
2018-03-20 06:51:31,923:INFO: - Train metrics: f1: 0.681 ; accuracy: 0.523 ; loss: 0.693
2018-03-20 06:51:47,764:INFO: - Eval metrics : f1: 0.641 ; accuracy: 0.480 ; loss: 0.706
2018-03-20 06:51:47,769:INFO: - Found new best accuracy
2018-03-20 06:51:47,770:INFO: Epoch 2/10
2018-03-20 07:01:36,718:INFO: - Train metrics: f1: 0.638 ; accuracy: 0.479 ; loss: 0.700
2018-03-20 07:01:52,457:INFO: - Eval metrics : f1: 0.641 ; accuracy: 0.480 ; loss: 0.702
2018-03-20 07:01:52,462:INFO: Epoch 3/10
2018-03-20 07:11:44,087:INFO: - Train metrics: f1: 0.674 ; accuracy: 0.519 ; loss: 0.693
2018-03-20 07:11:59,941:INFO: - Eval metrics : f1: 0.643 ; accuracy: 0.485 ; loss: 0.701
2018-03-20 07:11:59,946:INFO: - Found new best accuracy
2018-03-20 07:11:59,946:INFO: Epoch 4/10
2018-03-20 07:21:51,191:INFO: - Train metrics: f1: 0.643 ; accuracy: 0.492 ; loss: 0.699
2018-03-20 07:22:06,972:INFO: - Eval metrics : f1: 0.641 ; accuracy: 0.492 ; loss: 0.697
2018-03-20 07:22:06,981:INFO: - Found new best accuracy
2018-03-20 07:22:06,982:INFO: Epoch 5/10
2018-03-20 07:31:56,462:INFO: - Train metrics: f1: 0.648 ; accuracy: 0.492 ; loss: 0.695
2018-03-20 07:32:12,603:INFO: - Eval metrics : f1: 0.641 ; accuracy: 0.487 ; loss: 0.697
2018-03-20 07:32:12,608:INFO: Epoch 6/10
2018-03-20 07:42:00,690:INFO: - Train metrics: f1: 0.631 ; accuracy: 0.481 ; loss: 0.700
2018-03-20 07:42:16,437:INFO: - Eval metrics : f1: 0.639 ; accuracy: 0.486 ; loss: 0.696
2018-03-20 07:42:16,448:INFO: Epoch 7/10
2018-03-20 07:52:07,133:INFO: - Train metrics: f1: 0.631 ; accuracy: 0.485 ; loss: 0.694
2018-03-20 07:52:23,115:INFO: - Eval metrics : f1: 0.633 ; accuracy: 0.495 ; loss: 0.694
2018-03-20 07:52:23,119:INFO: - Found new best accuracy
2018-03-20 07:52:23,120:INFO: Epoch 8/10
2018-03-20 08:02:17,865:INFO: - Train metrics: f1: 0.635 ; accuracy: 0.492 ; loss: 0.694
2018-03-20 08:02:33,497:INFO: - Eval metrics : f1: 0.625 ; accuracy: 0.496 ; loss: 0.693
2018-03-20 08:02:33,502:INFO: - Found new best accuracy
2018-03-20 08:02:33,502:INFO: Epoch 9/10
2018-03-20 08:12:22,759:INFO: - Train metrics: f1: 0.647 ; accuracy: 0.510 ; loss: 0.689
2018-03-20 08:12:40,083:INFO: - Eval metrics : f1: 0.625 ; accuracy: 0.499 ; loss: 0.692
2018-03-20 08:12:40,093:INFO: - Found new best accuracy
2018-03-20 08:12:40,094:INFO: Epoch 10/10
2018-03-20 08:22:37,841:INFO: - Train metrics: f1: 0.652 ; accuracy: 0.529 ; loss: 0.690
2018-03-20 08:22:54,058:INFO: - Eval metrics : f1: 0.625 ; accuracy: 0.501 ; loss: 0.692
2018-03-20 08:22:54,063:INFO: - Found new best accuracy
