2018-04-11 09:38:57,926:INFO: Loading the datasets...
2018-04-11 09:38:58,146:INFO: - done.
2018-04-11 09:39:04,261:INFO: Starting training for 50 epoch(s)
2018-04-11 09:39:04,262:INFO: Epoch 1/50
2018-04-11 14:13:53,478:INFO: Loading the datasets...
2018-04-11 14:13:53,740:INFO: - done.
2018-04-11 14:13:58,868:INFO: Starting training for 50 epoch(s)
2018-04-11 14:13:58,869:INFO: Epoch 1/50
2018-04-11 15:32:44,363:INFO: - Train metrics: f1: 0.562 ; accuracy: 0.529 ; loss: 0.696
2018-04-11 15:36:26,713:INFO: - Eval metrics : f1: 0.656 ; accuracy: 0.493 ; loss: 0.703
2018-04-11 15:36:26,714:INFO: - Found new best accuracy
2018-04-11 15:36:26,714:INFO: Epoch 2/50
2018-04-11 16:42:18,718:INFO: - Train metrics: f1: 0.620 ; accuracy: 0.602 ; loss: 0.669
2018-04-11 16:45:31,167:INFO: - Eval metrics : f1: 0.657 ; accuracy: 0.495 ; loss: 0.697
2018-04-11 16:45:31,168:INFO: - Found new best accuracy
2018-04-11 16:45:31,168:INFO: Epoch 3/50
2018-04-11 17:48:12,103:INFO: - Train metrics: f1: 0.613 ; accuracy: 0.617 ; loss: 0.632
2018-04-11 17:51:22,083:INFO: - Eval metrics : f1: 0.655 ; accuracy: 0.494 ; loss: 0.692
2018-04-11 17:51:22,085:INFO: Epoch 4/50
2018-04-11 18:52:09,237:INFO: - Train metrics: f1: 0.625 ; accuracy: 0.627 ; loss: 0.616
2018-04-11 18:55:14,380:INFO: - Eval metrics : f1: 0.657 ; accuracy: 0.496 ; loss: 0.692
2018-04-11 18:55:14,381:INFO: - Found new best accuracy
2018-04-11 18:55:14,382:INFO: Epoch 5/50
2018-04-11 19:54:03,008:INFO: - Train metrics: f1: 0.629 ; accuracy: 0.629 ; loss: 0.632
2018-04-11 19:56:54,943:INFO: - Eval metrics : f1: 0.656 ; accuracy: 0.493 ; loss: 0.726
2018-04-11 19:56:54,945:INFO: Epoch 6/50
2018-04-11 20:56:18,187:INFO: - Train metrics: f1: 0.620 ; accuracy: 0.631 ; loss: 0.616
2018-04-11 20:59:14,153:INFO: - Eval metrics : f1: 0.657 ; accuracy: 0.493 ; loss: 0.693
2018-04-11 20:59:14,155:INFO: Epoch 7/50
2018-04-11 21:56:25,058:INFO: - Train metrics: f1: 0.683 ; accuracy: 0.683 ; loss: 0.597
2018-04-11 21:59:21,416:INFO: - Eval metrics : f1: 0.655 ; accuracy: 0.494 ; loss: 0.716
2018-04-11 21:59:21,417:INFO: Epoch 8/50
2018-04-11 22:56:39,240:INFO: - Train metrics: f1: 0.618 ; accuracy: 0.646 ; loss: 0.601
2018-04-11 22:59:30,704:INFO: - Eval metrics : f1: 0.656 ; accuracy: 0.494 ; loss: 0.694
2018-04-11 22:59:30,705:INFO: Epoch 9/50
2018-04-11 23:56:47,976:INFO: - Train metrics: f1: 0.600 ; accuracy: 0.633 ; loss: 0.606
2018-04-11 23:59:39,860:INFO: - Eval metrics : f1: 0.000 ; accuracy: 0.505 ; loss: 0.736
2018-04-11 23:59:39,860:INFO: - Found new best accuracy
2018-04-11 23:59:39,861:INFO: Epoch 10/50
2018-04-12 00:55:49,020:INFO: - Train metrics: f1: 0.673 ; accuracy: 0.698 ; loss: 0.571
2018-04-12 00:58:40,278:INFO: - Eval metrics : f1: 0.006 ; accuracy: 0.507 ; loss: 0.692
2018-04-12 00:58:40,279:INFO: - Found new best accuracy
2018-04-12 00:58:40,280:INFO: Epoch 11/50
2018-04-12 01:54:47,162:INFO: - Train metrics: f1: 0.637 ; accuracy: 0.690 ; loss: 0.575
2018-04-12 01:57:37,782:INFO: - Eval metrics : f1: 0.000 ; accuracy: 0.505 ; loss: 0.736
2018-04-12 01:57:37,783:INFO: Epoch 12/50
2018-04-12 02:53:16,573:INFO: - Train metrics: f1: 0.695 ; accuracy: 0.710 ; loss: 0.560
2018-04-12 02:56:07,250:INFO: - Eval metrics : f1: 0.005 ; accuracy: 0.506 ; loss: 0.700
2018-04-12 02:56:07,251:INFO: Epoch 13/50
2018-04-12 03:51:13,141:INFO: - Train metrics: f1: 0.715 ; accuracy: 0.698 ; loss: 0.554
2018-04-12 03:54:03,997:INFO: - Eval metrics : f1: 0.656 ; accuracy: 0.493 ; loss: 0.727
2018-04-12 03:54:03,999:INFO: Epoch 14/50
2018-04-12 04:48:46,723:INFO: - Train metrics: f1: 0.692 ; accuracy: 0.721 ; loss: 0.531
2018-04-12 04:51:35,895:INFO: - Eval metrics : f1: 0.005 ; accuracy: 0.506 ; loss: 0.693
2018-04-12 04:51:35,897:INFO: Epoch 15/50
2018-04-12 05:46:04,572:INFO: - Train metrics: f1: 0.708 ; accuracy: 0.731 ; loss: 0.506
2018-04-12 05:48:50,490:INFO: - Eval metrics : f1: 0.005 ; accuracy: 0.506 ; loss: 0.693
2018-04-12 05:48:50,491:INFO: Epoch 16/50
2018-04-12 06:42:11,247:INFO: - Train metrics: f1: 0.629 ; accuracy: 0.698 ; loss: 0.538
2018-04-12 06:44:53,222:INFO: - Eval metrics : f1: 0.006 ; accuracy: 0.506 ; loss: 0.693
2018-04-12 06:44:53,223:INFO: Epoch 17/50
2018-04-12 07:37:56,630:INFO: - Train metrics: f1: 0.793 ; accuracy: 0.798 ; loss: 0.455
2018-04-12 07:40:37,870:INFO: - Eval metrics : f1: 0.006 ; accuracy: 0.506 ; loss: 0.693
2018-04-12 07:40:37,871:INFO: Epoch 18/50
2018-04-12 08:35:14,585:INFO: - Train metrics: f1: 0.821 ; accuracy: 0.821 ; loss: 0.431
2018-04-12 08:38:01,347:INFO: - Eval metrics : f1: 0.005 ; accuracy: 0.506 ; loss: 0.701
2018-04-12 08:38:01,349:INFO: Epoch 19/50
2018-04-12 09:31:57,428:INFO: - Train metrics: f1: 0.751 ; accuracy: 0.767 ; loss: 0.466
2018-04-12 09:34:38,832:INFO: - Eval metrics : f1: 0.007 ; accuracy: 0.506 ; loss: 0.693
2018-04-12 09:34:38,833:INFO: Epoch 20/50
2018-04-12 10:26:26,804:INFO: - Train metrics: f1: 0.851 ; accuracy: 0.835 ; loss: 0.425
2018-04-12 10:28:59,147:INFO: - Eval metrics : f1: 0.009 ; accuracy: 0.507 ; loss: 0.692
2018-04-12 10:28:59,149:INFO: Epoch 21/50
2018-04-12 11:19:30,884:INFO: - Train metrics: f1: 0.773 ; accuracy: 0.817 ; loss: 0.417
2018-04-12 11:22:02,078:INFO: - Eval metrics : f1: 0.006 ; accuracy: 0.507 ; loss: 0.699
2018-04-12 11:22:02,080:INFO: Epoch 22/50
2018-04-12 11:33:51,636:INFO: Loading the datasets...
2018-04-12 11:33:51,888:INFO: - done.
2018-04-12 11:34:02,552:INFO: Starting training for 50 epoch(s)
2018-04-12 11:34:02,552:INFO: Epoch 1/50
2018-04-12 12:21:56,234:INFO: - Train metrics: f1: 0.613 ; accuracy: 0.562 ; loss: 0.664
2018-04-12 12:24:46,213:INFO: - Eval metrics : f1: 0.000 ; accuracy: 0.001 ; loss: 0.718
2018-04-12 12:24:46,215:INFO: - Found new best accuracy
2018-04-12 12:24:46,216:INFO: Epoch 2/50
2018-04-12 13:16:13,621:INFO: - Train metrics: f1: 0.689 ; accuracy: 0.631 ; loss: 0.631
2018-04-12 13:19:06,039:INFO: - Eval metrics : f1: 0.000 ; accuracy: 0.000 ; loss: 0.732
2018-04-12 13:19:06,041:INFO: Epoch 3/50
2018-04-12 14:12:31,309:INFO: - Train metrics: f1: 0.688 ; accuracy: 0.650 ; loss: 0.621
2018-04-12 14:16:07,702:INFO: - Eval metrics : f1: 0.000 ; accuracy: 0.001 ; loss: 0.728
2018-04-12 14:16:07,703:INFO: - Found new best accuracy
2018-04-12 14:16:07,704:INFO: Epoch 4/50
2018-04-12 15:09:45,574:INFO: - Train metrics: f1: 0.649 ; accuracy: 0.604 ; loss: 0.671
2018-04-12 15:14:01,037:INFO: - Eval metrics : f1: 0.000 ; accuracy: 0.001 ; loss: 0.721
2018-04-12 15:14:01,038:INFO: - Found new best accuracy
2018-04-12 15:14:01,039:INFO: Epoch 5/50
2018-04-12 16:07:29,595:INFO: - Train metrics: f1: 0.703 ; accuracy: 0.644 ; loss: 0.626
2018-04-12 16:12:03,468:INFO: - Eval metrics : f1: 0.000 ; accuracy: 0.001 ; loss: 0.732
2018-04-12 16:12:03,469:INFO: Epoch 6/50
2018-04-12 17:03:50,320:INFO: - Train metrics: f1: 0.687 ; accuracy: 0.623 ; loss: 0.608
2018-04-12 17:08:41,397:INFO: - Eval metrics : f1: 0.000 ; accuracy: 0.000 ; loss: 0.734
2018-04-12 17:08:41,399:INFO: Epoch 7/50
2018-04-12 18:05:55,187:INFO: - Train metrics: f1: 0.665 ; accuracy: 0.623 ; loss: 0.605
2018-04-12 18:09:13,170:INFO: - Eval metrics : f1: 0.000 ; accuracy: 0.000 ; loss: 0.738
2018-04-12 18:09:13,172:INFO: Epoch 8/50
2018-04-12 18:46:49,349:INFO: - Train metrics: f1: 0.700 ; accuracy: 0.648 ; loss: 0.599
2018-04-12 18:49:58,762:INFO: - Eval metrics : f1: 0.000 ; accuracy: 0.001 ; loss: 0.720
2018-04-12 18:49:58,763:INFO: Epoch 9/50
2018-04-12 19:20:57,029:INFO: - Train metrics: f1: 0.714 ; accuracy: 0.671 ; loss: 0.569
2018-04-12 19:23:45,463:INFO: - Eval metrics : f1: 0.000 ; accuracy: 0.000 ; loss: 0.731
2018-04-12 19:23:45,465:INFO: Epoch 10/50
2018-04-12 19:52:51,051:INFO: - Train metrics: f1: 0.712 ; accuracy: 0.677 ; loss: 0.588
2018-04-12 19:55:31,307:INFO: - Eval metrics : f1: 0.000 ; accuracy: 0.000 ; loss: 0.729
2018-04-12 19:55:31,309:INFO: Epoch 11/50
2018-04-12 20:24:58,796:INFO: - Train metrics: f1: 0.693 ; accuracy: 0.662 ; loss: 0.588
2018-04-12 20:27:29,535:INFO: - Eval metrics : f1: 0.000 ; accuracy: 0.002 ; loss: 0.734
2018-04-12 20:27:29,535:INFO: - Found new best accuracy
2018-04-12 20:27:29,536:INFO: Epoch 12/50
2018-04-12 20:56:42,574:INFO: - Train metrics: f1: 0.715 ; accuracy: 0.667 ; loss: 0.588
2018-04-12 20:59:08,885:INFO: - Eval metrics : f1: 0.000 ; accuracy: 0.001 ; loss: 0.720
2018-04-12 20:59:08,886:INFO: Epoch 13/50
2018-04-12 21:26:14,934:INFO: - Train metrics: f1: 0.749 ; accuracy: 0.717 ; loss: 0.575
2018-04-12 21:28:20,648:INFO: - Eval metrics : f1: 0.000 ; accuracy: 0.000 ; loss: 0.721
2018-04-12 21:28:20,650:INFO: Epoch 14/50
2018-04-12 21:54:33,451:INFO: - Train metrics: f1: 0.758 ; accuracy: 0.694 ; loss: 0.579
2018-04-12 21:56:18,604:INFO: - Eval metrics : f1: 0.000 ; accuracy: 0.000 ; loss: 0.736
2018-04-12 21:56:18,606:INFO: Epoch 15/50
2018-04-12 22:23:22,345:INFO: - Train metrics: f1: 0.754 ; accuracy: 0.704 ; loss: 0.548
2018-04-12 22:24:35,753:INFO: - Eval metrics : f1: 0.000 ; accuracy: 0.001 ; loss: 0.731
2018-04-12 22:24:35,769:INFO: Epoch 16/50
2018-04-12 22:51:54,477:INFO: - Train metrics: f1: 0.770 ; accuracy: 0.742 ; loss: 0.515
2018-04-12 22:53:24,186:INFO: - Eval metrics : f1: 0.000 ; accuracy: 0.000 ; loss: 0.724
2018-04-12 22:53:24,188:INFO: Epoch 17/50
2018-04-12 23:19:32,172:INFO: - Train metrics: f1: 0.727 ; accuracy: 0.690 ; loss: 0.542
2018-04-12 23:20:55,887:INFO: - Eval metrics : f1: 0.000 ; accuracy: 0.000 ; loss: 0.727
2018-04-12 23:20:55,889:INFO: Epoch 18/50
2018-04-12 23:48:20,508:INFO: - Train metrics: f1: 0.828 ; accuracy: 0.794 ; loss: 0.468
2018-04-12 23:49:33,687:INFO: - Eval metrics : f1: 0.000 ; accuracy: 0.000 ; loss: 0.739
2018-04-12 23:49:33,688:INFO: Epoch 19/50
2018-04-13 00:15:30,857:INFO: - Train metrics: f1: 0.790 ; accuracy: 0.738 ; loss: 0.521
2018-04-13 00:16:47,562:INFO: - Eval metrics : f1: 0.000 ; accuracy: 0.000 ; loss: 0.729
2018-04-13 00:16:47,564:INFO: Epoch 20/50
2018-04-13 00:42:23,168:INFO: - Train metrics: f1: 0.761 ; accuracy: 0.752 ; loss: 0.489
2018-04-13 00:43:38,134:INFO: - Eval metrics : f1: 0.000 ; accuracy: 0.000 ; loss: 0.752
2018-04-13 00:43:38,136:INFO: Epoch 21/50
2018-04-13 01:11:08,501:INFO: - Train metrics: f1: 0.825 ; accuracy: 0.790 ; loss: 0.463
2018-04-13 01:12:19,749:INFO: - Eval metrics : f1: 0.000 ; accuracy: 0.002 ; loss: 0.712
2018-04-13 01:12:19,750:INFO: - Found new best accuracy
2018-04-13 01:12:19,751:INFO: Epoch 22/50
2018-04-13 01:30:58,404:INFO: - Train metrics: f1: 0.787 ; accuracy: 0.779 ; loss: 0.471
2018-04-13 01:31:44,799:INFO: - Eval metrics : f1: 0.000 ; accuracy: 0.000 ; loss: 0.736
2018-04-13 01:31:44,800:INFO: Epoch 23/50
2018-04-13 01:53:21,769:INFO: - Train metrics: f1: 0.733 ; accuracy: 0.735 ; loss: 0.458
2018-04-13 01:54:40,806:INFO: - Eval metrics : f1: 0.000 ; accuracy: 0.001 ; loss: 0.747
2018-04-13 01:54:40,809:INFO: Epoch 24/50
2018-04-13 02:24:27,725:INFO: - Train metrics: f1: 0.824 ; accuracy: 0.794 ; loss: 0.464
2018-04-13 02:25:45,036:INFO: - Eval metrics : f1: 0.000 ; accuracy: 0.001 ; loss: 0.735
2018-04-13 02:25:45,038:INFO: Epoch 25/50
2018-04-13 02:54:56,266:INFO: - Train metrics: f1: 0.810 ; accuracy: 0.769 ; loss: 0.455
2018-04-13 02:55:48,683:INFO: - Eval metrics : f1: 0.000 ; accuracy: 0.000 ; loss: 0.759
2018-04-13 02:55:48,683:INFO: Epoch 26/50
2018-04-13 03:25:11,902:INFO: - Train metrics: f1: 0.868 ; accuracy: 0.840 ; loss: 0.407
2018-04-13 03:26:27,364:INFO: - Eval metrics : f1: 0.000 ; accuracy: 0.001 ; loss: 0.734
2018-04-13 03:26:27,366:INFO: Epoch 27/50
2018-04-13 03:55:51,483:INFO: - Train metrics: f1: 0.852 ; accuracy: 0.823 ; loss: 0.380
2018-04-13 03:57:07,812:INFO: - Eval metrics : f1: 0.000 ; accuracy: 0.000 ; loss: 0.754
2018-04-13 03:57:07,815:INFO: Epoch 28/50
2018-04-13 04:26:47,559:INFO: - Train metrics: f1: 0.821 ; accuracy: 0.823 ; loss: 0.385
2018-04-13 04:28:01,898:INFO: - Eval metrics : f1: 0.000 ; accuracy: 1.000 ; loss: 0.682
2018-04-13 04:28:01,900:INFO: - Found new best accuracy
2018-04-13 04:28:01,901:INFO: Epoch 29/50
2018-04-13 04:57:22,977:INFO: - Train metrics: f1: 0.811 ; accuracy: 0.829 ; loss: 0.371
2018-04-13 04:58:11,914:INFO: - Eval metrics : f1: 0.000 ; accuracy: 0.001 ; loss: 0.750
2018-04-13 04:58:11,915:INFO: Epoch 30/50
2018-04-13 05:27:27,000:INFO: - Train metrics: f1: 0.771 ; accuracy: 0.769 ; loss: 0.430
2018-04-13 05:28:42,240:INFO: - Eval metrics : f1: 0.000 ; accuracy: 0.001 ; loss: 0.719
2018-04-13 05:28:42,242:INFO: Epoch 31/50
2018-04-13 05:57:56,355:INFO: - Train metrics: f1: 0.882 ; accuracy: 0.867 ; loss: 0.305
2018-04-13 05:59:10,868:INFO: - Eval metrics : f1: 0.000 ; accuracy: 0.000 ; loss: 0.724
2018-04-13 05:59:10,871:INFO: Epoch 32/50
2018-04-13 06:28:33,886:INFO: - Train metrics: f1: 0.867 ; accuracy: 0.863 ; loss: 0.329
2018-04-13 06:29:47,648:INFO: - Eval metrics : f1: 0.000 ; accuracy: 0.999 ; loss: 0.689
2018-04-13 06:29:47,650:INFO: Epoch 33/50
2018-04-13 06:58:35,217:INFO: - Train metrics: f1: 0.823 ; accuracy: 0.850 ; loss: 0.363
2018-04-13 06:59:44,998:INFO: - Eval metrics : f1: 0.000 ; accuracy: 0.999 ; loss: 0.691
2018-04-13 06:59:45,000:INFO: Epoch 34/50
2018-04-13 07:28:26,025:INFO: - Train metrics: f1: 0.799 ; accuracy: 0.831 ; loss: 0.359
2018-04-13 07:29:40,519:INFO: - Eval metrics : f1: 0.000 ; accuracy: 1.000 ; loss: 0.663
2018-04-13 07:29:40,520:INFO: - Found new best accuracy
2018-04-13 07:29:40,522:INFO: Epoch 35/50
2018-04-13 07:59:07,781:INFO: - Train metrics: f1: 0.863 ; accuracy: 0.858 ; loss: 0.313
2018-04-13 08:00:35,726:INFO: - Eval metrics : f1: 0.000 ; accuracy: 0.001 ; loss: 0.713
2018-04-13 08:00:35,728:INFO: Epoch 36/50
2018-04-13 08:29:50,799:INFO: - Train metrics: f1: 0.910 ; accuracy: 0.885 ; loss: 0.286
2018-04-13 08:31:13,794:INFO: - Eval metrics : f1: 0.000 ; accuracy: 0.001 ; loss: 0.706
2018-04-13 08:31:13,797:INFO: Epoch 37/50
2018-04-13 09:00:04,776:INFO: - Train metrics: f1: 0.931 ; accuracy: 0.925 ; loss: 0.228
2018-04-13 09:01:17,761:INFO: - Eval metrics : f1: 0.000 ; accuracy: 0.001 ; loss: 0.732
2018-04-13 09:01:17,762:INFO: Epoch 38/50
2018-04-13 09:29:59,318:INFO: - Train metrics: f1: 0.859 ; accuracy: 0.858 ; loss: 0.282
2018-04-13 09:31:18,723:INFO: - Eval metrics : f1: 0.000 ; accuracy: 0.001 ; loss: 0.739
2018-04-13 09:31:18,726:INFO: Epoch 39/50
2018-04-13 10:00:30,337:INFO: - Train metrics: f1: 0.929 ; accuracy: 0.921 ; loss: 0.213
2018-04-13 10:01:48,033:INFO: - Eval metrics : f1: 0.000 ; accuracy: 0.999 ; loss: 0.665
2018-04-13 10:01:48,036:INFO: Epoch 40/50
2018-04-13 10:30:57,618:INFO: - Train metrics: f1: 0.946 ; accuracy: 0.944 ; loss: 0.188
2018-04-13 10:32:13,626:INFO: - Eval metrics : f1: 0.000 ; accuracy: 0.999 ; loss: 0.681
2018-04-13 10:32:13,629:INFO: Epoch 41/50
2018-04-13 11:01:39,888:INFO: - Train metrics: f1: 0.885 ; accuracy: 0.887 ; loss: 0.280
2018-04-13 11:02:50,808:INFO: - Eval metrics : f1: 0.000 ; accuracy: 0.000 ; loss: 0.729
2018-04-13 11:02:50,810:INFO: Epoch 42/50
2018-04-13 11:31:53,946:INFO: - Train metrics: f1: 0.832 ; accuracy: 0.817 ; loss: 0.357
2018-04-13 11:32:48,379:INFO: - Eval metrics : f1: 0.000 ; accuracy: 1.000 ; loss: 0.664
2018-04-13 11:32:48,380:INFO: - Found new best accuracy
2018-04-13 11:32:48,381:INFO: Epoch 43/50
2018-04-13 11:59:45,443:INFO: - Train metrics: f1: 0.890 ; accuracy: 0.915 ; loss: 0.243
2018-04-13 12:00:25,866:INFO: - Eval metrics : f1: 0.000 ; accuracy: 1.000 ; loss: 0.701
2018-04-13 12:00:25,866:INFO: - Found new best accuracy
2018-04-13 12:00:25,867:INFO: Epoch 44/50
2018-04-13 12:16:39,232:INFO: - Train metrics: f1: 0.955 ; accuracy: 0.946 ; loss: 0.187
2018-04-13 12:17:14,888:INFO: - Eval metrics : f1: 0.000 ; accuracy: 0.001 ; loss: 0.713
2018-04-13 12:17:14,889:INFO: Epoch 45/50
2018-04-13 12:39:56,127:INFO: - Train metrics: f1: 0.892 ; accuracy: 0.910 ; loss: 0.227
2018-04-13 12:41:17,842:INFO: - Eval metrics : f1: 0.000 ; accuracy: 1.000 ; loss: 0.685
2018-04-13 12:41:17,844:INFO: - Found new best accuracy
2018-04-13 12:41:17,845:INFO: Epoch 46/50
2018-04-13 13:13:51,251:INFO: - Train metrics: f1: 0.885 ; accuracy: 0.867 ; loss: 0.247
2018-04-13 13:15:13,387:INFO: - Eval metrics : f1: 0.000 ; accuracy: 1.000 ; loss: 0.687
2018-04-13 13:15:13,388:INFO: - Found new best accuracy
2018-04-13 13:15:13,390:INFO: Epoch 47/50
2018-04-13 13:47:00,015:INFO: - Train metrics: f1: 0.868 ; accuracy: 0.887 ; loss: 0.241
2018-04-13 13:48:12,167:INFO: - Eval metrics : f1: 0.000 ; accuracy: 0.001 ; loss: 0.732
2018-04-13 13:48:12,169:INFO: Epoch 48/50
2018-04-13 14:17:28,486:INFO: - Train metrics: f1: 0.923 ; accuracy: 0.917 ; loss: 0.225
2018-04-13 14:18:51,393:INFO: - Eval metrics : f1: 0.000 ; accuracy: 1.000 ; loss: 0.681
2018-04-13 14:18:51,394:INFO: - Found new best accuracy
2018-04-13 14:18:51,396:INFO: Epoch 49/50
2018-04-13 14:51:36,417:INFO: - Train metrics: f1: 0.947 ; accuracy: 0.935 ; loss: 0.170
2018-04-13 14:52:58,638:INFO: - Eval metrics : f1: 0.000 ; accuracy: 1.000 ; loss: 0.675
2018-04-13 14:52:58,640:INFO: - Found new best accuracy
2018-04-13 14:52:58,642:INFO: Epoch 50/50
2018-04-13 15:25:08,902:INFO: - Train metrics: f1: 0.857 ; accuracy: 0.890 ; loss: 0.259
2018-04-13 15:26:21,212:INFO: - Eval metrics : f1: 0.000 ; accuracy: 0.999 ; loss: 0.667
2018-04-18 20:47:10,701:INFO: Loading the datasets...
2018-04-18 20:47:11,052:INFO: - done.
2018-04-18 20:47:17,640:INFO: Starting training for 50 epoch(s)
2018-04-18 20:47:17,640:INFO: Epoch 1/50
2018-04-18 21:36:58,737:INFO: - Train metrics: f1: 0.601 ; accuracy: 0.550 ; loss: 0.688
2018-04-18 21:40:02,007:INFO: - Eval metrics : f1: 0.000 ; accuracy: 0.002 ; loss: 0.722
2018-04-18 21:40:02,008:INFO: - Found new best accuracy
2018-04-18 21:40:02,040:INFO: Epoch 2/50
2018-04-18 22:13:31,502:INFO: - Train metrics: f1: 0.689 ; accuracy: 0.642 ; loss: 0.627
2018-04-18 22:15:46,867:INFO: - Eval metrics : f1: 0.000 ; accuracy: 0.002 ; loss: 0.728
2018-04-18 22:15:46,867:INFO: Epoch 3/50
2018-04-18 22:46:01,607:INFO: - Train metrics: f1: 0.696 ; accuracy: 0.662 ; loss: 0.593
2018-04-18 22:48:03,281:INFO: - Eval metrics : f1: 0.000 ; accuracy: 0.001 ; loss: 0.728
2018-04-18 22:48:03,282:INFO: Epoch 4/50
2018-04-18 23:16:51,585:INFO: - Train metrics: f1: 0.648 ; accuracy: 0.613 ; loss: 0.655
2018-04-18 23:18:46,207:INFO: - Eval metrics : f1: 0.000 ; accuracy: 0.000 ; loss: 0.731
2018-04-18 23:18:46,207:INFO: Epoch 5/50
2018-04-18 23:46:27,252:INFO: - Train metrics: f1: 0.672 ; accuracy: 0.613 ; loss: 0.628
2018-04-18 23:48:17,511:INFO: - Eval metrics : f1: 0.000 ; accuracy: 0.001 ; loss: 0.729
2018-04-18 23:48:17,512:INFO: Epoch 6/50
2018-04-19 00:14:27,462:INFO: - Train metrics: f1: 0.713 ; accuracy: 0.662 ; loss: 0.586
2018-04-19 00:16:13,898:INFO: - Eval metrics : f1: 0.000 ; accuracy: 0.001 ; loss: 0.728
2018-04-19 00:16:13,914:INFO: Epoch 7/50
2018-04-19 00:42:06,201:INFO: - Train metrics: f1: 0.701 ; accuracy: 0.669 ; loss: 0.594
2018-04-19 00:43:46,320:INFO: - Eval metrics : f1: 0.000 ; accuracy: 0.001 ; loss: 0.738
2018-04-19 00:43:46,343:INFO: Epoch 8/50
2018-04-19 01:09:50,700:INFO: - Train metrics: f1: 0.723 ; accuracy: 0.688 ; loss: 0.568
2018-04-19 01:11:18,545:INFO: - Eval metrics : f1: 0.000 ; accuracy: 0.000 ; loss: 0.727
2018-04-19 01:11:18,546:INFO: Epoch 9/50
2018-04-19 01:37:09,293:INFO: - Train metrics: f1: 0.700 ; accuracy: 0.656 ; loss: 0.612
2018-04-19 01:38:37,996:INFO: - Eval metrics : f1: 0.000 ; accuracy: 0.001 ; loss: 0.746
2018-04-19 01:38:38,007:INFO: Epoch 10/50
2018-04-19 02:04:22,517:INFO: - Train metrics: f1: 0.666 ; accuracy: 0.627 ; loss: 0.606
2018-04-19 02:05:53,385:INFO: - Eval metrics : f1: 0.000 ; accuracy: 0.001 ; loss: 0.721
2018-04-19 02:05:53,385:INFO: Epoch 11/50
2018-04-19 02:31:37,443:INFO: - Train metrics: f1: 0.717 ; accuracy: 0.692 ; loss: 0.565
2018-04-19 02:33:12,431:INFO: - Eval metrics : f1: 0.000 ; accuracy: 0.001 ; loss: 0.725
2018-04-19 02:33:12,432:INFO: Epoch 12/50
2018-04-19 02:58:43,436:INFO: - Train metrics: f1: 0.746 ; accuracy: 0.708 ; loss: 0.556
2018-04-19 03:00:22,315:INFO: - Eval metrics : f1: 0.000 ; accuracy: 0.000 ; loss: 0.727
2018-04-19 03:00:22,323:INFO: Epoch 13/50
2018-04-19 03:25:48,598:INFO: - Train metrics: f1: 0.748 ; accuracy: 0.708 ; loss: 0.566
2018-04-19 03:27:18,693:INFO: - Eval metrics : f1: 0.000 ; accuracy: 0.000 ; loss: 0.734
2018-04-19 03:27:18,693:INFO: Epoch 14/50
2018-04-19 03:52:15,456:INFO: - Train metrics: f1: 0.752 ; accuracy: 0.698 ; loss: 0.566
2018-04-19 03:53:45,316:INFO: - Eval metrics : f1: 0.000 ; accuracy: 0.000 ; loss: 0.736
2018-04-19 03:53:45,329:INFO: Epoch 15/50
2018-04-19 04:19:03,392:INFO: - Train metrics: f1: 0.743 ; accuracy: 0.702 ; loss: 0.553
2018-04-19 04:20:30,336:INFO: - Eval metrics : f1: 0.000 ; accuracy: 0.002 ; loss: 0.729
2018-04-19 04:20:30,337:INFO: Epoch 16/50
2018-04-19 04:45:22,502:INFO: - Train metrics: f1: 0.779 ; accuracy: 0.746 ; loss: 0.519
2018-04-19 04:46:57,378:INFO: - Eval metrics : f1: 0.000 ; accuracy: 0.000 ; loss: 0.735
2018-04-19 04:46:57,394:INFO: Epoch 17/50
2018-04-19 05:10:56,009:INFO: - Train metrics: f1: 0.720 ; accuracy: 0.694 ; loss: 0.552
2018-04-19 05:12:27,071:INFO: - Eval metrics : f1: 0.000 ; accuracy: 0.000 ; loss: 0.736
2018-04-19 05:12:27,072:INFO: Epoch 18/50
2018-04-19 05:36:44,058:INFO: - Train metrics: f1: 0.810 ; accuracy: 0.779 ; loss: 0.475
2018-04-19 05:38:11,064:INFO: - Eval metrics : f1: 0.000 ; accuracy: 0.001 ; loss: 0.726
2018-04-19 05:38:11,065:INFO: Epoch 19/50
2018-04-19 06:02:25,484:INFO: - Train metrics: f1: 0.775 ; accuracy: 0.731 ; loss: 0.497
2018-04-19 06:03:52,507:INFO: - Eval metrics : f1: 0.000 ; accuracy: 0.000 ; loss: 0.737
2018-04-19 06:03:52,508:INFO: Epoch 20/50
2018-04-19 06:27:53,860:INFO: - Train metrics: f1: 0.739 ; accuracy: 0.723 ; loss: 0.517
2018-04-19 06:29:15,069:INFO: - Eval metrics : f1: 0.000 ; accuracy: 0.000 ; loss: 0.757
2018-04-19 06:29:15,070:INFO: Epoch 21/50
2018-04-19 06:53:15,716:INFO: - Train metrics: f1: 0.795 ; accuracy: 0.792 ; loss: 0.442
2018-04-19 06:54:44,644:INFO: - Eval metrics : f1: 0.000 ; accuracy: 0.001 ; loss: 0.734
2018-04-19 06:54:44,645:INFO: Epoch 22/50
2018-04-19 07:18:46,435:INFO: - Train metrics: f1: 0.783 ; accuracy: 0.779 ; loss: 0.452
2018-04-19 07:20:06,504:INFO: - Eval metrics : f1: 0.000 ; accuracy: 0.001 ; loss: 0.729
2018-04-19 07:20:06,504:INFO: Epoch 23/50
2018-04-19 07:45:41,513:INFO: - Train metrics: f1: 0.789 ; accuracy: 0.750 ; loss: 0.438
2018-04-19 07:47:17,016:INFO: - Eval metrics : f1: 0.000 ; accuracy: 0.002 ; loss: 0.744
2018-04-19 07:47:17,017:INFO: - Found new best accuracy
2018-04-19 07:47:17,053:INFO: Epoch 24/50
2018-04-19 08:12:13,033:INFO: - Train metrics: f1: 0.843 ; accuracy: 0.815 ; loss: 0.450
2018-04-19 08:13:37,232:INFO: - Eval metrics : f1: 0.000 ; accuracy: 0.002 ; loss: 0.714
2018-04-19 08:13:37,232:INFO: Epoch 25/50
2018-04-19 08:38:16,664:INFO: - Train metrics: f1: 0.832 ; accuracy: 0.796 ; loss: 0.408
2018-04-19 08:39:42,499:INFO: - Eval metrics : f1: 0.000 ; accuracy: 0.000 ; loss: 0.717
2018-04-19 08:39:42,500:INFO: Epoch 26/50
2018-04-19 09:04:17,218:INFO: - Train metrics: f1: 0.859 ; accuracy: 0.829 ; loss: 0.386
2018-04-19 09:05:42,427:INFO: - Eval metrics : f1: 0.000 ; accuracy: 0.001 ; loss: 0.699
2018-04-19 09:05:42,428:INFO: Epoch 27/50
2018-04-19 09:30:00,381:INFO: - Train metrics: f1: 0.888 ; accuracy: 0.871 ; loss: 0.356
2018-04-19 09:31:32,251:INFO: - Eval metrics : f1: 0.000 ; accuracy: 0.000 ; loss: 0.725
2018-04-19 09:31:32,252:INFO: Epoch 28/50
2018-04-19 09:55:29,835:INFO: - Train metrics: f1: 0.825 ; accuracy: 0.804 ; loss: 0.411
2018-04-19 09:56:54,992:INFO: - Eval metrics : f1: 0.000 ; accuracy: 0.000 ; loss: 0.695
2018-04-19 09:56:54,993:INFO: Epoch 29/50
2018-04-19 10:21:14,666:INFO: - Train metrics: f1: 0.844 ; accuracy: 0.852 ; loss: 0.318
2018-04-19 10:22:32,702:INFO: - Eval metrics : f1: 0.000 ; accuracy: 0.999 ; loss: 0.705
2018-04-19 10:22:32,703:INFO: - Found new best accuracy
2018-04-19 10:22:32,729:INFO: Epoch 30/50
2018-04-19 10:47:15,555:INFO: - Train metrics: f1: 0.847 ; accuracy: 0.808 ; loss: 0.408
2018-04-19 10:48:39,360:INFO: - Eval metrics : f1: 0.000 ; accuracy: 0.001 ; loss: 0.704
2018-04-19 10:48:39,361:INFO: Epoch 31/50
2018-04-19 11:13:10,114:INFO: - Train metrics: f1: 0.917 ; accuracy: 0.904 ; loss: 0.271
2018-04-19 11:14:31,193:INFO: - Eval metrics : f1: 0.000 ; accuracy: 0.001 ; loss: 0.699
2018-04-19 11:14:31,194:INFO: Epoch 32/50
2018-04-19 11:38:20,010:INFO: - Train metrics: f1: 0.895 ; accuracy: 0.877 ; loss: 0.312
2018-04-19 11:39:47,651:INFO: - Eval metrics : f1: 0.000 ; accuracy: 0.999 ; loss: 0.694
2018-04-19 11:39:47,651:INFO: - Found new best accuracy
2018-04-19 11:39:47,669:INFO: Epoch 33/50
2018-04-19 12:03:31,115:INFO: - Train metrics: f1: 0.878 ; accuracy: 0.881 ; loss: 0.320
2018-04-19 12:04:52,304:INFO: - Eval metrics : f1: 0.000 ; accuracy: 0.001 ; loss: 0.695
2018-04-19 12:04:52,305:INFO: Epoch 34/50
2018-04-19 12:29:12,874:INFO: - Train metrics: f1: 0.810 ; accuracy: 0.848 ; loss: 0.301
2018-04-19 12:30:36,376:INFO: - Eval metrics : f1: 0.000 ; accuracy: 0.000 ; loss: 0.696
2018-04-19 12:30:36,377:INFO: Epoch 35/50
2018-04-19 12:54:47,333:INFO: - Train metrics: f1: 0.854 ; accuracy: 0.863 ; loss: 0.306
2018-04-19 12:56:07,988:INFO: - Eval metrics : f1: 0.000 ; accuracy: 1.000 ; loss: 0.696
2018-04-19 12:56:07,989:INFO: - Found new best accuracy
2018-04-19 12:56:07,990:INFO: Epoch 36/50
2018-04-19 13:20:06,118:INFO: - Train metrics: f1: 0.947 ; accuracy: 0.933 ; loss: 0.210
2018-04-19 13:21:24,416:INFO: - Eval metrics : f1: 0.000 ; accuracy: 1.000 ; loss: 0.673
2018-04-19 13:21:24,416:INFO: - Found new best accuracy
2018-04-19 13:21:24,417:INFO: Epoch 37/50
2018-04-19 13:45:26,747:INFO: - Train metrics: f1: 0.917 ; accuracy: 0.908 ; loss: 0.228
2018-04-19 13:46:54,207:INFO: - Eval metrics : f1: 0.000 ; accuracy: 0.999 ; loss: 0.692
2018-04-19 13:46:54,208:INFO: Epoch 38/50
2018-04-19 14:10:42,130:INFO: - Train metrics: f1: 0.873 ; accuracy: 0.885 ; loss: 0.278
2018-04-19 14:12:06,201:INFO: - Eval metrics : f1: 0.000 ; accuracy: 0.999 ; loss: 0.687
2018-04-19 14:12:06,202:INFO: Epoch 39/50
2018-04-19 14:36:13,078:INFO: - Train metrics: f1: 0.946 ; accuracy: 0.940 ; loss: 0.191
2018-04-19 14:37:32,106:INFO: - Eval metrics : f1: 0.000 ; accuracy: 1.000 ; loss: 0.671
2018-04-19 14:37:32,106:INFO: Epoch 40/50
2018-04-19 15:00:26,644:INFO: - Train metrics: f1: 0.864 ; accuracy: 0.850 ; loss: 0.285
2018-04-19 15:01:38,041:INFO: - Eval metrics : f1: 0.000 ; accuracy: 0.998 ; loss: 0.686
2018-04-19 15:01:38,054:INFO: Epoch 41/50
2018-04-19 15:24:29,395:INFO: - Train metrics: f1: 0.881 ; accuracy: 0.881 ; loss: 0.238
2018-04-19 15:25:42,468:INFO: - Eval metrics : f1: 0.000 ; accuracy: 0.001 ; loss: 0.783
2018-04-19 15:25:42,469:INFO: Epoch 42/50
2018-04-19 15:48:18,714:INFO: - Train metrics: f1: 0.781 ; accuracy: 0.823 ; loss: 0.314
2018-04-19 15:49:22,853:INFO: - Eval metrics : f1: 0.000 ; accuracy: 1.000 ; loss: 0.674
2018-04-19 15:49:22,853:INFO: - Found new best accuracy
2018-04-19 15:49:22,867:INFO: Epoch 43/50
2018-04-19 16:11:29,956:INFO: - Train metrics: f1: 0.895 ; accuracy: 0.912 ; loss: 0.238
2018-04-19 16:12:29,885:INFO: - Eval metrics : f1: 0.000 ; accuracy: 1.000 ; loss: 0.692
2018-04-19 16:12:29,886:INFO: Epoch 44/50
2018-04-19 16:34:25,986:INFO: - Train metrics: f1: 0.890 ; accuracy: 0.906 ; loss: 0.209
2018-04-19 16:35:30,262:INFO: - Eval metrics : f1: 0.000 ; accuracy: 0.000 ; loss: 0.703
2018-04-19 16:35:30,263:INFO: Epoch 45/50
