2018-03-20 03:56:38,333:INFO: Loading the datasets...
2018-03-20 03:56:38,561:INFO: - done.
2018-03-20 03:56:43,716:INFO: Starting training for 10 epoch(s)
2018-03-20 03:56:43,717:INFO: Epoch 1/10
2018-03-20 04:10:27,509:INFO: - Train metrics: f1: 0.493 ; accuracy: 0.550 ; loss: 0.771
2018-03-20 04:11:10,572:INFO: - Eval metrics : f1: 0.472 ; accuracy: 0.538 ; loss: 0.700
2018-03-20 04:11:10,572:INFO: - Found new best accuracy
2018-03-20 04:11:10,573:INFO: Epoch 2/10
2018-03-20 04:24:57,301:INFO: - Train metrics: f1: 0.468 ; accuracy: 0.517 ; loss: 0.692
2018-03-20 04:25:39,781:INFO: - Eval metrics : f1: 0.479 ; accuracy: 0.544 ; loss: 0.708
2018-03-20 04:25:39,781:INFO: - Found new best accuracy
2018-03-20 04:25:39,782:INFO: Epoch 3/10
2018-03-20 04:39:13,658:INFO: - Train metrics: f1: 0.467 ; accuracy: 0.554 ; loss: 0.736
2018-03-20 04:39:55,821:INFO: - Eval metrics : f1: 0.478 ; accuracy: 0.554 ; loss: 0.692
2018-03-20 04:39:55,821:INFO: - Found new best accuracy
2018-03-20 04:39:55,821:INFO: Epoch 4/10
2018-03-20 04:53:29,370:INFO: - Train metrics: f1: 0.554 ; accuracy: 0.590 ; loss: 0.678
2018-03-20 04:54:11,649:INFO: - Eval metrics : f1: 0.489 ; accuracy: 0.551 ; loss: 0.694
2018-03-20 04:54:11,649:INFO: Epoch 5/10
2018-03-20 05:07:42,213:INFO: - Train metrics: f1: 0.530 ; accuracy: 0.594 ; loss: 0.680
2018-03-20 05:08:23,942:INFO: - Eval metrics : f1: 0.495 ; accuracy: 0.564 ; loss: 0.702
2018-03-20 05:08:23,943:INFO: - Found new best accuracy
2018-03-20 05:08:23,943:INFO: Epoch 6/10
2018-03-20 05:21:55,203:INFO: - Train metrics: f1: 0.483 ; accuracy: 0.569 ; loss: 0.676
2018-03-20 05:22:36,780:INFO: - Eval metrics : f1: 0.492 ; accuracy: 0.566 ; loss: 0.690
2018-03-20 05:22:36,780:INFO: - Found new best accuracy
2018-03-20 05:22:36,781:INFO: Epoch 7/10
2018-03-20 05:36:06,244:INFO: - Train metrics: f1: 0.503 ; accuracy: 0.573 ; loss: 0.743
2018-03-20 05:36:48,312:INFO: - Eval metrics : f1: 0.497 ; accuracy: 0.570 ; loss: 0.701
2018-03-20 05:36:48,312:INFO: - Found new best accuracy
2018-03-20 05:36:48,312:INFO: Epoch 8/10
2018-03-20 05:50:20,758:INFO: - Train metrics: f1: 0.455 ; accuracy: 0.550 ; loss: 0.673
2018-03-20 05:51:03,120:INFO: - Eval metrics : f1: 0.499 ; accuracy: 0.569 ; loss: 0.738
2018-03-20 05:51:03,121:INFO: Epoch 9/10
2018-03-20 06:04:35,008:INFO: - Train metrics: f1: 0.522 ; accuracy: 0.579 ; loss: 0.687
2018-03-20 06:05:17,782:INFO: - Eval metrics : f1: 0.500 ; accuracy: 0.569 ; loss: 0.688
2018-03-20 06:05:17,782:INFO: Epoch 10/10
2018-03-20 06:18:48,576:INFO: - Train metrics: f1: 0.567 ; accuracy: 0.600 ; loss: 0.676
2018-03-20 06:19:30,669:INFO: - Eval metrics : f1: 0.507 ; accuracy: 0.584 ; loss: 0.685
2018-03-20 06:19:30,669:INFO: - Found new best accuracy
