2018-04-11 09:39:15,160:INFO: Loading the datasets...
2018-04-11 09:39:15,371:INFO: - done.
2018-04-11 09:39:23,525:INFO: Starting training for 50 epoch(s)
2018-04-11 09:39:23,526:INFO: Epoch 1/50
2018-04-11 14:13:59,946:INFO: Loading the datasets...
2018-04-11 14:14:00,172:INFO: - done.
2018-04-11 14:14:06,210:INFO: Starting training for 50 epoch(s)
2018-04-11 14:14:06,210:INFO: Epoch 1/50
2018-04-11 15:39:31,398:INFO: - Train metrics: f1: 0.633 ; accuracy: 0.471 ; loss: 0.711
2018-04-11 15:43:21,798:INFO: - Eval metrics : f1: 0.651 ; accuracy: 0.494 ; loss: 0.706
2018-04-11 15:43:21,805:INFO: - Found new best accuracy
2018-04-11 15:43:21,806:INFO: Epoch 2/50
2018-04-11 16:55:38,055:INFO: - Train metrics: f1: 0.657 ; accuracy: 0.498 ; loss: 0.705
2018-04-11 16:59:13,244:INFO: - Eval metrics : f1: 0.648 ; accuracy: 0.492 ; loss: 0.703
2018-04-11 16:59:13,252:INFO: Epoch 3/50
2018-04-11 18:08:25,730:INFO: - Train metrics: f1: 0.641 ; accuracy: 0.481 ; loss: 0.706
2018-04-11 18:11:49,257:INFO: - Eval metrics : f1: 0.645 ; accuracy: 0.487 ; loss: 0.700
2018-04-11 18:11:49,261:INFO: Epoch 4/50
2018-04-11 19:19:06,215:INFO: - Train metrics: f1: 0.657 ; accuracy: 0.504 ; loss: 0.697
2018-04-11 19:22:22,460:INFO: - Eval metrics : f1: 0.648 ; accuracy: 0.494 ; loss: 0.700
2018-04-11 19:22:22,468:INFO: - Found new best accuracy
2018-04-11 19:22:22,469:INFO: Epoch 5/50
2018-04-11 20:28:42,972:INFO: - Train metrics: f1: 0.681 ; accuracy: 0.535 ; loss: 0.688
2018-04-11 20:31:53,811:INFO: - Eval metrics : f1: 0.648 ; accuracy: 0.493 ; loss: 0.697
2018-04-11 20:31:53,815:INFO: Epoch 6/50
2018-04-11 21:36:23,707:INFO: - Train metrics: f1: 0.669 ; accuracy: 0.517 ; loss: 0.693
2018-04-11 21:39:36,167:INFO: - Eval metrics : f1: 0.645 ; accuracy: 0.491 ; loss: 0.696
2018-04-11 21:39:36,175:INFO: Epoch 7/50
2018-04-11 22:44:01,813:INFO: - Train metrics: f1: 0.635 ; accuracy: 0.490 ; loss: 0.696
2018-04-11 22:47:19,932:INFO: - Eval metrics : f1: 0.643 ; accuracy: 0.494 ; loss: 0.697
2018-04-11 22:47:19,940:INFO: Epoch 8/50
2018-04-11 23:51:16,997:INFO: - Train metrics: f1: 0.635 ; accuracy: 0.492 ; loss: 0.697
2018-04-11 23:54:29,044:INFO: - Eval metrics : f1: 0.640 ; accuracy: 0.504 ; loss: 0.693
2018-04-11 23:54:29,052:INFO: - Found new best accuracy
2018-04-11 23:54:29,053:INFO: Epoch 9/50
2018-04-12 00:57:59,324:INFO: - Train metrics: f1: 0.631 ; accuracy: 0.496 ; loss: 0.692
2018-04-12 01:01:08,153:INFO: - Eval metrics : f1: 0.637 ; accuracy: 0.511 ; loss: 0.693
2018-04-12 01:01:08,161:INFO: - Found new best accuracy
2018-04-12 01:01:08,161:INFO: Epoch 10/50
2018-04-12 02:04:29,935:INFO: - Train metrics: f1: 0.648 ; accuracy: 0.533 ; loss: 0.689
2018-04-12 02:07:42,188:INFO: - Eval metrics : f1: 0.640 ; accuracy: 0.516 ; loss: 0.692
2018-04-12 02:07:42,195:INFO: - Found new best accuracy
2018-04-12 02:07:42,196:INFO: Epoch 11/50
2018-04-12 03:10:24,273:INFO: - Train metrics: f1: 0.611 ; accuracy: 0.487 ; loss: 0.694
2018-04-12 03:13:29,995:INFO: - Eval metrics : f1: 0.644 ; accuracy: 0.513 ; loss: 0.690
2018-04-12 03:13:30,003:INFO: Epoch 12/50
2018-04-12 04:15:44,879:INFO: - Train metrics: f1: 0.663 ; accuracy: 0.567 ; loss: 0.687
2018-04-12 04:18:54,292:INFO: - Eval metrics : f1: 0.627 ; accuracy: 0.516 ; loss: 0.689
2018-04-12 04:18:54,300:INFO: Epoch 13/50
2018-04-12 05:20:45,969:INFO: - Train metrics: f1: 0.624 ; accuracy: 0.529 ; loss: 0.685
2018-04-12 05:23:59,287:INFO: - Eval metrics : f1: 0.628 ; accuracy: 0.524 ; loss: 0.688
2018-04-12 05:23:59,295:INFO: - Found new best accuracy
2018-04-12 05:23:59,296:INFO: Epoch 14/50
2018-04-12 06:24:56,527:INFO: - Train metrics: f1: 0.604 ; accuracy: 0.523 ; loss: 0.686
2018-04-12 06:27:58,029:INFO: - Eval metrics : f1: 0.614 ; accuracy: 0.525 ; loss: 0.687
2018-04-12 06:27:58,037:INFO: - Found new best accuracy
2018-04-12 06:27:58,038:INFO: Epoch 15/50
2018-04-12 07:28:09,823:INFO: - Train metrics: f1: 0.630 ; accuracy: 0.550 ; loss: 0.689
2018-04-12 07:31:08,252:INFO: - Eval metrics : f1: 0.602 ; accuracy: 0.537 ; loss: 0.685
2018-04-12 07:31:08,256:INFO: - Found new best accuracy
2018-04-12 07:31:08,268:INFO: Epoch 16/50
2018-04-12 08:32:46,655:INFO: - Train metrics: f1: 0.591 ; accuracy: 0.523 ; loss: 0.684
2018-04-12 08:35:57,778:INFO: - Eval metrics : f1: 0.586 ; accuracy: 0.526 ; loss: 0.686
2018-04-12 08:35:57,789:INFO: Epoch 17/50
2018-04-12 09:37:44,250:INFO: - Train metrics: f1: 0.595 ; accuracy: 0.531 ; loss: 0.684
2018-04-12 09:40:38,809:INFO: - Eval metrics : f1: 0.585 ; accuracy: 0.537 ; loss: 0.684
2018-04-12 09:40:38,818:INFO: Epoch 18/50
2018-04-12 10:40:04,853:INFO: - Train metrics: f1: 0.597 ; accuracy: 0.544 ; loss: 0.684
2018-04-12 10:43:06,485:INFO: - Eval metrics : f1: 0.563 ; accuracy: 0.523 ; loss: 0.685
2018-04-12 10:43:06,494:INFO: Epoch 19/50
2018-04-12 11:34:02,320:INFO: Loading the datasets...
2018-04-12 11:34:02,705:INFO: - done.
2018-04-12 11:34:10,631:INFO: Starting training for 50 epoch(s)
2018-04-12 11:34:10,632:INFO: Epoch 1/50
2018-04-12 12:29:04,614:INFO: - Train metrics: f1: 0.706 ; accuracy: 0.554 ; loss: 0.694
2018-04-12 12:32:09,645:INFO: - Eval metrics : f1: 0.000 ; accuracy: 0.015 ; loss: 0.836
2018-04-12 12:32:09,654:INFO: - Found new best accuracy
2018-04-12 12:32:09,656:INFO: Epoch 2/50
2018-04-12 13:31:33,596:INFO: - Train metrics: f1: 0.726 ; accuracy: 0.573 ; loss: 0.681
2018-04-12 13:36:45,668:INFO: - Eval metrics : f1: 0.000 ; accuracy: 0.008 ; loss: 0.834
2018-04-12 13:36:45,677:INFO: Epoch 3/50
2018-04-12 14:36:59,033:INFO: - Train metrics: f1: 0.718 ; accuracy: 0.569 ; loss: 0.685
2018-04-12 14:42:13,713:INFO: - Eval metrics : f1: 0.000 ; accuracy: 0.018 ; loss: 0.815
2018-04-12 14:42:13,722:INFO: - Found new best accuracy
2018-04-12 14:42:13,723:INFO: Epoch 4/50
2018-04-12 15:43:25,422:INFO: - Train metrics: f1: 0.722 ; accuracy: 0.571 ; loss: 0.677
2018-04-12 15:48:18,478:INFO: - Eval metrics : f1: 0.000 ; accuracy: 0.015 ; loss: 0.838
2018-04-12 15:48:18,487:INFO: Epoch 5/50
2018-04-12 16:48:06,805:INFO: - Train metrics: f1: 0.720 ; accuracy: 0.565 ; loss: 0.680
2018-04-12 16:52:52,322:INFO: - Eval metrics : f1: 0.000 ; accuracy: 0.011 ; loss: 0.816
2018-04-12 16:52:52,331:INFO: Epoch 6/50
2018-04-12 17:57:46,391:INFO: - Train metrics: f1: 0.717 ; accuracy: 0.565 ; loss: 0.682
2018-04-12 18:03:07,969:INFO: - Eval metrics : f1: 0.000 ; accuracy: 0.021 ; loss: 0.826
2018-04-12 18:03:07,979:INFO: - Found new best accuracy
2018-04-12 18:03:07,981:INFO: Epoch 7/50
2018-04-12 18:47:37,147:INFO: - Train metrics: f1: 0.720 ; accuracy: 0.571 ; loss: 0.678
2018-04-12 18:50:42,942:INFO: - Eval metrics : f1: 0.000 ; accuracy: 0.014 ; loss: 0.816
2018-04-12 18:50:42,951:INFO: Epoch 8/50
2018-04-12 19:28:07,133:INFO: - Train metrics: f1: 0.718 ; accuracy: 0.569 ; loss: 0.677
2018-04-12 19:31:08,115:INFO: - Eval metrics : f1: 0.000 ; accuracy: 0.016 ; loss: 0.816
2018-04-12 19:31:08,123:INFO: Epoch 9/50
2018-04-12 20:07:09,403:INFO: - Train metrics: f1: 0.720 ; accuracy: 0.569 ; loss: 0.681
2018-04-12 20:09:45,519:INFO: - Eval metrics : f1: 0.000 ; accuracy: 0.017 ; loss: 0.820
2018-04-12 20:09:45,528:INFO: Epoch 10/50
2018-04-12 20:45:02,805:INFO: - Train metrics: f1: 0.718 ; accuracy: 0.565 ; loss: 0.672
2018-04-12 20:47:49,124:INFO: - Eval metrics : f1: 0.000 ; accuracy: 0.019 ; loss: 0.820
2018-04-12 20:47:49,133:INFO: Epoch 11/50
2018-04-12 21:22:35,836:INFO: - Train metrics: f1: 0.682 ; accuracy: 0.525 ; loss: 0.685
2018-04-12 21:25:20,848:INFO: - Eval metrics : f1: 0.000 ; accuracy: 0.026 ; loss: 0.811
2018-04-12 21:25:20,856:INFO: - Found new best accuracy
2018-04-12 21:25:20,858:INFO: Epoch 12/50
2018-04-12 21:57:58,740:INFO: - Train metrics: f1: 0.745 ; accuracy: 0.602 ; loss: 0.667
2018-04-12 21:59:56,027:INFO: - Eval metrics : f1: 0.000 ; accuracy: 0.027 ; loss: 0.808
2018-04-12 21:59:56,036:INFO: - Found new best accuracy
2018-04-12 21:59:56,037:INFO: Epoch 13/50
2018-04-12 22:32:01,260:INFO: - Train metrics: f1: 0.697 ; accuracy: 0.542 ; loss: 0.694
2018-04-12 22:33:59,040:INFO: - Eval metrics : f1: 0.000 ; accuracy: 0.019 ; loss: 0.821
2018-04-12 22:33:59,050:INFO: Epoch 14/50
2018-04-12 23:08:10,306:INFO: - Train metrics: f1: 0.669 ; accuracy: 0.517 ; loss: 0.688
2018-04-12 23:09:30,955:INFO: - Eval metrics : f1: 0.000 ; accuracy: 0.024 ; loss: 0.796
2018-04-12 23:09:30,964:INFO: Epoch 15/50
2018-04-12 23:44:23,449:INFO: - Train metrics: f1: 0.706 ; accuracy: 0.556 ; loss: 0.677
2018-04-12 23:45:56,246:INFO: - Eval metrics : f1: 0.000 ; accuracy: 0.025 ; loss: 0.806
2018-04-12 23:45:56,254:INFO: Epoch 16/50
2018-04-13 00:19:18,573:INFO: - Train metrics: f1: 0.708 ; accuracy: 0.556 ; loss: 0.679
2018-04-13 00:20:50,498:INFO: - Eval metrics : f1: 0.000 ; accuracy: 0.043 ; loss: 0.814
2018-04-13 00:20:50,507:INFO: - Found new best accuracy
2018-04-13 00:20:50,508:INFO: Epoch 17/50
2018-04-13 00:53:17,716:INFO: - Train metrics: f1: 0.712 ; accuracy: 0.562 ; loss: 0.675
2018-04-13 00:54:47,818:INFO: - Eval metrics : f1: 0.000 ; accuracy: 0.035 ; loss: 0.806
2018-04-13 00:54:47,827:INFO: Epoch 18/50
2018-04-13 01:25:00,106:INFO: - Train metrics: f1: 0.717 ; accuracy: 0.567 ; loss: 0.675
2018-04-13 01:25:54,800:INFO: - Eval metrics : f1: 0.000 ; accuracy: 0.023 ; loss: 0.820
2018-04-13 01:25:54,804:INFO: Epoch 19/50
2018-04-13 01:53:39,622:INFO: - Train metrics: f1: 0.680 ; accuracy: 0.527 ; loss: 0.679
2018-04-13 01:55:16,453:INFO: - Eval metrics : f1: 0.000 ; accuracy: 0.052 ; loss: 0.805
2018-04-13 01:55:16,463:INFO: - Found new best accuracy
2018-04-13 01:55:16,464:INFO: Epoch 20/50
2018-04-13 02:32:59,473:INFO: - Train metrics: f1: 0.754 ; accuracy: 0.617 ; loss: 0.666
2018-04-13 02:34:35,145:INFO: - Eval metrics : f1: 0.000 ; accuracy: 0.050 ; loss: 0.821
2018-04-13 02:34:35,156:INFO: Epoch 21/50
2018-04-13 03:12:48,809:INFO: - Train metrics: f1: 0.678 ; accuracy: 0.533 ; loss: 0.678
2018-04-13 03:14:23,368:INFO: - Eval metrics : f1: 0.000 ; accuracy: 0.064 ; loss: 0.812
2018-04-13 03:14:23,378:INFO: - Found new best accuracy
2018-04-13 03:14:23,380:INFO: Epoch 22/50
2018-04-13 03:51:46,726:INFO: - Train metrics: f1: 0.709 ; accuracy: 0.562 ; loss: 0.659
2018-04-13 03:53:21,532:INFO: - Eval metrics : f1: 0.000 ; accuracy: 0.061 ; loss: 0.813
2018-04-13 03:53:21,543:INFO: Epoch 23/50
2018-04-13 04:31:40,367:INFO: - Train metrics: f1: 0.708 ; accuracy: 0.573 ; loss: 0.664
2018-04-13 04:33:06,587:INFO: - Eval metrics : f1: 0.000 ; accuracy: 0.063 ; loss: 0.804
2018-04-13 04:33:06,595:INFO: Epoch 24/50
2018-04-13 05:11:07,473:INFO: - Train metrics: f1: 0.678 ; accuracy: 0.537 ; loss: 0.680
2018-04-13 05:12:40,021:INFO: - Eval metrics : f1: 0.000 ; accuracy: 0.091 ; loss: 0.797
2018-04-13 05:12:40,032:INFO: - Found new best accuracy
2018-04-13 05:12:40,033:INFO: Epoch 25/50
2018-04-13 05:49:44,544:INFO: - Train metrics: f1: 0.663 ; accuracy: 0.515 ; loss: 0.683
2018-04-13 05:51:18,951:INFO: - Eval metrics : f1: 0.000 ; accuracy: 0.040 ; loss: 0.819
2018-04-13 05:51:18,963:INFO: Epoch 26/50
2018-04-13 06:29:09,819:INFO: - Train metrics: f1: 0.651 ; accuracy: 0.506 ; loss: 0.679
2018-04-13 06:30:41,036:INFO: - Eval metrics : f1: 0.000 ; accuracy: 0.084 ; loss: 0.803
2018-04-13 06:30:41,046:INFO: Epoch 27/50
2018-04-13 07:07:57,321:INFO: - Train metrics: f1: 0.722 ; accuracy: 0.592 ; loss: 0.665
2018-04-13 07:09:32,739:INFO: - Eval metrics : f1: 0.000 ; accuracy: 0.082 ; loss: 0.813
2018-04-13 07:09:32,750:INFO: Epoch 28/50
2018-04-13 07:47:10,909:INFO: - Train metrics: f1: 0.702 ; accuracy: 0.569 ; loss: 0.662
2018-04-13 07:49:04,355:INFO: - Eval metrics : f1: 0.000 ; accuracy: 0.105 ; loss: 0.777
2018-04-13 07:49:04,363:INFO: - Found new best accuracy
2018-04-13 07:49:04,364:INFO: Epoch 29/50
2018-04-13 08:26:36,088:INFO: - Train metrics: f1: 0.728 ; accuracy: 0.600 ; loss: 0.662
2018-04-13 08:28:19,692:INFO: - Eval metrics : f1: 0.000 ; accuracy: 0.088 ; loss: 0.809
2018-04-13 08:28:19,705:INFO: Epoch 30/50
2018-04-13 09:04:33,017:INFO: - Train metrics: f1: 0.687 ; accuracy: 0.554 ; loss: 0.675
2018-04-13 09:06:25,974:INFO: - Eval metrics : f1: 0.000 ; accuracy: 0.123 ; loss: 0.798
2018-04-13 09:06:25,986:INFO: - Found new best accuracy
2018-04-13 09:06:25,989:INFO: Epoch 31/50
2018-04-13 09:44:24,843:INFO: - Train metrics: f1: 0.706 ; accuracy: 0.577 ; loss: 0.674
2018-04-13 09:46:02,653:INFO: - Eval metrics : f1: 0.000 ; accuracy: 0.094 ; loss: 0.803
2018-04-13 09:46:02,665:INFO: Epoch 32/50
2018-04-13 10:23:04,439:INFO: - Train metrics: f1: 0.702 ; accuracy: 0.562 ; loss: 0.664
2018-04-13 10:24:40,281:INFO: - Eval metrics : f1: 0.000 ; accuracy: 0.132 ; loss: 0.791
2018-04-13 10:24:40,292:INFO: - Found new best accuracy
2018-04-13 10:24:40,294:INFO: Epoch 33/50
2018-04-13 11:03:29,446:INFO: - Train metrics: f1: 0.663 ; accuracy: 0.533 ; loss: 0.681
2018-04-13 11:04:56,292:INFO: - Eval metrics : f1: 0.000 ; accuracy: 0.134 ; loss: 0.797
2018-04-13 11:04:56,301:INFO: - Found new best accuracy
2018-04-13 11:04:56,303:INFO: Epoch 34/50
2018-04-13 11:42:42,402:INFO: - Train metrics: f1: 0.719 ; accuracy: 0.596 ; loss: 0.661
2018-04-13 11:44:18,428:INFO: - Eval metrics : f1: 0.000 ; accuracy: 0.196 ; loss: 0.782
2018-04-13 11:44:18,439:INFO: - Found new best accuracy
2018-04-13 11:44:18,441:INFO: Epoch 35/50
2018-04-13 12:11:36,767:INFO: - Train metrics: f1: 0.687 ; accuracy: 0.552 ; loss: 0.661
2018-04-13 12:12:26,129:INFO: - Eval metrics : f1: 0.000 ; accuracy: 0.159 ; loss: 0.795
2018-04-13 12:12:26,133:INFO: Epoch 36/50
2018-04-13 12:42:21,655:INFO: - Train metrics: f1: 0.688 ; accuracy: 0.558 ; loss: 0.659
2018-04-13 12:44:03,525:INFO: - Eval metrics : f1: 0.000 ; accuracy: 0.153 ; loss: 0.803
2018-04-13 12:44:03,537:INFO: Epoch 37/50
2018-04-13 13:26:17,752:INFO: - Train metrics: f1: 0.710 ; accuracy: 0.588 ; loss: 0.669
2018-04-13 13:28:00,251:INFO: - Eval metrics : f1: 0.000 ; accuracy: 0.126 ; loss: 0.836
2018-04-13 13:28:00,265:INFO: Epoch 38/50
2018-04-13 14:06:13,951:INFO: - Train metrics: f1: 0.670 ; accuracy: 0.546 ; loss: 0.663
2018-04-13 14:07:34,660:INFO: - Eval metrics : f1: 0.000 ; accuracy: 0.167 ; loss: 0.789
2018-04-13 14:07:34,664:INFO: Epoch 39/50
2018-04-13 14:49:40,338:INFO: - Train metrics: f1: 0.662 ; accuracy: 0.533 ; loss: 0.679
2018-04-13 14:51:21,726:INFO: - Eval metrics : f1: 0.000 ; accuracy: 0.249 ; loss: 0.768
2018-04-13 14:51:21,737:INFO: - Found new best accuracy
2018-04-13 14:51:21,740:INFO: Epoch 40/50
2018-04-13 15:32:09,262:INFO: - Train metrics: f1: 0.663 ; accuracy: 0.556 ; loss: 0.665
2018-04-13 15:33:40,059:INFO: - Eval metrics : f1: 0.000 ; accuracy: 0.187 ; loss: 0.794
2018-04-13 15:33:40,070:INFO: Epoch 41/50
2018-04-13 16:13:28,815:INFO: - Train metrics: f1: 0.687 ; accuracy: 0.565 ; loss: 0.670
2018-04-13 16:15:14,471:INFO: - Eval metrics : f1: 0.000 ; accuracy: 0.208 ; loss: 0.801
2018-04-13 16:15:14,484:INFO: Epoch 42/50
2018-04-13 16:58:15,383:INFO: - Train metrics: f1: 0.658 ; accuracy: 0.527 ; loss: 0.679
2018-04-13 16:59:58,794:INFO: - Eval metrics : f1: 0.000 ; accuracy: 0.193 ; loss: 0.793
2018-04-13 16:59:58,807:INFO: Epoch 43/50
2018-04-13 17:38:14,601:INFO: - Train metrics: f1: 0.694 ; accuracy: 0.579 ; loss: 0.660
2018-04-13 17:39:58,918:INFO: - Eval metrics : f1: 0.000 ; accuracy: 0.196 ; loss: 0.786
2018-04-13 17:39:58,932:INFO: Epoch 44/50
2018-04-13 18:23:15,536:INFO: - Train metrics: f1: 0.683 ; accuracy: 0.577 ; loss: 0.661
2018-04-13 18:25:00,200:INFO: - Eval metrics : f1: 0.000 ; accuracy: 0.166 ; loss: 0.810
2018-04-13 18:25:00,213:INFO: Epoch 45/50
2018-04-13 19:05:10,771:INFO: - Train metrics: f1: 0.680 ; accuracy: 0.573 ; loss: 0.672
2018-04-13 19:06:43,213:INFO: - Eval metrics : f1: 0.000 ; accuracy: 0.179 ; loss: 0.814
2018-04-13 19:06:43,224:INFO: Epoch 46/50
2018-04-13 19:47:47,389:INFO: - Train metrics: f1: 0.677 ; accuracy: 0.573 ; loss: 0.665
2018-04-13 19:49:30,840:INFO: - Eval metrics : f1: 0.000 ; accuracy: 0.243 ; loss: 0.777
2018-04-13 19:49:30,853:INFO: Epoch 47/50
2018-04-13 20:31:48,171:INFO: - Train metrics: f1: 0.636 ; accuracy: 0.535 ; loss: 0.682
2018-04-13 20:33:18,334:INFO: - Eval metrics : f1: 0.000 ; accuracy: 0.231 ; loss: 0.790
2018-04-13 20:33:18,346:INFO: Epoch 48/50
2018-04-13 21:12:26,784:INFO: - Train metrics: f1: 0.693 ; accuracy: 0.583 ; loss: 0.649
2018-04-13 21:14:08,365:INFO: - Eval metrics : f1: 0.000 ; accuracy: 0.227 ; loss: 0.790
2018-04-13 21:14:08,377:INFO: Epoch 49/50
2018-04-13 21:57:14,867:INFO: - Train metrics: f1: 0.694 ; accuracy: 0.590 ; loss: 0.659
2018-04-13 21:58:59,641:INFO: - Eval metrics : f1: 0.000 ; accuracy: 0.198 ; loss: 0.799
2018-04-13 21:58:59,654:INFO: Epoch 50/50
2018-04-13 22:38:45,093:INFO: - Train metrics: f1: 0.671 ; accuracy: 0.562 ; loss: 0.664
2018-04-13 22:40:32,086:INFO: - Eval metrics : f1: 0.000 ; accuracy: 0.219 ; loss: 0.790
