2018-03-19 18:38:00,914:INFO: Loading the datasets...
2018-03-19 18:38:01,143:INFO: - done.
2018-03-19 18:38:03,672:INFO: Starting training for 50 epoch(s)
2018-03-19 18:38:03,673:INFO: Epoch 1/50
2018-03-19 19:00:32,793:INFO: - Train metrics: f1: 0.595 ; accuracy: 0.594 ; loss: 0.678
2018-03-19 19:02:19,302:INFO: - Eval metrics : f1: 0.008 ; accuracy: 0.501 ; loss: 0.692
2018-03-19 19:02:19,302:INFO: - Found new best accuracy
2018-03-19 19:02:19,303:INFO: Epoch 2/50
2018-03-19 19:14:36,313:INFO: - Train metrics: f1: 0.639 ; accuracy: 0.669 ; loss: 0.615
2018-03-19 19:15:54,419:INFO: - Eval metrics : f1: 0.000 ; accuracy: 0.497 ; loss: 0.700
2018-03-19 19:15:54,420:INFO: Epoch 3/50
2018-03-19 19:26:47,742:INFO: - Train metrics: f1: 0.623 ; accuracy: 0.681 ; loss: 0.579
2018-03-19 19:27:56,783:INFO: - Eval metrics : f1: 0.007 ; accuracy: 0.500 ; loss: 0.693
2018-03-19 19:27:56,784:INFO: Epoch 4/50
2018-03-19 19:37:44,052:INFO: - Train metrics: f1: 0.669 ; accuracy: 0.662 ; loss: 0.582
2018-03-19 19:38:39,728:INFO: - Eval metrics : f1: 0.008 ; accuracy: 0.502 ; loss: 0.692
2018-03-19 19:38:39,729:INFO: - Found new best accuracy
2018-03-19 19:38:39,729:INFO: Epoch 5/50
2018-03-19 19:47:45,279:INFO: - Train metrics: f1: 0.755 ; accuracy: 0.725 ; loss: 0.580
2018-03-19 19:48:43,849:INFO: - Eval metrics : f1: 0.000 ; accuracy: 0.499 ; loss: 0.696
2018-03-19 19:48:43,850:INFO: Epoch 6/50
2018-03-19 19:57:26,380:INFO: - Train metrics: f1: 0.703 ; accuracy: 0.700 ; loss: 0.578
2018-03-19 19:58:20,427:INFO: - Eval metrics : f1: 0.665 ; accuracy: 0.504 ; loss: 0.692
2018-03-19 19:58:20,427:INFO: - Found new best accuracy
2018-03-19 19:58:20,427:INFO: Epoch 7/50
2018-03-19 20:06:32,730:INFO: - Train metrics: f1: 0.805 ; accuracy: 0.825 ; loss: 0.404
2018-03-19 20:07:23,653:INFO: - Eval metrics : f1: 0.661 ; accuracy: 0.500 ; loss: 0.694
2018-03-19 20:07:23,653:INFO: Epoch 8/50
2018-03-19 20:15:07,710:INFO: - Train metrics: f1: 0.691 ; accuracy: 0.681 ; loss: 0.546
2018-03-19 20:15:51,547:INFO: - Eval metrics : f1: 0.662 ; accuracy: 0.500 ; loss: 0.692
2018-03-19 20:15:51,547:INFO: Epoch 9/50
2018-03-19 20:21:15,762:INFO: Loading the datasets...
2018-03-19 20:21:16,003:INFO: - done.
2018-03-19 20:21:19,207:INFO: Starting training for 50 epoch(s)
2018-03-19 20:21:19,207:INFO: Epoch 1/50
2018-03-19 20:29:58,326:INFO: - Train metrics: f1: 0.570 ; accuracy: 0.556 ; loss: 0.670
2018-03-19 20:30:49,344:INFO: - Eval metrics : f1: 0.658 ; accuracy: 0.497 ; loss: 0.693
2018-03-19 20:30:49,344:INFO: - Found new best accuracy
2018-03-19 20:30:49,345:INFO: Epoch 2/50
2018-03-19 20:38:41,238:INFO: - Train metrics: f1: 0.617 ; accuracy: 0.600 ; loss: 0.706
2018-03-19 20:39:31,171:INFO: - Eval metrics : f1: 0.658 ; accuracy: 0.496 ; loss: 0.706
2018-03-19 20:39:31,172:INFO: Epoch 3/50
2018-03-19 20:46:55,897:INFO: - Train metrics: f1: 0.648 ; accuracy: 0.650 ; loss: 0.655
2018-03-19 20:47:39,724:INFO: - Eval metrics : f1: 0.008 ; accuracy: 0.505 ; loss: 0.699
2018-03-19 20:47:39,724:INFO: - Found new best accuracy
2018-03-19 20:47:39,724:INFO: Epoch 4/50
2018-03-19 20:56:20,085:INFO: - Train metrics: f1: 0.619 ; accuracy: 0.619 ; loss: 0.618
2018-03-19 20:57:07,691:INFO: - Eval metrics : f1: 0.005 ; accuracy: 0.503 ; loss: 0.719
2018-03-19 20:57:07,692:INFO: Epoch 5/50
2018-03-19 21:05:48,420:INFO: - Train metrics: f1: 0.623 ; accuracy: 0.619 ; loss: 0.575
2018-03-19 21:06:30,831:INFO: - Eval metrics : f1: 0.008 ; accuracy: 0.503 ; loss: 0.695
2018-03-19 21:06:30,832:INFO: Epoch 6/50
2018-03-19 21:14:50,171:INFO: - Train metrics: f1: 0.671 ; accuracy: 0.688 ; loss: 0.576
2018-03-19 21:15:33,423:INFO: - Eval metrics : f1: 0.009 ; accuracy: 0.506 ; loss: 0.692
2018-03-19 21:15:33,423:INFO: - Found new best accuracy
2018-03-19 21:15:33,423:INFO: Epoch 7/50
2018-03-19 21:23:53,331:INFO: - Train metrics: f1: 0.719 ; accuracy: 0.688 ; loss: 0.564
2018-03-19 21:24:37,894:INFO: - Eval metrics : f1: 0.008 ; accuracy: 0.505 ; loss: 0.691
2018-03-19 21:24:37,895:INFO: Epoch 8/50
2018-03-19 21:33:04,102:INFO: - Train metrics: f1: 0.684 ; accuracy: 0.694 ; loss: 0.515
2018-03-19 21:33:44,519:INFO: - Eval metrics : f1: 0.009 ; accuracy: 0.506 ; loss: 0.692
2018-03-19 21:33:44,520:INFO: - Found new best accuracy
2018-03-19 21:33:44,520:INFO: Epoch 9/50
2018-03-19 21:42:02,990:INFO: - Train metrics: f1: 0.726 ; accuracy: 0.731 ; loss: 0.494
2018-03-19 21:42:45,702:INFO: - Eval metrics : f1: 0.010 ; accuracy: 0.506 ; loss: 0.692
2018-03-19 21:42:45,702:INFO: - Found new best accuracy
2018-03-19 21:42:45,703:INFO: Epoch 10/50
2018-03-19 21:50:49,282:INFO: - Train metrics: f1: 0.707 ; accuracy: 0.669 ; loss: 0.515
2018-03-19 21:51:29,702:INFO: - Eval metrics : f1: 0.010 ; accuracy: 0.503 ; loss: 0.694
2018-03-19 21:51:29,702:INFO: Epoch 11/50
2018-03-19 21:59:43,541:INFO: - Train metrics: f1: 0.808 ; accuracy: 0.825 ; loss: 0.403
2018-03-19 22:00:27,043:INFO: - Eval metrics : f1: 0.009 ; accuracy: 0.507 ; loss: 0.699
2018-03-19 22:00:27,043:INFO: - Found new best accuracy
2018-03-19 22:00:27,044:INFO: Epoch 12/50
2018-03-19 22:09:54,825:INFO: - Train metrics: f1: 0.754 ; accuracy: 0.750 ; loss: 0.509
2018-03-19 22:10:38,444:INFO: - Eval metrics : f1: 0.009 ; accuracy: 0.504 ; loss: 0.693
2018-03-19 22:10:38,445:INFO: Epoch 13/50
2018-03-19 22:20:12,367:INFO: - Train metrics: f1: 0.656 ; accuracy: 0.731 ; loss: 0.485
2018-03-19 22:20:56,286:INFO: - Eval metrics : f1: 0.008 ; accuracy: 0.505 ; loss: 0.694
2018-03-19 22:20:56,287:INFO: Epoch 14/50
2018-03-19 22:30:17,212:INFO: - Train metrics: f1: 0.842 ; accuracy: 0.844 ; loss: 0.391
2018-03-19 22:30:58,196:INFO: - Eval metrics : f1: 0.009 ; accuracy: 0.503 ; loss: 0.707
2018-03-19 22:30:58,197:INFO: Epoch 15/50
2018-03-19 22:40:46,568:INFO: - Train metrics: f1: 0.887 ; accuracy: 0.887 ; loss: 0.287
2018-03-19 22:41:28,707:INFO: - Eval metrics : f1: 0.010 ; accuracy: 0.504 ; loss: 0.702
2018-03-19 22:41:28,707:INFO: Epoch 16/50
2018-03-19 22:50:57,490:INFO: - Train metrics: f1: 0.843 ; accuracy: 0.806 ; loss: 0.476
2018-03-19 22:51:39,230:INFO: - Eval metrics : f1: 0.008 ; accuracy: 0.505 ; loss: 0.713
2018-03-19 22:51:39,231:INFO: Epoch 17/50
2018-03-19 23:01:02,457:INFO: - Train metrics: f1: 0.911 ; accuracy: 0.900 ; loss: 0.239
2018-03-19 23:01:43,047:INFO: - Eval metrics : f1: 0.008 ; accuracy: 0.505 ; loss: 0.710
2018-03-19 23:01:43,048:INFO: Epoch 18/50
2018-03-19 23:11:02,154:INFO: - Train metrics: f1: 0.894 ; accuracy: 0.900 ; loss: 0.232
2018-03-19 23:11:42,869:INFO: - Eval metrics : f1: 0.005 ; accuracy: 0.505 ; loss: 0.726
2018-03-19 23:11:42,870:INFO: Epoch 19/50
2018-03-19 23:20:58,070:INFO: - Train metrics: f1: 0.934 ; accuracy: 0.925 ; loss: 0.205
2018-03-19 23:21:38,702:INFO: - Eval metrics : f1: 0.007 ; accuracy: 0.504 ; loss: 0.729
2018-03-19 23:21:38,702:INFO: Epoch 20/50
2018-03-19 23:30:48,710:INFO: - Train metrics: f1: 0.808 ; accuracy: 0.844 ; loss: 0.346
2018-03-19 23:31:30,750:INFO: - Eval metrics : f1: 0.008 ; accuracy: 0.504 ; loss: 0.726
2018-03-19 23:31:30,750:INFO: Epoch 21/50
2018-03-19 23:40:57,869:INFO: - Train metrics: f1: 0.959 ; accuracy: 0.963 ; loss: 0.113
2018-03-19 23:41:38,732:INFO: - Eval metrics : f1: 0.009 ; accuracy: 0.505 ; loss: 0.701
2018-03-19 23:41:38,732:INFO: Epoch 22/50
2018-03-19 23:49:43,997:INFO: - Train metrics: f1: 0.781 ; accuracy: 0.856 ; loss: 0.247
2018-03-19 23:50:23,204:INFO: - Eval metrics : f1: 0.003 ; accuracy: 0.502 ; loss: 0.717
2018-03-19 23:50:23,204:INFO: Epoch 23/50
2018-03-19 23:58:26,867:INFO: - Train metrics: f1: 0.956 ; accuracy: 0.956 ; loss: 0.135
2018-03-19 23:59:04,568:INFO: - Eval metrics : f1: 0.006 ; accuracy: 0.503 ; loss: 0.719
2018-03-19 23:59:04,569:INFO: Epoch 24/50
2018-03-20 00:06:56,854:INFO: - Train metrics: f1: 0.948 ; accuracy: 0.950 ; loss: 0.128
2018-03-20 00:07:35,764:INFO: - Eval metrics : f1: 0.009 ; accuracy: 0.505 ; loss: 0.699
2018-03-20 00:07:35,765:INFO: Epoch 25/50
2018-03-20 00:15:23,866:INFO: - Train metrics: f1: 0.877 ; accuracy: 0.850 ; loss: 0.252
2018-03-20 00:16:03,265:INFO: - Eval metrics : f1: 0.004 ; accuracy: 0.504 ; loss: 0.726
2018-03-20 00:16:03,265:INFO: Epoch 26/50
2018-03-20 00:23:50,440:INFO: - Train metrics: f1: 0.942 ; accuracy: 0.944 ; loss: 0.130
2018-03-20 00:24:28,778:INFO: - Eval metrics : f1: 0.005 ; accuracy: 0.504 ; loss: 0.743
2018-03-20 00:24:28,778:INFO: Epoch 27/50
2018-03-20 00:32:15,661:INFO: - Train metrics: f1: 0.928 ; accuracy: 0.925 ; loss: 0.184
2018-03-20 00:32:53,341:INFO: - Eval metrics : f1: 0.006 ; accuracy: 0.505 ; loss: 0.719
2018-03-20 00:32:53,342:INFO: Epoch 28/50
2018-03-20 00:40:40,137:INFO: - Train metrics: f1: 0.980 ; accuracy: 0.975 ; loss: 0.100
2018-03-20 00:41:16,801:INFO: - Eval metrics : f1: 0.006 ; accuracy: 0.505 ; loss: 0.725
2018-03-20 00:41:16,802:INFO: Epoch 29/50
2018-03-20 00:49:02,785:INFO: - Train metrics: f1: 0.908 ; accuracy: 0.925 ; loss: 0.168
2018-03-20 00:49:40,535:INFO: - Eval metrics : f1: 0.004 ; accuracy: 0.502 ; loss: 0.736
2018-03-20 00:49:40,535:INFO: Epoch 30/50
2018-03-20 00:57:30,839:INFO: - Train metrics: f1: 0.964 ; accuracy: 0.969 ; loss: 0.143
2018-03-20 00:58:08,554:INFO: - Eval metrics : f1: 0.003 ; accuracy: 0.505 ; loss: 0.729
2018-03-20 00:58:08,554:INFO: Epoch 31/50
2018-03-20 01:05:30,462:INFO: - Train metrics: f1: 0.975 ; accuracy: 0.975 ; loss: 0.083
2018-03-20 01:06:06,773:INFO: - Eval metrics : f1: 0.007 ; accuracy: 0.504 ; loss: 0.722
2018-03-20 01:06:06,774:INFO: Epoch 32/50
2018-03-20 01:12:50,907:INFO: - Train metrics: f1: 0.909 ; accuracy: 0.881 ; loss: 0.311
2018-03-20 01:13:18,754:INFO: Loading the datasets...
2018-03-20 01:13:18,958:INFO: - done.
2018-03-20 01:13:21,673:INFO: Starting training for 50 epoch(s)
2018-03-20 01:13:21,673:INFO: Epoch 1/50
2018-03-20 01:35:41,359:INFO: - Train metrics: f1: 0.633 ; accuracy: 0.621 ; loss: 0.656
2018-03-20 01:36:33,645:INFO: - Eval metrics : f1: 0.649 ; accuracy: 0.485 ; loss: 0.694
2018-03-20 01:36:33,646:INFO: - Found new best accuracy
2018-03-20 01:36:33,646:INFO: Epoch 2/50
2018-03-20 01:58:29,292:INFO: - Train metrics: f1: 0.657 ; accuracy: 0.662 ; loss: 0.613
2018-03-20 01:59:19,825:INFO: - Eval metrics : f1: 0.652 ; accuracy: 0.488 ; loss: 0.693
2018-03-20 01:59:19,825:INFO: - Found new best accuracy
2018-03-20 01:59:19,826:INFO: Epoch 3/50
2018-03-20 02:20:44,317:INFO: - Train metrics: f1: 0.622 ; accuracy: 0.610 ; loss: 0.647
2018-03-20 02:21:33,575:INFO: - Eval metrics : f1: 0.649 ; accuracy: 0.485 ; loss: 0.728
2018-03-20 02:21:33,576:INFO: Epoch 4/50
2018-03-20 02:42:16,542:INFO: - Train metrics: f1: 0.638 ; accuracy: 0.677 ; loss: 0.596
2018-03-20 02:43:05,293:INFO: - Eval metrics : f1: 0.649 ; accuracy: 0.485 ; loss: 0.696
2018-03-20 02:43:05,294:INFO: Epoch 5/50
2018-03-20 03:03:29,012:INFO: - Train metrics: f1: 0.672 ; accuracy: 0.688 ; loss: 0.567
2018-03-20 03:04:17,931:INFO: - Eval metrics : f1: 0.648 ; accuracy: 0.484 ; loss: 0.695
2018-03-20 03:04:17,932:INFO: Epoch 6/50
2018-03-20 03:24:46,772:INFO: - Train metrics: f1: 0.725 ; accuracy: 0.727 ; loss: 0.528
2018-03-20 03:25:35,271:INFO: - Eval metrics : f1: 0.652 ; accuracy: 0.489 ; loss: 0.691
2018-03-20 03:25:35,271:INFO: - Found new best accuracy
2018-03-20 03:25:35,271:INFO: Epoch 7/50
2018-03-20 03:45:56,403:INFO: - Train metrics: f1: 0.708 ; accuracy: 0.702 ; loss: 0.564
2018-03-20 03:46:45,714:INFO: - Eval metrics : f1: 0.650 ; accuracy: 0.485 ; loss: 0.702
2018-03-20 03:46:45,715:INFO: Epoch 8/50
2018-03-20 04:06:42,157:INFO: - Train metrics: f1: 0.728 ; accuracy: 0.727 ; loss: 0.541
2018-03-20 04:07:28,993:INFO: - Eval metrics : f1: 0.012 ; accuracy: 0.515 ; loss: 0.691
2018-03-20 04:07:28,993:INFO: - Found new best accuracy
2018-03-20 04:07:28,993:INFO: Epoch 9/50
2018-03-20 04:26:47,249:INFO: - Train metrics: f1: 0.704 ; accuracy: 0.681 ; loss: 0.565
2018-03-20 04:27:33,716:INFO: - Eval metrics : f1: 0.649 ; accuracy: 0.486 ; loss: 0.708
2018-03-20 04:27:33,717:INFO: Epoch 10/50
2018-03-20 04:46:46,915:INFO: - Train metrics: f1: 0.714 ; accuracy: 0.710 ; loss: 0.509
2018-03-20 04:47:33,875:INFO: - Eval metrics : f1: 0.012 ; accuracy: 0.515 ; loss: 0.695
2018-03-20 04:47:33,875:INFO: Epoch 11/50
2018-03-20 05:06:46,143:INFO: - Train metrics: f1: 0.764 ; accuracy: 0.767 ; loss: 0.481
2018-03-20 05:07:32,287:INFO: - Eval metrics : f1: 0.012 ; accuracy: 0.515 ; loss: 0.691
2018-03-20 05:07:32,287:INFO: - Found new best accuracy
2018-03-20 05:07:32,287:INFO: Epoch 12/50
2018-03-20 05:26:49,426:INFO: - Train metrics: f1: 0.763 ; accuracy: 0.740 ; loss: 0.511
2018-03-20 05:27:35,884:INFO: - Eval metrics : f1: 0.000 ; accuracy: 0.511 ; loss: 0.699
2018-03-20 05:27:35,885:INFO: Epoch 13/50
2018-03-20 05:46:49,860:INFO: - Train metrics: f1: 0.789 ; accuracy: 0.790 ; loss: 0.437
2018-03-20 05:47:36,130:INFO: - Eval metrics : f1: 0.000 ; accuracy: 0.512 ; loss: 0.741
2018-03-20 05:47:36,130:INFO: Epoch 14/50
2018-03-20 06:06:50,998:INFO: - Train metrics: f1: 0.794 ; accuracy: 0.794 ; loss: 0.424
2018-03-20 06:07:37,927:INFO: - Eval metrics : f1: 0.011 ; accuracy: 0.516 ; loss: 0.690
2018-03-20 06:07:37,927:INFO: - Found new best accuracy
2018-03-20 06:07:37,927:INFO: Epoch 15/50
2018-03-20 06:26:49,018:INFO: - Train metrics: f1: 0.774 ; accuracy: 0.765 ; loss: 0.437
2018-03-20 06:27:35,038:INFO: - Eval metrics : f1: 0.011 ; accuracy: 0.515 ; loss: 0.691
2018-03-20 06:27:35,039:INFO: Epoch 16/50
2018-03-20 06:46:40,925:INFO: - Train metrics: f1: 0.776 ; accuracy: 0.767 ; loss: 0.458
2018-03-20 06:47:27,053:INFO: - Eval metrics : f1: 0.012 ; accuracy: 0.515 ; loss: 0.690
2018-03-20 06:47:27,053:INFO: Epoch 17/50
2018-03-20 07:06:34,651:INFO: - Train metrics: f1: 0.794 ; accuracy: 0.804 ; loss: 0.413
2018-03-20 07:07:20,657:INFO: - Eval metrics : f1: 0.012 ; accuracy: 0.515 ; loss: 0.691
2018-03-20 07:07:20,658:INFO: Epoch 18/50
2018-03-20 07:26:25,715:INFO: - Train metrics: f1: 0.842 ; accuracy: 0.846 ; loss: 0.368
2018-03-20 07:27:12,089:INFO: - Eval metrics : f1: 0.000 ; accuracy: 0.512 ; loss: 0.716
2018-03-20 07:27:12,090:INFO: Epoch 19/50
2018-03-20 07:46:12,773:INFO: - Train metrics: f1: 0.777 ; accuracy: 0.827 ; loss: 0.383
2018-03-20 07:46:59,118:INFO: - Eval metrics : f1: 0.012 ; accuracy: 0.515 ; loss: 0.691
2018-03-20 07:46:59,119:INFO: Epoch 20/50
2018-03-20 08:06:02,687:INFO: - Train metrics: f1: 0.822 ; accuracy: 0.823 ; loss: 0.378
2018-03-20 08:06:48,693:INFO: - Eval metrics : f1: 0.000 ; accuracy: 0.512 ; loss: 0.696
2018-03-20 08:06:48,693:INFO: Epoch 21/50
2018-03-20 08:25:51,294:INFO: - Train metrics: f1: 0.850 ; accuracy: 0.842 ; loss: 0.365
2018-03-20 08:26:37,130:INFO: - Eval metrics : f1: 0.011 ; accuracy: 0.515 ; loss: 0.692
2018-03-20 08:26:37,131:INFO: Epoch 22/50
2018-03-20 08:45:36,919:INFO: - Train metrics: f1: 0.823 ; accuracy: 0.825 ; loss: 0.378
2018-03-20 08:46:23,022:INFO: - Eval metrics : f1: 0.000 ; accuracy: 0.512 ; loss: 0.776
2018-03-20 08:46:23,023:INFO: Epoch 23/50
2018-03-20 09:05:25,296:INFO: - Train metrics: f1: 0.861 ; accuracy: 0.885 ; loss: 0.313
2018-03-20 09:06:11,409:INFO: - Eval metrics : f1: 0.000 ; accuracy: 0.512 ; loss: 0.776
2018-03-20 09:06:11,410:INFO: Epoch 24/50
2018-03-20 09:25:08,472:INFO: - Train metrics: f1: 0.907 ; accuracy: 0.900 ; loss: 0.245
2018-03-20 09:25:54,991:INFO: - Eval metrics : f1: 0.013 ; accuracy: 0.516 ; loss: 0.691
2018-03-20 09:25:54,991:INFO: Epoch 25/50
2018-03-20 09:45:04,530:INFO: - Train metrics: f1: 0.828 ; accuracy: 0.831 ; loss: 0.355
2018-03-20 09:45:50,649:INFO: - Eval metrics : f1: 0.000 ; accuracy: 0.512 ; loss: 0.745
2018-03-20 09:45:50,649:INFO: Epoch 26/50
2018-03-20 10:04:57,173:INFO: - Train metrics: f1: 0.840 ; accuracy: 0.815 ; loss: 0.377
2018-03-20 10:05:41,189:INFO: - Eval metrics : f1: 0.000 ; accuracy: 0.513 ; loss: 0.697
2018-03-20 10:05:41,189:INFO: Epoch 27/50
2018-03-20 10:21:40,088:INFO: - Train metrics: f1: 0.912 ; accuracy: 0.910 ; loss: 0.258
2018-03-20 10:22:24,147:INFO: - Eval metrics : f1: 0.014 ; accuracy: 0.516 ; loss: 0.696
2018-03-20 10:22:24,147:INFO: - Found new best accuracy
2018-03-20 10:22:24,147:INFO: Epoch 28/50
2018-03-20 10:38:21,691:INFO: - Train metrics: f1: 0.823 ; accuracy: 0.858 ; loss: 0.293
2018-03-20 10:39:05,561:INFO: - Eval metrics : f1: 0.000 ; accuracy: 0.512 ; loss: 0.773
2018-03-20 10:39:05,561:INFO: Epoch 29/50
2018-03-20 10:55:06,733:INFO: - Train metrics: f1: 0.836 ; accuracy: 0.858 ; loss: 0.318
2018-03-20 10:55:50,665:INFO: - Eval metrics : f1: 0.011 ; accuracy: 0.515 ; loss: 0.695
2018-03-20 10:55:50,666:INFO: Epoch 30/50
2018-03-20 11:11:53,991:INFO: - Train metrics: f1: 0.818 ; accuracy: 0.863 ; loss: 0.303
2018-03-20 11:12:38,161:INFO: - Eval metrics : f1: 0.000 ; accuracy: 0.512 ; loss: 0.718
2018-03-20 11:12:38,162:INFO: Epoch 31/50
2018-03-20 11:28:32,199:INFO: - Train metrics: f1: 0.941 ; accuracy: 0.940 ; loss: 0.187
2018-03-20 11:29:15,914:INFO: - Eval metrics : f1: 0.000 ; accuracy: 0.512 ; loss: 0.785
2018-03-20 11:29:15,915:INFO: Epoch 32/50
2018-03-20 11:45:17,108:INFO: - Train metrics: f1: 0.885 ; accuracy: 0.915 ; loss: 0.223
2018-03-20 11:46:00,651:INFO: - Eval metrics : f1: 0.000 ; accuracy: 0.512 ; loss: 0.735
2018-03-20 11:46:00,652:INFO: Epoch 33/50
2018-03-20 12:01:55,095:INFO: - Train metrics: f1: 0.861 ; accuracy: 0.896 ; loss: 0.318
2018-03-20 12:02:38,804:INFO: - Eval metrics : f1: 0.012 ; accuracy: 0.515 ; loss: 0.701
2018-03-20 12:02:38,804:INFO: Epoch 34/50
2018-03-20 12:18:35,500:INFO: - Train metrics: f1: 0.877 ; accuracy: 0.900 ; loss: 0.237
2018-03-20 12:19:19,492:INFO: - Eval metrics : f1: 0.013 ; accuracy: 0.516 ; loss: 0.704
2018-03-20 12:19:19,493:INFO: Epoch 35/50
2018-03-20 12:35:15,340:INFO: - Train metrics: f1: 0.866 ; accuracy: 0.894 ; loss: 0.236
2018-03-20 12:35:59,270:INFO: - Eval metrics : f1: 0.000 ; accuracy: 0.511 ; loss: 0.797
2018-03-20 12:35:59,271:INFO: Epoch 36/50
2018-03-20 12:53:38,186:INFO: - Train metrics: f1: 0.915 ; accuracy: 0.917 ; loss: 0.188
2018-03-20 12:54:29,151:INFO: - Eval metrics : f1: 0.000 ; accuracy: 0.513 ; loss: 0.777
2018-03-20 12:54:29,152:INFO: Epoch 37/50
2018-03-20 13:11:15,883:INFO: - Train metrics: f1: 0.966 ; accuracy: 0.965 ; loss: 0.136
2018-03-20 13:12:03,644:INFO: - Eval metrics : f1: 0.000 ; accuracy: 0.512 ; loss: 0.707
2018-03-20 13:12:03,645:INFO: Epoch 38/50
2018-03-20 13:30:14,283:INFO: - Train metrics: f1: 0.884 ; accuracy: 0.917 ; loss: 0.223
2018-03-20 13:31:05,181:INFO: - Eval metrics : f1: 0.000 ; accuracy: 0.512 ; loss: 0.719
2018-03-20 13:31:05,182:INFO: Epoch 39/50
2018-03-20 13:49:39,918:INFO: - Train metrics: f1: 0.814 ; accuracy: 0.871 ; loss: 0.265
2018-03-20 13:50:21,898:INFO: - Eval metrics : f1: 0.010 ; accuracy: 0.515 ; loss: 0.711
2018-03-20 13:50:21,899:INFO: Epoch 40/50
2018-03-20 14:05:31,817:INFO: - Train metrics: f1: 0.942 ; accuracy: 0.944 ; loss: 0.157
2018-03-20 14:06:12,328:INFO: - Eval metrics : f1: 0.011 ; accuracy: 0.515 ; loss: 0.709
2018-03-20 14:06:12,329:INFO: Epoch 41/50
2018-03-20 14:21:08,257:INFO: - Train metrics: f1: 0.804 ; accuracy: 0.852 ; loss: 0.318
2018-03-20 14:21:48,639:INFO: - Eval metrics : f1: 0.000 ; accuracy: 0.512 ; loss: 0.750
2018-03-20 14:21:48,640:INFO: Epoch 42/50
2018-03-20 14:37:35,806:INFO: - Train metrics: f1: 0.895 ; accuracy: 0.929 ; loss: 0.170
2018-03-20 14:38:15,854:INFO: - Eval metrics : f1: 0.010 ; accuracy: 0.515 ; loss: 0.714
2018-03-20 14:38:15,854:INFO: Epoch 43/50
2018-03-20 14:53:03,919:INFO: - Train metrics: f1: 0.923 ; accuracy: 0.923 ; loss: 0.178
2018-03-20 14:53:43,976:INFO: - Eval metrics : f1: 0.011 ; accuracy: 0.516 ; loss: 0.713
2018-03-20 14:53:43,976:INFO: - Found new best accuracy
2018-03-20 14:53:43,977:INFO: Epoch 44/50
2018-03-20 15:08:31,073:INFO: - Train metrics: f1: 0.911 ; accuracy: 0.938 ; loss: 0.186
2018-03-20 15:09:11,446:INFO: - Eval metrics : f1: 0.000 ; accuracy: 0.512 ; loss: 0.787
2018-03-20 15:09:11,446:INFO: Epoch 45/50
2018-03-20 15:24:20,117:INFO: - Train metrics: f1: 0.951 ; accuracy: 0.954 ; loss: 0.141
2018-03-20 15:25:02,003:INFO: - Eval metrics : f1: 0.012 ; accuracy: 0.515 ; loss: 0.705
2018-03-20 15:25:02,004:INFO: Epoch 46/50
2018-03-20 15:40:16,143:INFO: - Train metrics: f1: 0.944 ; accuracy: 0.952 ; loss: 0.131
2018-03-20 15:40:57,618:INFO: - Eval metrics : f1: 0.000 ; accuracy: 0.512 ; loss: 0.795
2018-03-20 15:40:57,619:INFO: Epoch 47/50
2018-03-20 15:56:08,594:INFO: - Train metrics: f1: 0.928 ; accuracy: 0.921 ; loss: 0.247
2018-03-20 15:56:50,296:INFO: - Eval metrics : f1: 0.012 ; accuracy: 0.515 ; loss: 0.744
2018-03-20 15:56:50,297:INFO: Epoch 48/50
2018-03-20 16:11:34,874:INFO: - Train metrics: f1: 0.910 ; accuracy: 0.931 ; loss: 0.182
2018-03-20 16:12:15,004:INFO: - Eval metrics : f1: 0.011 ; accuracy: 0.515 ; loss: 0.713
2018-03-20 16:12:15,005:INFO: Epoch 49/50
2018-03-20 16:26:55,414:INFO: - Train metrics: f1: 0.856 ; accuracy: 0.910 ; loss: 0.174
2018-03-20 16:27:35,519:INFO: - Eval metrics : f1: 0.012 ; accuracy: 0.515 ; loss: 0.730
2018-03-20 16:27:35,520:INFO: Epoch 50/50
2018-03-20 16:42:17,276:INFO: - Train metrics: f1: 0.869 ; accuracy: 0.887 ; loss: 0.228
2018-03-20 16:42:57,257:INFO: - Eval metrics : f1: 0.000 ; accuracy: 0.512 ; loss: 0.753
2018-04-18 20:47:10,701:INFO: Loading the datasets...
2018-04-18 20:47:11,121:INFO: - done.
2018-04-18 20:47:17,376:INFO: Starting training for 50 epoch(s)
2018-04-18 20:47:17,376:INFO: Epoch 1/50
2018-04-18 21:36:58,669:INFO: - Train metrics: f1: 0.627 ; accuracy: 0.583 ; loss: 0.667
2018-04-18 21:40:02,003:INFO: - Eval metrics : f1: 0.000 ; accuracy: 0.000 ; loss: 0.726
2018-04-18 21:40:02,003:INFO: - Found new best accuracy
2018-04-18 21:40:02,014:INFO: Epoch 2/50
2018-04-18 22:13:33,213:INFO: - Train metrics: f1: 0.745 ; accuracy: 0.723 ; loss: 0.566
2018-04-18 22:15:46,964:INFO: - Eval metrics : f1: 0.000 ; accuracy: 0.001 ; loss: 0.736
2018-04-18 22:15:46,965:INFO: - Found new best accuracy
2018-04-18 22:15:46,991:INFO: Epoch 3/50
2018-04-18 22:46:05,519:INFO: - Train metrics: f1: 0.729 ; accuracy: 0.696 ; loss: 0.568
2018-04-18 22:48:03,351:INFO: - Eval metrics : f1: 0.000 ; accuracy: 0.000 ; loss: 0.732
2018-04-18 22:48:03,359:INFO: Epoch 4/50
2018-04-18 23:17:02,016:INFO: - Train metrics: f1: 0.717 ; accuracy: 0.658 ; loss: 0.595
2018-04-18 23:19:00,599:INFO: - Eval metrics : f1: 0.000 ; accuracy: 0.000 ; loss: 0.734
2018-04-18 23:19:00,600:INFO: Epoch 5/50
2018-04-18 23:46:28,879:INFO: - Train metrics: f1: 0.718 ; accuracy: 0.679 ; loss: 0.561
2018-04-18 23:48:16,369:INFO: - Eval metrics : f1: 0.000 ; accuracy: 0.001 ; loss: 0.738
2018-04-18 23:48:16,370:INFO: - Found new best accuracy
2018-04-18 23:48:16,370:INFO: Epoch 6/50
2018-04-19 00:14:30,089:INFO: - Train metrics: f1: 0.724 ; accuracy: 0.688 ; loss: 0.559
2018-04-19 00:16:14,297:INFO: - Eval metrics : f1: 0.000 ; accuracy: 0.000 ; loss: 0.728
2018-04-19 00:16:14,297:INFO: Epoch 7/50
2018-04-19 00:42:15,726:INFO: - Train metrics: f1: 0.746 ; accuracy: 0.708 ; loss: 0.539
2018-04-19 00:43:49,819:INFO: - Eval metrics : f1: 0.000 ; accuracy: 0.001 ; loss: 0.726
2018-04-19 00:43:49,819:INFO: - Found new best accuracy
2018-04-19 00:43:49,820:INFO: Epoch 8/50
2018-04-19 01:09:50,848:INFO: - Train metrics: f1: 0.763 ; accuracy: 0.735 ; loss: 0.523
2018-04-19 01:11:25,896:INFO: - Eval metrics : f1: 0.000 ; accuracy: 0.001 ; loss: 0.728
2018-04-19 01:11:25,897:INFO: Epoch 9/50
2018-04-19 01:37:11,752:INFO: - Train metrics: f1: 0.772 ; accuracy: 0.729 ; loss: 0.517
2018-04-19 01:38:39,844:INFO: - Eval metrics : f1: 0.000 ; accuracy: 0.001 ; loss: 0.742
2018-04-19 01:38:39,845:INFO: Epoch 10/50
2018-04-19 02:04:25,721:INFO: - Train metrics: f1: 0.810 ; accuracy: 0.798 ; loss: 0.440
2018-04-19 02:05:56,357:INFO: - Eval metrics : f1: 0.000 ; accuracy: 0.001 ; loss: 0.718
2018-04-19 02:05:56,358:INFO: Epoch 11/50
2018-04-19 02:31:39,115:INFO: - Train metrics: f1: 0.792 ; accuracy: 0.769 ; loss: 0.469
2018-04-19 02:33:11,681:INFO: - Eval metrics : f1: 0.000 ; accuracy: 0.000 ; loss: 0.744
2018-04-19 02:33:11,681:INFO: Epoch 12/50
2018-04-19 02:59:00,656:INFO: - Train metrics: f1: 0.790 ; accuracy: 0.758 ; loss: 0.471
2018-04-19 03:00:35,991:INFO: - Eval metrics : f1: 0.000 ; accuracy: 0.001 ; loss: 0.725
2018-04-19 03:00:36,005:INFO: Epoch 13/50
2018-04-19 03:25:58,655:INFO: - Train metrics: f1: 0.819 ; accuracy: 0.802 ; loss: 0.425
2018-04-19 03:27:23,068:INFO: - Eval metrics : f1: 0.000 ; accuracy: 0.000 ; loss: 0.726
2018-04-19 03:27:23,069:INFO: Epoch 14/50
2018-04-19 03:52:18,144:INFO: - Train metrics: f1: 0.819 ; accuracy: 0.779 ; loss: 0.466
2018-04-19 03:53:45,106:INFO: - Eval metrics : f1: 0.000 ; accuracy: 0.000 ; loss: 0.741
2018-04-19 03:53:45,118:INFO: Epoch 15/50
2018-04-19 04:19:02,949:INFO: - Train metrics: f1: 0.809 ; accuracy: 0.785 ; loss: 0.466
2018-04-19 04:20:30,213:INFO: - Eval metrics : f1: 0.000 ; accuracy: 0.001 ; loss: 0.737
2018-04-19 04:20:30,243:INFO: Epoch 16/50
2018-04-19 04:45:28,506:INFO: - Train metrics: f1: 0.810 ; accuracy: 0.781 ; loss: 0.452
2018-04-19 04:46:58,650:INFO: - Eval metrics : f1: 0.000 ; accuracy: 0.000 ; loss: 0.731
2018-04-19 04:46:58,651:INFO: Epoch 17/50
2018-04-19 05:10:58,153:INFO: - Train metrics: f1: 0.826 ; accuracy: 0.806 ; loss: 0.453
2018-04-19 05:12:26,537:INFO: - Eval metrics : f1: 0.000 ; accuracy: 0.001 ; loss: 0.734
2018-04-19 05:12:26,537:INFO: - Found new best accuracy
2018-04-19 05:12:26,537:INFO: Epoch 18/50
2018-04-19 05:36:47,367:INFO: - Train metrics: f1: 0.865 ; accuracy: 0.829 ; loss: 0.391
2018-04-19 05:38:12,206:INFO: - Eval metrics : f1: 0.000 ; accuracy: 0.001 ; loss: 0.711
2018-04-19 05:38:12,207:INFO: Epoch 19/50
2018-04-19 06:02:26,406:INFO: - Train metrics: f1: 0.843 ; accuracy: 0.819 ; loss: 0.407
2018-04-19 06:03:51,932:INFO: - Eval metrics : f1: 0.000 ; accuracy: 0.000 ; loss: 0.703
2018-04-19 06:03:51,946:INFO: Epoch 20/50
2018-04-19 06:27:54,493:INFO: - Train metrics: f1: 0.840 ; accuracy: 0.812 ; loss: 0.417
2018-04-19 06:29:16,442:INFO: - Eval metrics : f1: 0.000 ; accuracy: 0.001 ; loss: 0.759
2018-04-19 06:29:16,442:INFO: Epoch 21/50
2018-04-19 06:53:21,925:INFO: - Train metrics: f1: 0.871 ; accuracy: 0.846 ; loss: 0.358
2018-04-19 06:54:51,343:INFO: - Eval metrics : f1: 0.000 ; accuracy: 0.001 ; loss: 0.715
2018-04-19 06:54:51,344:INFO: Epoch 22/50
2018-04-19 07:18:46,465:INFO: - Train metrics: f1: 0.866 ; accuracy: 0.835 ; loss: 0.359
2018-04-19 07:20:11,555:INFO: - Eval metrics : f1: 0.000 ; accuracy: 0.000 ; loss: 0.711
2018-04-19 07:20:11,555:INFO: Epoch 23/50
2018-04-19 07:45:46,477:INFO: - Train metrics: f1: 0.828 ; accuracy: 0.798 ; loss: 0.398
2018-04-19 07:47:21,390:INFO: - Eval metrics : f1: 0.000 ; accuracy: 0.999 ; loss: 0.700
2018-04-19 07:47:21,391:INFO: - Found new best accuracy
2018-04-19 07:47:21,391:INFO: Epoch 24/50
2018-04-19 08:12:19,007:INFO: - Train metrics: f1: 0.857 ; accuracy: 0.821 ; loss: 0.445
2018-04-19 08:13:42,282:INFO: - Eval metrics : f1: 0.000 ; accuracy: 0.001 ; loss: 0.722
2018-04-19 08:13:42,283:INFO: Epoch 25/50
2018-04-19 08:38:19,855:INFO: - Train metrics: f1: 0.903 ; accuracy: 0.873 ; loss: 0.322
2018-04-19 08:39:41,794:INFO: - Eval metrics : f1: 0.000 ; accuracy: 0.999 ; loss: 0.679
2018-04-19 08:39:41,794:INFO: - Found new best accuracy
2018-04-19 08:39:41,795:INFO: Epoch 26/50
2018-04-19 09:04:16,311:INFO: - Train metrics: f1: 0.908 ; accuracy: 0.898 ; loss: 0.287
2018-04-19 09:05:42,106:INFO: - Eval metrics : f1: 0.000 ; accuracy: 1.000 ; loss: 0.685
2018-04-19 09:05:42,107:INFO: - Found new best accuracy
2018-04-19 09:05:42,107:INFO: Epoch 27/50
2018-04-19 09:30:03,641:INFO: - Train metrics: f1: 0.908 ; accuracy: 0.881 ; loss: 0.305
2018-04-19 09:31:32,206:INFO: - Eval metrics : f1: 0.000 ; accuracy: 0.999 ; loss: 0.647
2018-04-19 09:31:32,206:INFO: Epoch 28/50
2018-04-19 09:55:48,465:INFO: - Train metrics: f1: 0.893 ; accuracy: 0.873 ; loss: 0.309
2018-04-19 09:57:13,367:INFO: - Eval metrics : f1: 0.000 ; accuracy: 0.999 ; loss: 0.668
2018-04-19 09:57:13,368:INFO: Epoch 29/50
2018-04-19 10:21:24,499:INFO: - Train metrics: f1: 0.958 ; accuracy: 0.952 ; loss: 0.183
2018-04-19 10:22:40,179:INFO: - Eval metrics : f1: 0.000 ; accuracy: 0.999 ; loss: 0.645
2018-04-19 10:22:40,180:INFO: Epoch 30/50
2018-04-19 10:47:14,616:INFO: - Train metrics: f1: 0.840 ; accuracy: 0.835 ; loss: 0.342
2018-04-19 10:48:45,860:INFO: - Eval metrics : f1: 0.000 ; accuracy: 1.000 ; loss: 0.641
2018-04-19 10:48:45,861:INFO: - Found new best accuracy
2018-04-19 10:48:45,861:INFO: Epoch 31/50
2018-04-19 11:13:03,791:INFO: - Train metrics: f1: 0.870 ; accuracy: 0.879 ; loss: 0.266
2018-04-19 11:14:30,714:INFO: - Eval metrics : f1: 0.000 ; accuracy: 0.001 ; loss: 0.735
2018-04-19 11:14:30,714:INFO: Epoch 32/50
2018-04-19 11:38:24,161:INFO: - Train metrics: f1: 0.885 ; accuracy: 0.867 ; loss: 0.319
2018-04-19 11:39:46,587:INFO: - Eval metrics : f1: 0.000 ; accuracy: 1.000 ; loss: 0.680
2018-04-19 11:39:46,588:INFO: Epoch 33/50
2018-04-19 12:03:34,401:INFO: - Train metrics: f1: 0.888 ; accuracy: 0.877 ; loss: 0.251
2018-04-19 12:05:05,011:INFO: - Eval metrics : f1: 0.000 ; accuracy: 0.999 ; loss: 0.647
2018-04-19 12:05:05,012:INFO: Epoch 34/50
2018-04-19 12:29:31,669:INFO: - Train metrics: f1: 0.916 ; accuracy: 0.923 ; loss: 0.218
2018-04-19 12:30:55,199:INFO: - Eval metrics : f1: 0.000 ; accuracy: 1.000 ; loss: 0.588
2018-04-19 12:30:55,199:INFO: - Found new best accuracy
2018-04-19 12:30:55,214:INFO: Epoch 35/50
2018-04-19 12:55:06,300:INFO: - Train metrics: f1: 0.857 ; accuracy: 0.863 ; loss: 0.270
2018-04-19 12:56:25,896:INFO: - Eval metrics : f1: 0.000 ; accuracy: 0.999 ; loss: 0.597
2018-04-19 12:56:25,897:INFO: Epoch 36/50
2018-04-19 13:20:15,547:INFO: - Train metrics: f1: 0.882 ; accuracy: 0.871 ; loss: 0.272
2018-04-19 13:21:35,733:INFO: - Eval metrics : f1: 0.000 ; accuracy: 1.000 ; loss: 0.639
2018-04-19 13:21:35,734:INFO: Epoch 37/50
2018-04-19 13:45:45,697:INFO: - Train metrics: f1: 0.905 ; accuracy: 0.896 ; loss: 0.219
2018-04-19 13:47:05,216:INFO: - Eval metrics : f1: 0.000 ; accuracy: 0.999 ; loss: 0.690
2018-04-19 13:47:05,217:INFO: Epoch 38/50
2018-04-19 14:11:08,788:INFO: - Train metrics: f1: 0.900 ; accuracy: 0.910 ; loss: 0.215
2018-04-19 14:12:35,251:INFO: - Eval metrics : f1: 0.000 ; accuracy: 0.999 ; loss: 0.627
2018-04-19 14:12:35,274:INFO: Epoch 39/50
2018-04-19 14:36:17,085:INFO: - Train metrics: f1: 0.923 ; accuracy: 0.904 ; loss: 0.214
2018-04-19 14:37:36,109:INFO: - Eval metrics : f1: 0.000 ; accuracy: 1.000 ; loss: 0.612
2018-04-19 14:37:36,109:INFO: Epoch 40/50
2018-04-19 15:00:29,911:INFO: - Train metrics: f1: 0.917 ; accuracy: 0.904 ; loss: 0.218
2018-04-19 15:01:42,017:INFO: - Eval metrics : f1: 0.000 ; accuracy: 0.999 ; loss: 0.644
2018-04-19 15:01:42,033:INFO: Epoch 41/50
2018-04-19 15:24:35,837:INFO: - Train metrics: f1: 0.960 ; accuracy: 0.956 ; loss: 0.152
2018-04-19 15:25:48,401:INFO: - Eval metrics : f1: 0.000 ; accuracy: 1.000 ; loss: 0.624
2018-04-19 15:25:48,401:INFO: - Found new best accuracy
2018-04-19 15:25:48,435:INFO: Epoch 42/50
2018-04-19 15:48:33,107:INFO: - Train metrics: f1: 0.836 ; accuracy: 0.840 ; loss: 0.296
2018-04-19 15:49:38,255:INFO: - Eval metrics : f1: 0.000 ; accuracy: 0.999 ; loss: 0.612
2018-04-19 15:49:38,256:INFO: Epoch 43/50
2018-04-19 16:11:45,350:INFO: - Train metrics: f1: 0.880 ; accuracy: 0.854 ; loss: 0.277
2018-04-19 16:12:46,452:INFO: - Eval metrics : f1: 0.000 ; accuracy: 0.999 ; loss: 0.585
2018-04-19 16:12:46,453:INFO: Epoch 44/50
2018-04-19 16:34:54,748:INFO: - Train metrics: f1: 0.948 ; accuracy: 0.933 ; loss: 0.232
2018-04-19 16:35:57,450:INFO: - Eval metrics : f1: 0.000 ; accuracy: 1.000 ; loss: 0.651
2018-04-19 16:35:57,451:INFO: - Found new best accuracy
2018-04-19 16:35:57,480:INFO: Epoch 45/50
