2018-03-19 18:38:18,307:INFO: Loading the datasets...
2018-03-19 18:38:18,534:INFO: - done.
2018-03-19 18:38:22,803:INFO: Starting training for 50 epoch(s)
2018-03-19 18:38:22,807:INFO: Epoch 1/50
2018-03-19 19:02:06,565:INFO: - Train metrics: f1: 0.617 ; accuracy: 0.569 ; loss: 0.684
2018-03-19 19:03:56,159:INFO: - Eval metrics : f1: 0.515 ; accuracy: 0.546 ; loss: 0.676
2018-03-19 19:03:56,162:INFO: - Found new best accuracy
2018-03-19 19:03:56,163:INFO: Epoch 2/50
2018-03-19 19:18:06,189:INFO: - Train metrics: f1: 0.577 ; accuracy: 0.606 ; loss: 0.675
2018-03-19 19:19:31,341:INFO: - Eval metrics : f1: 0.451 ; accuracy: 0.557 ; loss: 0.671
2018-03-19 19:19:31,345:INFO: - Found new best accuracy
2018-03-19 19:19:31,346:INFO: Epoch 3/50
2018-03-19 19:32:03,807:INFO: - Train metrics: f1: 0.432 ; accuracy: 0.500 ; loss: 0.678
2018-03-19 19:33:21,095:INFO: - Eval metrics : f1: 0.478 ; accuracy: 0.559 ; loss: 0.672
2018-03-19 19:33:21,098:INFO: - Found new best accuracy
2018-03-19 19:33:21,099:INFO: Epoch 4/50
2018-03-19 19:44:58,577:INFO: - Train metrics: f1: 0.544 ; accuracy: 0.631 ; loss: 0.635
2018-03-19 19:46:07,988:INFO: - Eval metrics : f1: 0.527 ; accuracy: 0.571 ; loss: 0.661
2018-03-19 19:46:07,991:INFO: - Found new best accuracy
2018-03-19 19:46:07,992:INFO: Epoch 5/50
2018-03-19 19:57:10,481:INFO: - Train metrics: f1: 0.582 ; accuracy: 0.631 ; loss: 0.629
2018-03-19 19:58:11,087:INFO: - Eval metrics : f1: 0.395 ; accuracy: 0.554 ; loss: 0.669
2018-03-19 19:58:11,091:INFO: Epoch 6/50
2018-03-19 20:08:44,294:INFO: - Train metrics: f1: 0.470 ; accuracy: 0.594 ; loss: 0.642
2018-03-19 20:09:41,343:INFO: - Eval metrics : f1: 0.518 ; accuracy: 0.574 ; loss: 0.665
2018-03-19 20:09:41,347:INFO: - Found new best accuracy
2018-03-19 20:09:41,348:INFO: Epoch 7/50
2018-03-19 20:19:55,968:INFO: - Train metrics: f1: 0.576 ; accuracy: 0.600 ; loss: 0.641
2018-03-19 20:20:48,770:INFO: - Eval metrics : f1: 0.530 ; accuracy: 0.593 ; loss: 0.656
2018-03-19 20:20:48,774:INFO: - Found new best accuracy
2018-03-19 20:20:48,774:INFO: Epoch 8/50
2018-03-19 20:21:30,442:INFO: Loading the datasets...
2018-03-19 20:21:30,693:INFO: - done.
2018-03-19 20:21:34,871:INFO: Starting training for 50 epoch(s)
2018-03-19 20:21:34,871:INFO: Epoch 1/50
2018-03-19 20:32:22,330:INFO: - Train metrics: f1: 0.705 ; accuracy: 0.569 ; loss: 0.689
2018-03-19 20:33:21,959:INFO: - Eval metrics : f1: 0.648 ; accuracy: 0.497 ; loss: 0.699
2018-03-19 20:33:21,962:INFO: - Found new best accuracy
2018-03-19 20:33:21,963:INFO: Epoch 2/50
2018-03-19 20:43:28,811:INFO: - Train metrics: f1: 0.614 ; accuracy: 0.463 ; loss: 0.704
2018-03-19 20:44:23,327:INFO: - Eval metrics : f1: 0.641 ; accuracy: 0.499 ; loss: 0.694
2018-03-19 20:44:23,330:INFO: - Found new best accuracy
2018-03-19 20:44:23,331:INFO: Epoch 3/50
2018-03-19 20:55:21,198:INFO: - Train metrics: f1: 0.649 ; accuracy: 0.531 ; loss: 0.692
2018-03-19 20:56:20,931:INFO: - Eval metrics : f1: 0.624 ; accuracy: 0.514 ; loss: 0.691
2018-03-19 20:56:20,934:INFO: - Found new best accuracy
2018-03-19 20:56:20,934:INFO: Epoch 4/50
2018-03-19 21:07:58,772:INFO: - Train metrics: f1: 0.614 ; accuracy: 0.500 ; loss: 0.691
2018-03-19 21:08:56,776:INFO: - Eval metrics : f1: 0.604 ; accuracy: 0.513 ; loss: 0.690
2018-03-19 21:08:56,780:INFO: Epoch 5/50
2018-03-19 21:20:30,098:INFO: - Train metrics: f1: 0.597 ; accuracy: 0.506 ; loss: 0.680
2018-03-19 21:21:26,217:INFO: - Eval metrics : f1: 0.595 ; accuracy: 0.538 ; loss: 0.687
2018-03-19 21:21:26,220:INFO: - Found new best accuracy
2018-03-19 21:21:26,221:INFO: Epoch 6/50
2018-03-19 21:32:49,055:INFO: - Train metrics: f1: 0.649 ; accuracy: 0.562 ; loss: 0.680
2018-03-19 21:33:45,072:INFO: - Eval metrics : f1: 0.589 ; accuracy: 0.548 ; loss: 0.683
2018-03-19 21:33:45,075:INFO: - Found new best accuracy
2018-03-19 21:33:45,076:INFO: Epoch 7/50
2018-03-19 21:45:09,983:INFO: - Train metrics: f1: 0.630 ; accuracy: 0.613 ; loss: 0.665
2018-03-19 21:46:07,463:INFO: - Eval metrics : f1: 0.552 ; accuracy: 0.550 ; loss: 0.683
2018-03-19 21:46:07,466:INFO: - Found new best accuracy
2018-03-19 21:46:07,466:INFO: Epoch 8/50
2018-03-19 21:57:27,382:INFO: - Train metrics: f1: 0.650 ; accuracy: 0.650 ; loss: 0.654
2018-03-19 21:58:23,214:INFO: - Eval metrics : f1: 0.536 ; accuracy: 0.547 ; loss: 0.680
2018-03-19 21:58:23,217:INFO: Epoch 9/50
2018-03-19 22:11:46,206:INFO: - Train metrics: f1: 0.561 ; accuracy: 0.575 ; loss: 0.668
2018-03-19 22:12:51,687:INFO: - Eval metrics : f1: 0.544 ; accuracy: 0.559 ; loss: 0.678
2018-03-19 22:12:51,690:INFO: - Found new best accuracy
2018-03-19 22:12:51,691:INFO: Epoch 10/50
2018-03-19 22:26:16,501:INFO: - Train metrics: f1: 0.521 ; accuracy: 0.569 ; loss: 0.669
2018-03-19 22:27:20,377:INFO: - Eval metrics : f1: 0.543 ; accuracy: 0.561 ; loss: 0.676
2018-03-19 22:27:20,381:INFO: - Found new best accuracy
2018-03-19 22:27:20,381:INFO: Epoch 11/50
2018-03-19 22:40:54,773:INFO: - Train metrics: f1: 0.540 ; accuracy: 0.569 ; loss: 0.690
2018-03-19 22:42:00,459:INFO: - Eval metrics : f1: 0.508 ; accuracy: 0.560 ; loss: 0.677
2018-03-19 22:42:00,463:INFO: Epoch 12/50
2018-03-19 22:55:35,918:INFO: - Train metrics: f1: 0.514 ; accuracy: 0.550 ; loss: 0.665
2018-03-19 22:56:41,652:INFO: - Eval metrics : f1: 0.521 ; accuracy: 0.566 ; loss: 0.676
2018-03-19 22:56:41,655:INFO: - Found new best accuracy
2018-03-19 22:56:41,655:INFO: Epoch 13/50
2018-03-19 23:10:13,843:INFO: - Train metrics: f1: 0.689 ; accuracy: 0.706 ; loss: 0.629
2018-03-19 23:11:16,469:INFO: - Eval metrics : f1: 0.491 ; accuracy: 0.566 ; loss: 0.673
2018-03-19 23:11:16,472:INFO: Epoch 14/50
2018-03-19 23:24:45,840:INFO: - Train metrics: f1: 0.599 ; accuracy: 0.650 ; loss: 0.647
2018-03-19 23:25:53,969:INFO: - Eval metrics : f1: 0.502 ; accuracy: 0.562 ; loss: 0.673
2018-03-19 23:25:53,972:INFO: Epoch 15/50
2018-03-19 23:39:31,213:INFO: - Train metrics: f1: 0.523 ; accuracy: 0.581 ; loss: 0.665
2018-03-19 23:40:38,198:INFO: - Eval metrics : f1: 0.531 ; accuracy: 0.579 ; loss: 0.671
2018-03-19 23:40:38,201:INFO: - Found new best accuracy
2018-03-19 23:40:38,202:INFO: Epoch 16/50
2018-03-19 23:52:23,933:INFO: - Train metrics: f1: 0.532 ; accuracy: 0.631 ; loss: 0.654
2018-03-19 23:53:20,591:INFO: - Eval metrics : f1: 0.523 ; accuracy: 0.593 ; loss: 0.663
2018-03-19 23:53:20,594:INFO: - Found new best accuracy
2018-03-19 23:53:20,594:INFO: Epoch 17/50
2018-03-20 00:04:44,337:INFO: - Train metrics: f1: 0.571 ; accuracy: 0.569 ; loss: 0.667
2018-03-20 00:05:41,041:INFO: - Eval metrics : f1: 0.488 ; accuracy: 0.579 ; loss: 0.667
2018-03-20 00:05:41,044:INFO: Epoch 18/50
2018-03-20 00:16:54,829:INFO: - Train metrics: f1: 0.544 ; accuracy: 0.625 ; loss: 0.635
2018-03-20 00:17:52,445:INFO: - Eval metrics : f1: 0.530 ; accuracy: 0.591 ; loss: 0.666
2018-03-20 00:17:52,448:INFO: Epoch 19/50
2018-03-20 00:29:05,760:INFO: - Train metrics: f1: 0.468 ; accuracy: 0.519 ; loss: 0.683
2018-03-20 00:30:02,700:INFO: - Eval metrics : f1: 0.522 ; accuracy: 0.587 ; loss: 0.666
2018-03-20 00:30:02,704:INFO: Epoch 20/50
2018-03-20 00:41:26,500:INFO: - Train metrics: f1: 0.503 ; accuracy: 0.556 ; loss: 0.663
2018-03-20 00:42:23,016:INFO: - Eval metrics : f1: 0.512 ; accuracy: 0.580 ; loss: 0.665
2018-03-20 00:42:23,020:INFO: Epoch 21/50
2018-03-20 00:53:45,957:INFO: - Train metrics: f1: 0.591 ; accuracy: 0.631 ; loss: 0.653
2018-03-20 00:54:43,132:INFO: - Eval metrics : f1: 0.492 ; accuracy: 0.575 ; loss: 0.667
2018-03-20 00:54:43,135:INFO: Epoch 22/50
2018-03-20 01:05:03,835:INFO: - Train metrics: f1: 0.515 ; accuracy: 0.550 ; loss: 0.672
2018-03-20 01:05:54,072:INFO: - Eval metrics : f1: 0.501 ; accuracy: 0.563 ; loss: 0.672
2018-03-20 01:05:54,075:INFO: Epoch 23/50
2018-03-20 01:13:38,332:INFO: Loading the datasets...
2018-03-20 01:13:38,529:INFO: - done.
2018-03-20 01:13:42,481:INFO: Starting training for 50 epoch(s)
2018-03-20 01:13:42,481:INFO: Epoch 1/50
