2018-03-19 20:46:49,220:INFO: Loading the datasets...
2018-03-19 20:46:49,476:INFO: - done.
2018-03-19 20:46:54,955:INFO: Starting training for 50 epoch(s)
2018-03-19 20:46:54,956:INFO: Epoch 1/50
2018-03-19 20:47:43,754:INFO: Loading the datasets...
2018-03-19 20:47:43,986:INFO: - done.
2018-03-19 20:47:48,471:INFO: Starting training for 10 epoch(s)
2018-03-19 20:47:48,472:INFO: Epoch 1/10
2018-03-19 20:52:05,011:INFO: - Train metrics: f1: 0.663 ; accuracy: 0.500 ; loss: 0.700
2018-03-19 20:52:21,850:INFO: - Eval metrics : f1: 0.657 ; accuracy: 0.501 ; loss: 0.697
2018-03-19 20:52:21,855:INFO: - Found new best accuracy
2018-03-19 20:52:21,855:INFO: Epoch 2/10
2018-03-19 20:56:34,337:INFO: - Train metrics: f1: 0.692 ; accuracy: 0.537 ; loss: 0.688
2018-03-19 20:56:49,519:INFO: - Eval metrics : f1: 0.648 ; accuracy: 0.501 ; loss: 0.692
2018-03-19 20:56:49,524:INFO: - Found new best accuracy
2018-03-19 20:56:49,524:INFO: Epoch 3/10
2018-03-19 21:01:08,046:INFO: - Train metrics: f1: 0.608 ; accuracy: 0.475 ; loss: 0.698
2018-03-19 21:01:25,139:INFO: - Eval metrics : f1: 0.638 ; accuracy: 0.509 ; loss: 0.691
2018-03-19 21:01:25,149:INFO: - Found new best accuracy
2018-03-19 21:01:25,150:INFO: Epoch 4/10
2018-03-19 21:05:50,381:INFO: - Train metrics: f1: 0.625 ; accuracy: 0.506 ; loss: 0.688
2018-03-19 21:06:05,763:INFO: - Eval metrics : f1: 0.635 ; accuracy: 0.539 ; loss: 0.686
2018-03-19 21:06:05,768:INFO: - Found new best accuracy
2018-03-19 21:06:05,768:INFO: Epoch 5/10
2018-03-19 21:10:17,219:INFO: - Train metrics: f1: 0.585 ; accuracy: 0.487 ; loss: 0.689
2018-03-19 21:10:33,287:INFO: - Eval metrics : f1: 0.598 ; accuracy: 0.528 ; loss: 0.685
2018-03-19 21:10:33,297:INFO: Epoch 6/10
2018-03-19 21:14:54,418:INFO: - Train metrics: f1: 0.675 ; accuracy: 0.575 ; loss: 0.679
2018-03-19 21:15:10,308:INFO: - Eval metrics : f1: 0.575 ; accuracy: 0.538 ; loss: 0.680
2018-03-19 21:15:10,313:INFO: Epoch 7/10
2018-03-19 21:19:35,038:INFO: - Train metrics: f1: 0.566 ; accuracy: 0.494 ; loss: 0.689
2018-03-19 21:19:52,315:INFO: - Eval metrics : f1: 0.560 ; accuracy: 0.540 ; loss: 0.678
2018-03-19 21:19:52,319:INFO: - Found new best accuracy
2018-03-19 21:19:52,319:INFO: Epoch 8/10
2018-03-19 21:24:08,412:INFO: - Train metrics: f1: 0.604 ; accuracy: 0.613 ; loss: 0.669
2018-03-19 21:24:24,163:INFO: - Eval metrics : f1: 0.552 ; accuracy: 0.555 ; loss: 0.678
2018-03-19 21:24:24,173:INFO: - Found new best accuracy
2018-03-19 21:24:24,174:INFO: Epoch 9/10
2018-03-19 21:28:48,336:INFO: - Train metrics: f1: 0.571 ; accuracy: 0.562 ; loss: 0.678
2018-03-19 21:29:05,806:INFO: - Eval metrics : f1: 0.519 ; accuracy: 0.556 ; loss: 0.673
2018-03-19 21:29:05,811:INFO: - Found new best accuracy
2018-03-19 21:29:05,811:INFO: Epoch 10/10
2018-03-19 21:33:29,028:INFO: - Train metrics: f1: 0.696 ; accuracy: 0.681 ; loss: 0.655
2018-03-19 21:33:44,144:INFO: - Eval metrics : f1: 0.527 ; accuracy: 0.555 ; loss: 0.670
2018-03-20 08:22:55,647:INFO: Loading the datasets...
2018-03-20 08:22:55,871:INFO: - done.
2018-03-20 08:23:00,161:INFO: Starting training for 10 epoch(s)
2018-03-20 08:23:00,161:INFO: Epoch 1/10
2018-03-20 08:32:46,617:INFO: - Train metrics: f1: 0.665 ; accuracy: 0.519 ; loss: 0.691
2018-03-20 08:33:02,503:INFO: - Eval metrics : f1: 0.625 ; accuracy: 0.513 ; loss: 0.689
2018-03-20 08:33:02,508:INFO: - Found new best accuracy
2018-03-20 08:33:02,508:INFO: Epoch 2/10
2018-03-20 08:42:50,226:INFO: - Train metrics: f1: 0.613 ; accuracy: 0.523 ; loss: 0.687
2018-03-20 08:43:05,903:INFO: - Eval metrics : f1: 0.600 ; accuracy: 0.542 ; loss: 0.679
2018-03-20 08:43:05,911:INFO: - Found new best accuracy
2018-03-20 08:43:05,912:INFO: Epoch 3/10
2018-03-20 08:52:55,414:INFO: - Train metrics: f1: 0.580 ; accuracy: 0.554 ; loss: 0.673
2018-03-20 08:53:11,703:INFO: - Eval metrics : f1: 0.553 ; accuracy: 0.546 ; loss: 0.675
2018-03-20 08:53:11,712:INFO: - Found new best accuracy
2018-03-20 08:53:11,712:INFO: Epoch 4/10
2018-03-20 09:02:53,672:INFO: - Train metrics: f1: 0.576 ; accuracy: 0.596 ; loss: 0.661
2018-03-20 09:03:09,238:INFO: - Eval metrics : f1: 0.505 ; accuracy: 0.580 ; loss: 0.667
2018-03-20 09:03:09,243:INFO: - Found new best accuracy
2018-03-20 09:03:09,244:INFO: Epoch 5/10
2018-03-20 09:12:59,384:INFO: - Train metrics: f1: 0.553 ; accuracy: 0.594 ; loss: 0.663
2018-03-20 09:13:14,929:INFO: - Eval metrics : f1: 0.487 ; accuracy: 0.579 ; loss: 0.666
2018-03-20 09:13:14,939:INFO: Epoch 6/10
2018-03-20 09:23:08,335:INFO: - Train metrics: f1: 0.519 ; accuracy: 0.579 ; loss: 0.664
2018-03-20 09:23:24,246:INFO: - Eval metrics : f1: 0.535 ; accuracy: 0.589 ; loss: 0.660
2018-03-20 09:23:24,251:INFO: - Found new best accuracy
2018-03-20 09:23:24,252:INFO: Epoch 7/10
2018-03-20 09:33:11,002:INFO: - Train metrics: f1: 0.509 ; accuracy: 0.577 ; loss: 0.666
2018-03-20 09:33:26,420:INFO: - Eval metrics : f1: 0.532 ; accuracy: 0.590 ; loss: 0.656
2018-03-20 09:33:26,425:INFO: - Found new best accuracy
2018-03-20 09:33:26,425:INFO: Epoch 8/10
2018-03-20 09:43:20,179:INFO: - Train metrics: f1: 0.468 ; accuracy: 0.554 ; loss: 0.677
2018-03-20 09:43:35,915:INFO: - Eval metrics : f1: 0.539 ; accuracy: 0.582 ; loss: 0.654
2018-03-20 09:43:35,920:INFO: Epoch 9/10
2018-03-20 09:53:23,651:INFO: - Train metrics: f1: 0.481 ; accuracy: 0.558 ; loss: 0.675
2018-03-20 09:53:39,067:INFO: - Eval metrics : f1: 0.471 ; accuracy: 0.597 ; loss: 0.654
2018-03-20 09:53:39,077:INFO: - Found new best accuracy
2018-03-20 09:53:39,077:INFO: Epoch 10/10
2018-03-20 10:03:31,815:INFO: - Train metrics: f1: 0.500 ; accuracy: 0.558 ; loss: 0.666
2018-03-20 10:03:47,579:INFO: - Eval metrics : f1: 0.539 ; accuracy: 0.599 ; loss: 0.649
2018-03-20 10:03:47,584:INFO: - Found new best accuracy
