2018-02-22 16:31:02,537:INFO: Loading the datasets...
2018-02-22 16:31:08,426:INFO: - done.
2018-02-22 16:31:08,442:INFO: Starting training for 10 epoch(s)
2018-02-22 16:31:08,443:INFO: Epoch 1/10
2018-02-22 16:31:30,112:INFO: Loading the datasets...
2018-02-22 16:31:31,119:INFO: - done.
2018-02-22 16:31:31,146:INFO: Starting training for 10 epoch(s)
2018-02-22 16:31:31,146:INFO: Epoch 1/10
2018-02-22 16:31:49,012:INFO: Loading the datasets...
2018-02-22 16:31:49,921:INFO: - done.
2018-02-22 16:31:49,946:INFO: Starting training for 10 epoch(s)
2018-02-22 16:31:49,946:INFO: Epoch 1/10
2018-02-22 16:32:03,125:INFO: Loading the datasets...
2018-02-22 16:32:03,611:INFO: - done.
2018-02-22 16:32:03,627:INFO: Starting training for 10 epoch(s)
2018-02-22 16:32:03,627:INFO: Epoch 1/10
2018-02-22 16:32:36,135:INFO: Loading the datasets...
2018-02-22 16:32:36,628:INFO: - done.
2018-02-22 16:32:36,649:INFO: Starting training for 10 epoch(s)
2018-02-22 16:32:36,649:INFO: Epoch 1/10
2018-02-22 16:43:29,787:INFO: Loading the datasets...
2018-02-22 16:43:30,605:INFO: - done.
2018-02-22 16:43:30,672:INFO: Starting training for 10 epoch(s)
2018-02-22 16:43:30,672:INFO: Epoch 1/10
2018-02-22 16:47:17,080:INFO: Loading the datasets...
2018-02-22 16:47:17,891:INFO: - done.
2018-02-22 16:47:17,964:INFO: Starting training for 10 epoch(s)
2018-02-22 16:47:17,964:INFO: Epoch 1/10
2018-02-22 16:56:56,049:INFO: Loading the datasets...
2018-02-22 16:56:56,912:INFO: - done.
2018-02-22 16:56:56,978:INFO: Starting training for 10 epoch(s)
2018-02-22 16:56:56,979:INFO: Epoch 1/10
2018-02-22 16:57:33,377:INFO: Loading the datasets...
2018-02-22 16:57:34,320:INFO: - done.
2018-02-22 16:57:34,387:INFO: Starting training for 10 epoch(s)
2018-02-22 16:57:34,387:INFO: Epoch 1/10
2018-02-22 16:57:34,777:INFO: - Train metrics: accuracy: 0.286 ; loss: 324.272
2018-02-22 16:57:34,800:INFO: - Eval metrics : accuracy: 0.571 ; loss: 318.723
2018-02-22 16:58:38,379:INFO: - Found new best accuracy
2018-02-22 16:58:38,718:INFO: Epoch 2/10
2018-02-22 16:58:38,906:INFO: - Train metrics: accuracy: 0.714 ; loss: 1547.930
2018-02-22 16:58:38,937:INFO: - Eval metrics : accuracy: 0.714 ; loss: 51.264
2018-02-22 16:59:41,709:INFO: - Found new best accuracy
2018-02-22 16:59:41,838:INFO: Epoch 3/10
2018-02-22 16:59:42,035:INFO: - Train metrics: accuracy: 1.000 ; loss: 0.000
2018-02-22 16:59:42,058:INFO: - Eval metrics : accuracy: 0.857 ; loss: 109.644
2018-02-22 17:00:43,019:INFO: - Found new best accuracy
2018-02-22 17:00:43,200:INFO: Epoch 4/10
2018-02-22 17:00:43,390:INFO: - Train metrics: accuracy: 1.000 ; loss: 0.000
2018-02-22 17:00:43,416:INFO: - Eval metrics : accuracy: 0.857 ; loss: 156.084
2018-02-22 17:01:45,306:INFO: - Found new best accuracy
2018-02-22 17:01:45,428:INFO: Epoch 5/10
2018-02-22 17:01:45,615:INFO: - Train metrics: accuracy: 1.000 ; loss: 0.000
2018-02-22 17:01:45,638:INFO: - Eval metrics : accuracy: 0.857 ; loss: 194.350
2018-02-22 17:02:58,462:INFO: - Found new best accuracy
2018-02-22 17:02:58,607:INFO: Epoch 6/10
2018-02-22 17:02:58,803:INFO: - Train metrics: accuracy: 1.000 ; loss: 0.000
2018-02-22 17:02:58,828:INFO: - Eval metrics : accuracy: 0.857 ; loss: 226.283
2018-02-22 17:04:49,502:INFO: - Found new best accuracy
2018-02-22 17:04:50,051:INFO: Epoch 7/10
2018-02-22 17:04:50,260:INFO: - Train metrics: accuracy: 1.000 ; loss: 0.000
2018-02-22 17:04:50,336:INFO: - Eval metrics : accuracy: 0.714 ; loss: 259.909
2018-02-22 17:04:58,712:INFO: Epoch 8/10
2018-02-22 17:04:58,894:INFO: - Train metrics: accuracy: 1.000 ; loss: 0.000
2018-02-22 17:04:58,960:INFO: - Eval metrics : accuracy: 0.714 ; loss: 381.074
2018-02-22 17:05:07,974:INFO: Epoch 9/10
2018-02-22 17:05:08,157:INFO: - Train metrics: accuracy: 1.000 ; loss: 0.000
2018-02-22 17:05:08,268:INFO: - Eval metrics : accuracy: 0.714 ; loss: 482.932
2018-02-22 17:05:16,383:INFO: Epoch 10/10
2018-02-22 17:05:16,636:INFO: - Train metrics: accuracy: 1.000 ; loss: 0.000
2018-02-22 17:05:16,719:INFO: - Eval metrics : accuracy: 0.714 ; loss: 570.524
2018-02-22 17:15:41,573:INFO: Loading the datasets...
2018-02-22 17:18:25,700:INFO: Loading the datasets...
2018-02-22 17:21:06,259:INFO: Loading the datasets...
2018-02-22 17:21:08,022:INFO: - done.
2018-02-22 17:21:08,096:INFO: Starting training for 10 epoch(s)
2018-02-22 17:21:08,096:INFO: Epoch 1/10
2018-02-22 17:21:08,379:INFO: - Train metrics: accuracy: 0.286 ; loss: 324.272
2018-02-22 17:21:08,412:INFO: - Eval metrics : accuracy: 0.571 ; loss: 318.723
2018-02-22 21:24:16,190:INFO: Loading the datasets...
2018-02-22 21:24:25,264:INFO: - done.
2018-02-22 21:24:25,337:INFO: Starting training for 10 epoch(s)
2018-02-22 21:24:25,337:INFO: Epoch 1/10
2018-02-22 21:24:25,719:INFO: - Train metrics: accuracy: 0.429 ; loss: 159.893
2018-02-22 21:24:25,784:INFO: - Eval metrics : accuracy: 0.429 ; loss: 1712.066
2018-02-22 21:25:35,042:INFO: - Found new best accuracy
2018-02-22 21:25:35,258:INFO: Epoch 2/10
2018-02-22 21:25:35,466:INFO: - Train metrics: accuracy: 0.571 ; loss: 431.070
2018-02-22 21:25:35,498:INFO: - Eval metrics : accuracy: 0.429 ; loss: 2778.763
2018-02-22 21:28:07,923:INFO: - Found new best accuracy
2018-02-22 21:28:08,256:INFO: Epoch 3/10
2018-02-22 21:28:08,475:INFO: - Train metrics: accuracy: 1.000 ; loss: 0.000
2018-02-22 21:28:08,525:INFO: - Eval metrics : accuracy: 0.429 ; loss: 3578.439
2018-03-10 21:33:47,552:INFO: Loading the datasets...
2018-03-10 21:34:42,126:INFO: Loading the datasets...
2018-03-10 21:34:42,680:INFO: - done.
2018-03-10 21:34:42,749:INFO: Starting training for 10 epoch(s)
2018-03-10 21:34:42,749:INFO: Epoch 1/10
2018-03-10 21:34:43,128:INFO: - Train metrics: loss: 59.121 ; accuracy: 0.429
2018-03-10 21:34:43,203:INFO: - Eval metrics : loss: 1119.534 ; accuracy: 0.571
2018-03-10 21:34:43,998:INFO: - Found new best accuracy
2018-03-10 21:34:44,315:INFO: Epoch 2/10
2018-03-10 21:34:44,541:INFO: - Train metrics: loss: 147.462 ; accuracy: 0.857
2018-03-10 21:34:44,625:INFO: - Eval metrics : loss: 1701.234 ; accuracy: 0.571
2018-03-10 21:34:45,328:INFO: - Found new best accuracy
2018-03-10 21:34:45,567:INFO: Epoch 3/10
2018-03-10 21:34:45,783:INFO: - Train metrics: loss: 0.000 ; accuracy: 1.000
2018-03-10 21:34:45,856:INFO: - Eval metrics : loss: 2188.897 ; accuracy: 0.571
2018-03-10 21:34:46,573:INFO: - Found new best accuracy
2018-03-10 21:34:46,766:INFO: Epoch 4/10
2018-03-10 21:34:46,995:INFO: - Train metrics: loss: 0.000 ; accuracy: 1.000
2018-03-10 21:34:47,072:INFO: - Eval metrics : loss: 2588.990 ; accuracy: 0.571
2018-03-10 21:34:47,807:INFO: - Found new best accuracy
2018-03-10 21:34:48,028:INFO: Epoch 5/10
2018-03-10 21:34:48,225:INFO: - Train metrics: loss: 0.000 ; accuracy: 1.000
2018-03-10 21:34:48,312:INFO: - Eval metrics : loss: 2927.467 ; accuracy: 0.571
2018-03-10 21:34:49,037:INFO: - Found new best accuracy
2018-03-10 21:34:49,238:INFO: Epoch 6/10
2018-03-10 21:34:49,462:INFO: - Train metrics: loss: 0.000 ; accuracy: 1.000
2018-03-10 21:34:49,562:INFO: - Eval metrics : loss: 3216.391 ; accuracy: 0.571
2018-03-10 21:34:50,639:INFO: - Found new best accuracy
2018-03-10 21:34:50,946:INFO: Epoch 7/10
2018-03-10 21:34:51,148:INFO: - Train metrics: loss: 0.000 ; accuracy: 1.000
2018-03-10 21:34:51,231:INFO: - Eval metrics : loss: 3466.440 ; accuracy: 0.571
2018-03-10 21:34:52,113:INFO: - Found new best accuracy
2018-03-10 21:34:52,370:INFO: Epoch 8/10
2018-03-10 21:34:52,585:INFO: - Train metrics: loss: 0.000 ; accuracy: 1.000
2018-03-10 21:34:52,667:INFO: - Eval metrics : loss: 3685.120 ; accuracy: 0.571
2018-03-10 21:34:53,523:INFO: - Found new best accuracy
2018-03-10 21:34:53,744:INFO: Epoch 9/10
2018-03-10 21:34:54,034:INFO: - Train metrics: loss: 0.000 ; accuracy: 1.000
2018-03-10 21:34:54,108:INFO: - Eval metrics : loss: 3877.873 ; accuracy: 0.571
2018-03-10 21:34:54,888:INFO: - Found new best accuracy
2018-03-10 21:34:55,088:INFO: Epoch 10/10
2018-03-10 21:34:55,296:INFO: - Train metrics: loss: 0.000 ; accuracy: 1.000
2018-03-10 21:34:55,373:INFO: - Eval metrics : loss: 4048.805 ; accuracy: 0.571
2018-03-10 21:34:56,188:INFO: - Found new best accuracy
2018-03-10 21:37:49,258:INFO: Loading the datasets...
2018-03-10 21:37:49,610:INFO: - done.
2018-03-10 21:37:49,679:INFO: Starting training for 10 epoch(s)
2018-03-10 21:37:49,679:INFO: Epoch 1/10
2018-03-10 21:47:35,506:INFO: Loading the datasets...
2018-03-10 21:47:35,868:INFO: - done.
2018-03-10 21:47:35,936:INFO: Starting training for 10 epoch(s)
2018-03-10 21:47:35,936:INFO: Epoch 1/10
2018-03-10 21:51:24,909:INFO: Loading the datasets...
2018-03-10 21:51:25,271:INFO: - done.
2018-03-10 21:51:25,340:INFO: Starting training for 10 epoch(s)
2018-03-10 21:51:25,340:INFO: Epoch 1/10
2018-03-10 21:54:37,901:INFO: Loading the datasets...
2018-03-10 21:54:38,256:INFO: - done.
2018-03-10 21:54:38,325:INFO: Starting training for 10 epoch(s)
2018-03-10 21:54:38,325:INFO: Epoch 1/10
2018-03-10 21:55:07,404:INFO: Loading the datasets...
2018-03-10 21:55:07,763:INFO: - done.
2018-03-10 21:55:07,831:INFO: Starting training for 10 epoch(s)
2018-03-10 21:55:07,832:INFO: Epoch 1/10
2018-03-10 21:55:20,065:INFO: Loading the datasets...
2018-03-10 21:55:20,420:INFO: - done.
2018-03-10 21:55:20,489:INFO: Starting training for 10 epoch(s)
2018-03-10 21:55:20,489:INFO: Epoch 1/10
2018-03-10 21:55:53,856:INFO: Loading the datasets...
2018-03-10 21:55:54,221:INFO: - done.
2018-03-10 21:55:54,290:INFO: Starting training for 10 epoch(s)
2018-03-10 21:55:54,290:INFO: Epoch 1/10
2018-03-10 21:56:33,476:INFO: Loading the datasets...
2018-03-10 21:56:33,831:INFO: - done.
2018-03-10 21:56:33,900:INFO: Starting training for 10 epoch(s)
2018-03-10 21:56:33,900:INFO: Epoch 1/10
2018-03-10 21:56:34,796:INFO: - Train metrics: loss: 38.283 ; accuracy: 0.000
2018-03-10 21:56:35,298:INFO: - Eval metrics : loss: 37.944 ; accuracy: 0.000
2018-03-10 21:56:35,637:INFO: - Found new best accuracy
2018-03-10 21:56:35,787:INFO: Epoch 2/10
2018-03-10 21:56:36,867:INFO: - Train metrics: loss: 38.224 ; accuracy: 0.000
2018-03-10 21:56:37,367:INFO: - Eval metrics : loss: 37.930 ; accuracy: 0.000
2018-03-10 21:56:37,742:INFO: - Found new best accuracy
2018-03-10 21:56:37,857:INFO: Epoch 3/10
2018-03-10 21:56:39,029:INFO: - Train metrics: loss: 38.231 ; accuracy: 0.000
2018-03-10 21:56:39,431:INFO: - Eval metrics : loss: 37.925 ; accuracy: 0.000
2018-03-10 21:56:39,730:INFO: - Found new best accuracy
2018-03-10 21:56:39,796:INFO: Epoch 4/10
2018-03-10 21:56:41,446:INFO: - Train metrics: loss: 38.210 ; accuracy: 0.000
2018-03-10 21:56:41,793:INFO: - Eval metrics : loss: 37.919 ; accuracy: 0.000
2018-03-10 21:56:42,232:INFO: - Found new best accuracy
2018-03-10 21:56:42,428:INFO: Epoch 5/10
2018-03-10 21:56:43,697:INFO: - Train metrics: loss: 38.153 ; accuracy: 0.000
2018-03-10 21:56:44,168:INFO: - Eval metrics : loss: 37.922 ; accuracy: 0.000
2018-03-10 21:56:44,530:INFO: - Found new best accuracy
2018-03-10 21:56:44,648:INFO: Epoch 6/10
2018-03-10 21:56:46,154:INFO: - Train metrics: loss: 38.111 ; accuracy: 0.000
2018-03-10 21:56:46,602:INFO: - Eval metrics : loss: 37.910 ; accuracy: 0.000
2018-03-10 21:56:46,907:INFO: - Found new best accuracy
2018-03-10 21:56:47,036:INFO: Epoch 7/10
2018-03-10 21:56:48,536:INFO: - Train metrics: loss: 38.070 ; accuracy: 0.000
2018-03-10 21:56:48,928:INFO: - Eval metrics : loss: 37.896 ; accuracy: 0.000
2018-03-10 21:56:49,289:INFO: - Found new best accuracy
2018-03-10 21:56:49,342:INFO: Epoch 8/10
2018-03-10 21:56:50,353:INFO: - Train metrics: loss: 38.021 ; accuracy: 0.000
2018-03-10 21:56:50,730:INFO: - Eval metrics : loss: 37.883 ; accuracy: 0.000
2018-03-10 21:56:51,162:INFO: - Found new best accuracy
2018-03-10 21:56:51,355:INFO: Epoch 9/10
2018-03-10 21:56:52,444:INFO: - Train metrics: loss: 37.978 ; accuracy: 0.000
2018-03-10 21:56:52,847:INFO: - Eval metrics : loss: 37.868 ; accuracy: 0.000
2018-03-10 21:56:53,143:INFO: - Found new best accuracy
2018-03-10 21:56:53,259:INFO: Epoch 10/10
2018-03-10 21:56:54,641:INFO: - Train metrics: loss: 37.930 ; accuracy: 0.000
2018-03-10 21:56:55,040:INFO: - Eval metrics : loss: 37.854 ; accuracy: 0.000
2018-03-10 21:56:55,326:INFO: - Found new best accuracy
2018-03-10 22:18:06,702:INFO: Loading the datasets...
2018-03-10 22:19:15,029:INFO: - done.
2018-03-10 22:19:15,127:INFO: Starting training for 10 epoch(s)
2018-03-10 22:19:15,127:INFO: Epoch 1/10
2018-03-10 22:26:56,526:INFO: Loading the datasets...
2018-03-10 22:26:57,197:INFO: - done.
2018-03-10 22:26:57,265:INFO: Starting training for 10 epoch(s)
2018-03-10 22:26:57,266:INFO: Epoch 1/10
2018-03-10 22:26:58,338:INFO: - Train metrics: loss: 38.283 ; accuracy: 0.000
2018-03-10 22:26:58,785:INFO: - Eval metrics : loss: 38.224 ; accuracy: 0.000
2018-03-10 22:26:59,112:INFO: - Found new best accuracy
2018-03-10 22:26:59,209:INFO: Epoch 2/10
2018-03-10 22:27:00,392:INFO: - Train metrics: loss: 38.224 ; accuracy: 0.000
2018-03-10 22:27:00,886:INFO: - Eval metrics : loss: 38.231 ; accuracy: 0.000
2018-03-10 22:27:01,173:INFO: - Found new best accuracy
2018-03-10 22:27:01,258:INFO: Epoch 3/10
2018-03-10 22:27:02,672:INFO: - Train metrics: loss: 38.231 ; accuracy: 0.000
2018-03-10 22:27:03,048:INFO: - Eval metrics : loss: 38.210 ; accuracy: 0.000
2018-03-10 22:27:03,329:INFO: - Found new best accuracy
2018-03-10 22:27:03,459:INFO: Epoch 4/10
2018-03-10 22:27:04,998:INFO: - Train metrics: loss: 38.210 ; accuracy: 0.000
2018-03-10 22:27:05,392:INFO: - Eval metrics : loss: 38.153 ; accuracy: 0.000
2018-03-10 22:27:05,765:INFO: - Found new best accuracy
2018-03-10 22:27:05,844:INFO: Epoch 5/10
2018-03-10 22:27:06,942:INFO: - Train metrics: loss: 38.153 ; accuracy: 0.000
2018-03-10 22:27:07,317:INFO: - Eval metrics : loss: 38.111 ; accuracy: 0.000
2018-03-10 22:27:07,742:INFO: - Found new best accuracy
2018-03-10 22:27:07,831:INFO: Epoch 6/10
2018-03-10 22:27:09,236:INFO: - Train metrics: loss: 38.111 ; accuracy: 0.000
2018-03-10 22:27:09,674:INFO: - Eval metrics : loss: 38.070 ; accuracy: 0.000
2018-03-10 22:27:09,983:INFO: - Found new best accuracy
2018-03-10 22:27:10,062:INFO: Epoch 7/10
2018-03-10 22:27:11,257:INFO: - Train metrics: loss: 38.070 ; accuracy: 0.000
2018-03-10 22:27:11,655:INFO: - Eval metrics : loss: 38.021 ; accuracy: 0.000
2018-03-10 22:27:12,112:INFO: - Found new best accuracy
2018-03-10 22:27:12,235:INFO: Epoch 8/10
2018-03-10 22:27:13,596:INFO: - Train metrics: loss: 38.021 ; accuracy: 0.000
2018-03-10 22:27:13,943:INFO: - Eval metrics : loss: 37.978 ; accuracy: 0.000
2018-03-10 22:27:14,279:INFO: - Found new best accuracy
2018-03-10 22:27:14,412:INFO: Epoch 9/10
2018-03-10 22:27:15,453:INFO: - Train metrics: loss: 37.978 ; accuracy: 0.000
2018-03-10 22:27:15,925:INFO: - Eval metrics : loss: 37.930 ; accuracy: 0.000
2018-03-10 22:27:16,221:INFO: - Found new best accuracy
2018-03-10 22:27:16,313:INFO: Epoch 10/10
2018-03-10 22:27:17,407:INFO: - Train metrics: loss: 37.930 ; accuracy: 0.000
2018-03-10 22:27:17,816:INFO: - Eval metrics : loss: 37.896 ; accuracy: 0.000
2018-03-10 22:27:18,210:INFO: - Found new best accuracy
2018-03-13 17:40:37,035:INFO: Loading the datasets...
2018-03-13 17:41:11,353:INFO: Loading the datasets...
2018-03-13 17:41:38,882:INFO: Loading the datasets...
2018-03-13 17:41:46,762:INFO: Loading the datasets...
2018-03-13 17:42:23,213:INFO: Loading the datasets...
2018-03-13 17:42:23,294:INFO: - done.
2018-03-13 17:42:23,348:INFO: Starting training for 10 epoch(s)
2018-03-13 17:42:23,348:INFO: Epoch 1/10
2018-03-13 17:47:16,903:INFO: Loading the datasets...
2018-03-13 17:47:17,005:INFO: - done.
2018-03-13 17:47:17,073:INFO: Starting training for 10 epoch(s)
2018-03-13 17:47:17,073:INFO: Epoch 1/10
2018-03-13 17:52:05,644:INFO: Loading the datasets...
2018-03-13 17:52:05,743:INFO: - done.
2018-03-13 17:52:05,811:INFO: Starting training for 10 epoch(s)
2018-03-13 17:52:05,811:INFO: Epoch 1/10
2018-03-13 17:53:46,573:INFO: Loading the datasets...
2018-03-13 17:53:46,673:INFO: - done.
2018-03-13 17:53:46,741:INFO: Starting training for 10 epoch(s)
2018-03-13 17:53:46,741:INFO: Epoch 1/10
2018-03-13 17:54:30,165:INFO: Loading the datasets...
2018-03-13 17:54:30,264:INFO: - done.
2018-03-13 17:54:30,332:INFO: Starting training for 10 epoch(s)
2018-03-13 17:54:30,332:INFO: Epoch 1/10
2018-03-13 17:54:31,006:INFO: - Train metrics: accuracy: 0.250 ; loss: 80.455
2018-03-13 17:54:31,133:INFO: - Eval metrics : accuracy: 1.000 ; loss: 0.000
2018-03-13 17:54:32,035:INFO: - Found new best accuracy
2018-03-13 17:54:32,270:INFO: Epoch 2/10
2018-03-13 17:54:33,000:INFO: - Train metrics: accuracy: 0.625 ; loss: 936.959
2018-03-13 17:54:33,128:INFO: - Eval metrics : accuracy: 0.000 ; loss: 755.278
2018-03-13 17:54:33,541:INFO: Epoch 3/10
2018-03-13 17:54:34,424:INFO: - Train metrics: accuracy: 0.750 ; loss: 296.346
2018-03-13 17:54:34,555:INFO: - Eval metrics : accuracy: 0.000 ; loss: 1653.909
2018-03-13 17:54:34,967:INFO: Epoch 4/10
2018-03-13 17:54:35,974:INFO: - Train metrics: accuracy: 1.000 ; loss: 0.000
2018-03-13 17:54:36,117:INFO: - Eval metrics : accuracy: 0.000 ; loss: 2346.316
2018-03-13 17:54:36,569:INFO: Epoch 5/10
2018-03-13 17:54:37,419:INFO: - Train metrics: accuracy: 1.000 ; loss: 0.000
2018-03-13 17:54:37,551:INFO: - Eval metrics : accuracy: 0.000 ; loss: 2901.854
2018-03-13 17:54:37,994:INFO: Epoch 6/10
2018-03-13 17:54:38,854:INFO: - Train metrics: accuracy: 1.000 ; loss: 0.000
2018-03-13 17:54:38,986:INFO: - Eval metrics : accuracy: 0.000 ; loss: 3380.446
2018-03-13 17:54:39,425:INFO: Epoch 7/10
2018-03-13 17:54:40,329:INFO: - Train metrics: accuracy: 1.000 ; loss: 0.000
2018-03-13 17:54:40,470:INFO: - Eval metrics : accuracy: 0.000 ; loss: 3806.125
2018-03-13 17:54:40,967:INFO: Epoch 8/10
2018-03-13 17:54:41,914:INFO: - Train metrics: accuracy: 0.875 ; loss: 199.785
2018-03-13 17:54:42,065:INFO: - Eval metrics : accuracy: 0.000 ; loss: 4172.258
2018-03-13 17:54:42,552:INFO: Epoch 9/10
2018-03-13 17:54:43,533:INFO: - Train metrics: accuracy: 1.000 ; loss: 0.000
2018-03-13 17:54:43,670:INFO: - Eval metrics : accuracy: 0.000 ; loss: 4502.962
2018-03-13 17:54:44,267:INFO: Epoch 10/10
2018-03-13 17:54:45,267:INFO: - Train metrics: accuracy: 1.000 ; loss: 0.000
2018-03-13 17:54:45,417:INFO: - Eval metrics : accuracy: 0.000 ; loss: 4803.610
2018-03-13 17:55:00,565:INFO: Loading the datasets...
2018-03-13 17:55:00,666:INFO: - done.
2018-03-13 17:55:00,734:INFO: Starting training for 10 epoch(s)
2018-03-13 17:55:00,734:INFO: Epoch 1/10
2018-03-13 17:59:21,986:INFO: Loading the datasets...
2018-03-13 17:59:22,087:INFO: - done.
2018-03-13 17:59:22,155:INFO: Starting training for 10 epoch(s)
2018-03-13 17:59:22,155:INFO: Epoch 1/10
2018-03-13 18:05:11,895:INFO: Loading the datasets...
2018-03-13 18:05:11,997:INFO: - done.
2018-03-13 18:05:12,064:INFO: Starting training for 10 epoch(s)
2018-03-13 18:05:12,065:INFO: Epoch 1/10
2018-03-13 18:05:17,249:INFO: - Train metrics: accuracy: 1.000 ; loss: 0.000
2018-03-13 18:07:49,776:INFO: Loading the datasets...
2018-03-13 18:07:49,876:INFO: - done.
2018-03-13 18:07:49,944:INFO: Starting training for 10 epoch(s)
2018-03-13 18:07:49,944:INFO: Epoch 1/10
2018-03-13 18:07:59,364:INFO: Loading the datasets...
2018-03-13 18:07:59,465:INFO: - done.
2018-03-13 18:07:59,533:INFO: Starting training for 10 epoch(s)
2018-03-13 18:07:59,533:INFO: Epoch 1/10
2018-03-13 18:08:07,920:INFO: Loading the datasets...
2018-03-13 18:08:08,022:INFO: - done.
2018-03-13 18:08:08,090:INFO: Starting training for 10 epoch(s)
2018-03-13 18:08:08,090:INFO: Epoch 1/10
2018-03-13 18:09:25,282:INFO: Loading the datasets...
2018-03-13 18:09:25,391:INFO: - done.
2018-03-13 18:09:25,459:INFO: Starting training for 10 epoch(s)
2018-03-13 18:09:25,459:INFO: Epoch 1/10
2018-03-13 18:09:31,992:INFO: - Train metrics: accuracy: 1.000 ; loss: 0.115
2018-03-13 18:09:32,399:INFO: - Eval metrics : accuracy: 0.500 ; loss: 5747.903
2018-03-13 18:09:33,376:INFO: - Found new best accuracy
2018-03-13 18:09:33,673:INFO: Epoch 2/10
2018-03-13 18:09:39,385:INFO: - Train metrics: accuracy: 1.000 ; loss: 0.000
2018-03-13 18:09:39,730:INFO: - Eval metrics : accuracy: 0.800 ; loss: 2930.023
2018-03-13 18:09:40,676:INFO: - Found new best accuracy
2018-03-13 18:09:41,036:INFO: Epoch 3/10
2018-03-13 18:09:46,380:INFO: - Train metrics: accuracy: 1.000 ; loss: 0.000
2018-03-13 18:09:46,679:INFO: - Eval metrics : accuracy: 0.800 ; loss: 1256.221
2018-03-13 18:09:47,438:INFO: - Found new best accuracy
2018-03-13 18:09:47,665:INFO: Epoch 4/10
2018-03-13 18:09:52,871:INFO: - Train metrics: accuracy: 1.000 ; loss: 0.000
2018-03-13 18:09:53,192:INFO: - Eval metrics : accuracy: 0.700 ; loss: 430.747
2018-03-13 18:09:53,600:INFO: Epoch 5/10
2018-03-13 18:09:59,262:INFO: - Train metrics: accuracy: 1.000 ; loss: 0.000
2018-03-13 18:09:59,493:INFO: - Eval metrics : accuracy: 0.900 ; loss: 4892.192
2018-03-13 18:10:00,300:INFO: - Found new best accuracy
2018-03-13 18:10:00,514:INFO: Epoch 6/10
2018-03-13 18:10:06,143:INFO: - Train metrics: accuracy: 1.000 ; loss: 0.000
2018-03-13 18:10:06,397:INFO: - Eval metrics : accuracy: 0.800 ; loss: 5586.323
2018-03-13 18:10:06,841:INFO: Epoch 7/10
2018-03-13 18:10:12,488:INFO: - Train metrics: accuracy: 1.000 ; loss: 0.000
2018-03-13 18:10:12,799:INFO: - Eval metrics : accuracy: 0.600 ; loss: 4432.124
2018-03-13 18:10:13,396:INFO: Epoch 8/10
2018-03-13 18:10:16,188:INFO: Loading the datasets...
2018-03-13 18:10:16,288:INFO: - done.
2018-03-13 18:10:16,356:INFO: Starting training for 3 epoch(s)
2018-03-13 18:10:16,356:INFO: Epoch 1/3
2018-03-13 18:10:21,646:INFO: - Train metrics: accuracy: 1.000 ; loss: 0.115
2018-03-13 18:10:22,046:INFO: - Eval metrics : accuracy: 0.400 ; loss: 13304.717
2018-03-13 18:10:22,975:INFO: - Found new best accuracy
2018-03-13 18:10:23,191:INFO: Epoch 2/3
2018-03-13 18:10:29,113:INFO: - Train metrics: accuracy: 1.000 ; loss: 0.000
2018-03-13 18:10:29,414:INFO: - Eval metrics : accuracy: 0.700 ; loss: 8797.835
2018-03-13 18:10:30,310:INFO: - Found new best accuracy
2018-03-13 18:10:30,630:INFO: Epoch 3/3
2018-03-13 18:10:36,446:INFO: - Train metrics: accuracy: 1.000 ; loss: 0.000
2018-03-13 18:10:36,699:INFO: - Eval metrics : accuracy: 0.700 ; loss: 8071.042
2018-03-13 18:10:37,691:INFO: - Found new best accuracy
2018-03-13 18:10:52,652:INFO: Loading the datasets...
2018-03-13 18:10:52,754:INFO: - done.
2018-03-13 18:10:52,822:INFO: Starting training for 3 epoch(s)
2018-03-13 18:10:52,822:INFO: Epoch 1/3
2018-03-13 18:11:36,144:INFO: Loading the datasets...
2018-03-13 18:11:36,245:INFO: - done.
2018-03-13 18:11:36,313:INFO: Starting training for 3 epoch(s)
2018-03-13 18:11:36,313:INFO: Epoch 1/3
2018-03-13 18:12:51,187:INFO: - Train metrics: accuracy: 1.000 ; loss: 0.000
2018-03-13 18:13:00,021:INFO: - Eval metrics : accuracy: 0.740 ; loss: 1680.249
2018-03-13 18:13:00,827:INFO: - Found new best accuracy
2018-03-13 18:13:01,115:INFO: Epoch 2/3
2018-03-13 18:13:57,913:INFO: - Train metrics: accuracy: 0.875 ; loss: 65.641
2018-03-13 18:14:00,518:INFO: - Eval metrics : accuracy: 0.750 ; loss: 8280.433
2018-03-13 18:14:01,160:INFO: - Found new best accuracy
2018-03-13 18:14:01,388:INFO: Epoch 3/3
2018-03-13 18:14:47,532:INFO: - Train metrics: accuracy: 0.750 ; loss: 1629.064
2018-03-13 18:14:49,720:INFO: - Eval metrics : accuracy: 0.610 ; loss: 13200.048
2018-03-15 19:44:24,464:INFO: Loading the datasets...
2018-03-15 19:44:24,597:INFO: - done.
2018-03-15 19:44:24,665:INFO: Starting training for 3 epoch(s)
2018-03-15 19:44:24,665:INFO: Epoch 1/3
2018-03-15 19:46:34,565:INFO: Loading the datasets...
2018-03-15 19:46:34,667:INFO: - done.
2018-03-15 19:46:34,854:INFO: Starting training for 3 epoch(s)
2018-03-15 19:46:34,854:INFO: Epoch 1/3
2018-03-15 19:46:35,557:INFO: - Train metrics: loss: 27.631 ; accuracy: 0.000
2018-03-15 19:46:35,664:INFO: - Eval metrics : loss: -0.000 ; accuracy: 1.000
2018-03-15 19:46:36,050:INFO: - Found new best accuracy
2018-03-15 19:46:36,051:INFO: Epoch 2/3
2018-03-15 19:46:36,932:INFO: - Train metrics: loss: -0.000 ; accuracy: 1.000
2018-03-15 19:46:37,055:INFO: - Eval metrics : loss: -0.000 ; accuracy: 1.000
2018-03-15 19:46:37,564:INFO: - Found new best accuracy
2018-03-15 19:46:37,565:INFO: Epoch 3/3
2018-03-15 19:46:38,317:INFO: - Train metrics: loss: 27.631 ; accuracy: 0.000
2018-03-15 19:46:38,430:INFO: - Eval metrics : loss: -0.000 ; accuracy: 1.000
2018-03-15 19:46:38,922:INFO: - Found new best accuracy
2018-03-15 19:49:14,830:INFO: Loading the datasets...
2018-03-15 19:49:14,932:INFO: - done.
2018-03-15 19:49:15,118:INFO: Starting training for 5 epoch(s)
2018-03-15 19:49:15,119:INFO: Epoch 1/5
2018-03-15 19:49:15,457:INFO: - Train metrics: loss: 20.717 ; accuracy: 0.250
2018-03-15 19:49:15,496:INFO: - Eval metrics : loss: -0.000 ; accuracy: 1.000
2018-03-15 19:49:15,497:INFO: - Found new best accuracy
2018-03-15 19:49:15,497:INFO: Epoch 2/5
2018-03-15 19:49:15,796:INFO: - Train metrics: loss: 17.269 ; accuracy: 0.375
2018-03-15 19:49:15,821:INFO: - Eval metrics : loss: -0.000 ; accuracy: 1.000
2018-03-15 19:49:15,822:INFO: - Found new best accuracy
2018-03-15 19:49:15,822:INFO: Epoch 3/5
2018-03-15 19:49:16,113:INFO: - Train metrics: loss: 17.269 ; accuracy: 0.375
2018-03-15 19:49:16,145:INFO: - Eval metrics : loss: -0.000 ; accuracy: 1.000
2018-03-15 19:49:16,145:INFO: - Found new best accuracy
2018-03-15 19:49:16,146:INFO: Epoch 4/5
2018-03-15 19:49:16,432:INFO: - Train metrics: loss: 20.723 ; accuracy: 0.250
2018-03-15 19:49:16,462:INFO: - Eval metrics : loss: -0.000 ; accuracy: 1.000
2018-03-15 19:49:16,462:INFO: - Found new best accuracy
2018-03-15 19:49:16,463:INFO: Epoch 5/5
2018-03-15 19:49:16,729:INFO: - Train metrics: loss: 17.269 ; accuracy: 0.375
2018-03-15 19:49:16,758:INFO: - Eval metrics : loss: -0.000 ; accuracy: 1.000
2018-03-15 19:49:16,758:INFO: - Found new best accuracy
2018-03-15 19:56:27,962:INFO: Loading the datasets...
2018-03-15 19:56:28,085:INFO: - done.
2018-03-15 19:56:28,273:INFO: Starting training for 5 epoch(s)
2018-03-15 19:56:28,273:INFO: Epoch 1/5
2018-03-15 19:56:29,757:INFO: - Train metrics: loss: 0.706 ; accuracy: 0.500
2018-03-15 19:56:29,888:INFO: - Eval metrics : loss: 0.010 ; accuracy: 1.000
2018-03-15 19:56:29,891:INFO: - Found new best accuracy
2018-03-15 19:56:29,892:INFO: Epoch 2/5
2018-03-15 19:56:30,879:INFO: - Train metrics: loss: 0.710 ; accuracy: 0.625
2018-03-15 19:56:30,984:INFO: - Eval metrics : loss: 1.922 ; accuracy: 0.000
2018-03-15 19:56:30,987:INFO: Epoch 3/5
2018-03-15 19:56:32,057:INFO: - Train metrics: loss: 0.638 ; accuracy: 0.500
2018-03-15 19:56:32,141:INFO: - Eval metrics : loss: 1.220 ; accuracy: 0.000
2018-03-15 19:56:32,143:INFO: Epoch 4/5
2018-03-15 19:56:33,143:INFO: - Train metrics: loss: 0.835 ; accuracy: 0.375
2018-03-15 19:56:33,229:INFO: - Eval metrics : loss: 1.372 ; accuracy: 0.000
2018-03-15 19:56:33,231:INFO: Epoch 5/5
2018-03-15 19:56:34,428:INFO: - Train metrics: loss: 0.778 ; accuracy: 0.625
2018-03-15 19:56:34,512:INFO: - Eval metrics : loss: 1.194 ; accuracy: 0.000
2018-03-15 20:00:47,943:INFO: Loading the datasets...
2018-03-15 20:00:48,032:INFO: - done.
2018-03-15 20:00:48,185:INFO: Starting training for 5 epoch(s)
2018-03-15 20:00:48,186:INFO: Epoch 1/5
2018-03-15 21:01:25,697:INFO: Loading the datasets...
2018-03-15 21:01:25,836:INFO: - done.
2018-03-15 21:01:26,028:INFO: Starting training for 5 epoch(s)
2018-03-15 21:01:26,029:INFO: Epoch 1/5
2018-03-15 22:47:07,722:INFO: - Train metrics: loss: 0.524 ; accuracy: 0.699
2018-03-15 22:54:28,535:INFO: - Eval metrics : loss: 0.490 ; accuracy: 0.778
2018-03-15 22:54:28,591:INFO: - Found new best accuracy
2018-03-15 22:54:28,592:INFO: Epoch 2/5
2018-03-16 00:40:52,195:INFO: - Train metrics: loss: 0.485 ; accuracy: 0.767
2018-03-16 00:47:51,468:INFO: - Eval metrics : loss: 0.461 ; accuracy: 0.789
2018-03-16 00:47:51,519:INFO: - Found new best accuracy
2018-03-16 00:47:51,520:INFO: Epoch 3/5
2018-03-16 02:31:30,166:INFO: - Train metrics: loss: 0.479 ; accuracy: 0.801
2018-03-16 02:38:36,695:INFO: - Eval metrics : loss: 0.464 ; accuracy: 0.796
2018-03-16 02:38:36,745:INFO: - Found new best accuracy
2018-03-16 02:38:36,746:INFO: Epoch 4/5
2018-03-16 04:21:48,722:INFO: - Train metrics: loss: 0.466 ; accuracy: 0.803
2018-03-16 04:28:50,431:INFO: - Eval metrics : loss: 0.435 ; accuracy: 0.805
2018-03-16 04:28:50,486:INFO: - Found new best accuracy
2018-03-16 04:28:50,487:INFO: Epoch 5/5
2018-03-16 06:11:57,075:INFO: - Train metrics: loss: 0.424 ; accuracy: 0.803
2018-03-16 06:18:59,186:INFO: - Eval metrics : loss: 0.440 ; accuracy: 0.807
2018-03-16 06:18:59,240:INFO: - Found new best accuracy
2018-03-16 15:45:04,911:INFO: Loading the datasets...
2018-03-16 15:45:05,205:INFO: - done.
2018-03-16 15:45:05,405:INFO: Starting training for 5 epoch(s)
2018-03-16 15:45:05,405:INFO: Epoch 1/5
2018-03-16 15:46:28,406:INFO: Loading the datasets...
2018-03-16 15:46:28,714:INFO: - done.
2018-03-16 15:46:28,913:INFO: Starting training for 5 epoch(s)
2018-03-16 15:46:28,913:INFO: Epoch 1/5
2018-03-16 15:48:49,010:INFO: Loading the datasets...
2018-03-16 15:48:49,324:INFO: - done.
2018-03-16 15:48:49,523:INFO: Starting training for 5 epoch(s)
2018-03-16 15:48:49,523:INFO: Epoch 1/5
2018-03-16 15:50:44,079:INFO: Loading the datasets...
2018-03-16 15:50:44,391:INFO: - done.
2018-03-16 15:50:44,591:INFO: Starting training for 5 epoch(s)
2018-03-16 15:50:44,591:INFO: Epoch 1/5
2018-03-16 16:12:48,451:INFO: Loading the datasets...
2018-03-16 16:12:48,754:INFO: - done.
2018-03-16 16:12:48,953:INFO: Starting training for 5 epoch(s)
2018-03-16 16:12:48,954:INFO: Epoch 1/5
2018-03-16 17:23:01,039:INFO: - Train metrics: f1: 1.265 ; accuracy: 0.521 ; loss: 0.698
2018-03-16 17:28:40,032:INFO: - Eval metrics : f1: 0.670 ; accuracy: 0.504 ; loss: 0.693
2018-03-16 17:28:40,045:INFO: - Found new best accuracy
2018-03-16 17:28:40,045:INFO: Epoch 2/5
2018-03-16 18:36:11,946:INFO: - Train metrics: f1: 1.381 ; accuracy: 0.529 ; loss: 0.686
2018-03-16 18:41:20,917:INFO: - Eval metrics : f1: 00nan ; accuracy: 0.497 ; loss: 0.692
2018-03-16 18:41:20,933:INFO: Epoch 3/5
2018-03-16 19:45:18,296:INFO: - Train metrics: f1: 1.313 ; accuracy: 0.561 ; loss: 0.676
2018-03-16 19:50:09,213:INFO: - Eval metrics : f1: 0.670 ; accuracy: 0.504 ; loss: 0.695
2018-03-16 19:50:09,229:INFO: Epoch 4/5
2018-03-16 20:55:49,169:INFO: - Train metrics: f1: 1.014 ; accuracy: 0.514 ; loss: 0.686
2018-03-16 21:01:00,441:INFO: - Eval metrics : f1: 0.670 ; accuracy: 0.504 ; loss: 0.694
2018-03-16 21:01:00,455:INFO: Epoch 5/5
2018-03-16 22:06:49,983:INFO: - Train metrics: f1: 1.338 ; accuracy: 0.545 ; loss: 0.681
2018-03-16 22:11:57,090:INFO: - Eval metrics : f1: 00nan ; accuracy: 0.497 ; loss: 0.694
2018-03-17 21:23:38,577:INFO: Loading the datasets...
2018-03-17 21:23:38,827:INFO: - done.
2018-03-17 21:23:38,951:INFO: Starting training for 25 epoch(s)
2018-03-17 21:23:38,951:INFO: Epoch 1/25
2018-03-17 21:23:40,790:INFO: - Train metrics: f1: 0.444 ; accuracy: 0.375 ; loss: 0.722
2018-03-17 21:23:40,954:INFO: - Eval metrics : f1: 0.000 ; accuracy: 1.000 ; loss: 0.653
2018-03-17 21:23:40,958:INFO: - Found new best accuracy
2018-03-17 21:23:40,959:INFO: Epoch 2/25
2018-03-17 21:23:42,704:INFO: - Train metrics: f1: 0.000 ; accuracy: 0.375 ; loss: 0.685
2018-03-17 21:23:42,865:INFO: - Eval metrics : f1: 0.000 ; accuracy: 1.000 ; loss: 0.687
2018-03-17 21:23:42,869:INFO: - Found new best accuracy
2018-03-17 21:23:42,870:INFO: Epoch 3/25
2018-03-17 21:23:44,266:INFO: - Train metrics: f1: 0.667 ; accuracy: 0.750 ; loss: 0.577
2018-03-17 21:23:44,357:INFO: - Eval metrics : f1: 0.000 ; accuracy: 1.000 ; loss: 0.673
2018-03-17 21:23:44,359:INFO: - Found new best accuracy
2018-03-17 21:23:44,360:INFO: Epoch 4/25
2018-03-17 21:23:45,574:INFO: - Train metrics: f1: 0.667 ; accuracy: 0.750 ; loss: 0.547
2018-03-17 21:23:45,699:INFO: - Eval metrics : f1: 0.000 ; accuracy: 1.000 ; loss: 0.644
2018-03-17 21:23:45,702:INFO: - Found new best accuracy
2018-03-17 21:23:45,703:INFO: Epoch 5/25
2018-03-17 21:23:47,527:INFO: - Train metrics: f1: 0.750 ; accuracy: 0.750 ; loss: 0.587
2018-03-17 21:23:47,655:INFO: - Eval metrics : f1: 0.000 ; accuracy: 1.000 ; loss: 0.637
2018-03-17 21:23:47,659:INFO: - Found new best accuracy
2018-03-17 21:23:47,659:INFO: Epoch 6/25
2018-03-17 21:23:49,207:INFO: - Train metrics: f1: 0.857 ; accuracy: 0.875 ; loss: 0.437
2018-03-17 21:23:49,438:INFO: - Eval metrics : f1: 0.000 ; accuracy: 1.000 ; loss: 0.638
2018-03-17 21:23:49,442:INFO: - Found new best accuracy
2018-03-17 21:23:49,442:INFO: Epoch 7/25
2018-03-17 21:23:50,802:INFO: - Train metrics: f1: 0.889 ; accuracy: 0.875 ; loss: 0.477
2018-03-17 21:23:50,937:INFO: - Eval metrics : f1: 0.000 ; accuracy: 1.000 ; loss: 0.631
2018-03-17 21:23:50,941:INFO: - Found new best accuracy
2018-03-17 21:23:50,941:INFO: Epoch 8/25
2018-03-17 21:23:52,509:INFO: - Train metrics: f1: 0.750 ; accuracy: 0.750 ; loss: 0.597
2018-03-17 21:23:52,656:INFO: - Eval metrics : f1: 0.000 ; accuracy: 1.000 ; loss: 0.618
2018-03-17 21:23:52,661:INFO: - Found new best accuracy
2018-03-17 21:23:52,665:INFO: Epoch 9/25
2018-03-17 21:23:54,174:INFO: - Train metrics: f1: 1.000 ; accuracy: 1.000 ; loss: 0.550
2018-03-17 21:23:54,335:INFO: - Eval metrics : f1: 0.000 ; accuracy: 1.000 ; loss: 0.618
2018-03-17 21:23:54,338:INFO: - Found new best accuracy
2018-03-17 21:23:54,339:INFO: Epoch 10/25
2018-03-17 21:23:55,862:INFO: - Train metrics: f1: 0.571 ; accuracy: 0.625 ; loss: 0.789
2018-03-17 21:23:55,982:INFO: - Eval metrics : f1: 0.000 ; accuracy: 1.000 ; loss: 0.582
2018-03-17 21:23:55,986:INFO: - Found new best accuracy
2018-03-17 21:23:55,986:INFO: Epoch 11/25
2018-03-17 21:23:57,541:INFO: - Train metrics: f1: 0.857 ; accuracy: 0.875 ; loss: 0.495
2018-03-17 21:23:57,661:INFO: - Eval metrics : f1: 0.000 ; accuracy: 1.000 ; loss: 0.582
2018-03-17 21:23:57,664:INFO: - Found new best accuracy
2018-03-17 21:23:57,665:INFO: Epoch 12/25
2018-03-17 21:23:58,873:INFO: - Train metrics: f1: 0.571 ; accuracy: 0.625 ; loss: 0.571
2018-03-17 21:23:58,998:INFO: - Eval metrics : f1: 0.000 ; accuracy: 1.000 ; loss: 0.584
2018-03-17 21:23:59,001:INFO: - Found new best accuracy
2018-03-17 21:23:59,003:INFO: Epoch 13/25
2018-03-17 21:24:00,399:INFO: - Train metrics: f1: 1.000 ; accuracy: 1.000 ; loss: 0.460
2018-03-17 21:24:00,550:INFO: - Eval metrics : f1: 0.000 ; accuracy: 1.000 ; loss: 0.574
2018-03-17 21:24:00,553:INFO: - Found new best accuracy
2018-03-17 21:24:00,554:INFO: Epoch 14/25
2018-03-17 21:24:01,970:INFO: - Train metrics: f1: 0.857 ; accuracy: 0.875 ; loss: 0.532
2018-03-17 21:24:02,103:INFO: - Eval metrics : f1: 0.000 ; accuracy: 1.000 ; loss: 0.570
2018-03-17 21:24:02,106:INFO: - Found new best accuracy
2018-03-17 21:24:02,107:INFO: Epoch 15/25
2018-03-17 21:24:03,911:INFO: - Train metrics: f1: 1.000 ; accuracy: 1.000 ; loss: 0.421
2018-03-17 21:24:04,057:INFO: - Eval metrics : f1: 0.000 ; accuracy: 1.000 ; loss: 0.549
2018-03-17 21:24:04,060:INFO: - Found new best accuracy
2018-03-17 21:24:04,061:INFO: Epoch 16/25
2018-03-17 21:24:05,605:INFO: - Train metrics: f1: 0.889 ; accuracy: 0.875 ; loss: 0.521
2018-03-17 21:24:05,741:INFO: - Eval metrics : f1: 0.000 ; accuracy: 1.000 ; loss: 0.555
2018-03-17 21:24:05,744:INFO: - Found new best accuracy
2018-03-17 21:24:05,745:INFO: Epoch 17/25
2018-03-17 21:24:07,161:INFO: - Train metrics: f1: 0.750 ; accuracy: 0.750 ; loss: 0.541
2018-03-17 21:24:07,288:INFO: - Eval metrics : f1: 0.000 ; accuracy: 1.000 ; loss: 0.550
2018-03-17 21:24:07,291:INFO: - Found new best accuracy
2018-03-17 21:24:07,292:INFO: Epoch 18/25
2018-03-17 21:24:08,474:INFO: - Train metrics: f1: 0.286 ; accuracy: 0.375 ; loss: 0.785
2018-03-17 21:24:08,612:INFO: - Eval metrics : f1: 0.000 ; accuracy: 1.000 ; loss: 0.567
2018-03-17 21:24:08,614:INFO: - Found new best accuracy
2018-03-17 21:24:08,615:INFO: Epoch 19/25
2018-03-17 21:24:09,916:INFO: - Train metrics: f1: 1.000 ; accuracy: 1.000 ; loss: 0.299
2018-03-17 21:24:10,056:INFO: - Eval metrics : f1: 0.000 ; accuracy: 1.000 ; loss: 0.557
2018-03-17 21:24:10,062:INFO: - Found new best accuracy
2018-03-17 21:24:10,063:INFO: Epoch 20/25
2018-03-17 21:24:11,556:INFO: - Train metrics: f1: 0.889 ; accuracy: 0.875 ; loss: 0.428
2018-03-17 21:24:11,771:INFO: - Eval metrics : f1: 0.000 ; accuracy: 1.000 ; loss: 0.545
2018-03-17 21:24:11,776:INFO: - Found new best accuracy
2018-03-17 21:24:11,780:INFO: Epoch 21/25
2018-03-17 21:24:13,106:INFO: - Train metrics: f1: 0.889 ; accuracy: 0.875 ; loss: 0.494
2018-03-17 21:24:13,247:INFO: - Eval metrics : f1: 0.000 ; accuracy: 1.000 ; loss: 0.536
2018-03-17 21:24:13,252:INFO: - Found new best accuracy
2018-03-17 21:24:13,252:INFO: Epoch 22/25
2018-03-17 21:24:14,619:INFO: - Train metrics: f1: 0.333 ; accuracy: 0.500 ; loss: 0.652
2018-03-17 21:24:14,776:INFO: - Eval metrics : f1: 0.000 ; accuracy: 1.000 ; loss: 0.541
2018-03-17 21:24:14,780:INFO: - Found new best accuracy
2018-03-17 21:24:14,780:INFO: Epoch 23/25
2018-03-17 21:24:16,255:INFO: - Train metrics: f1: 0.333 ; accuracy: 0.500 ; loss: 0.637
2018-03-17 21:24:16,490:INFO: - Eval metrics : f1: 0.000 ; accuracy: 1.000 ; loss: 0.545
2018-03-17 21:24:16,494:INFO: - Found new best accuracy
2018-03-17 21:24:16,495:INFO: Epoch 24/25
2018-03-17 21:24:17,969:INFO: - Train metrics: f1: 0.800 ; accuracy: 0.750 ; loss: 0.556
2018-03-17 21:24:18,110:INFO: - Eval metrics : f1: 0.000 ; accuracy: 1.000 ; loss: 0.545
2018-03-17 21:24:18,113:INFO: - Found new best accuracy
2018-03-17 21:24:18,114:INFO: Epoch 25/25
2018-03-17 21:24:19,327:INFO: - Train metrics: f1: 1.000 ; accuracy: 1.000 ; loss: 0.352
2018-03-17 21:24:19,413:INFO: - Eval metrics : f1: 0.000 ; accuracy: 1.000 ; loss: 0.529
2018-03-17 21:24:19,416:INFO: - Found new best accuracy
2018-03-17 21:28:41,129:INFO: Loading the datasets...
2018-03-17 21:29:05,257:INFO: Loading the datasets...
2018-03-17 21:29:05,523:INFO: - done.
2018-03-17 21:29:05,664:INFO: Starting training for 25 epoch(s)
2018-03-17 21:29:05,664:INFO: Epoch 1/25
2018-03-17 21:29:07,109:INFO: - Train metrics: f1: 0.000 ; accuracy: 0.375 ; loss: 0.735
2018-03-17 21:29:07,212:INFO: - Eval metrics : f1: 0.000 ; accuracy: 0.000 ; loss: 0.742
2018-03-17 21:29:07,214:INFO: - Found new best accuracy
2018-03-17 21:29:07,215:INFO: Epoch 2/25
2018-03-17 21:29:08,570:INFO: - Train metrics: f1: 0.400 ; accuracy: 0.625 ; loss: 0.647
2018-03-17 21:29:08,711:INFO: - Eval metrics : f1: 0.000 ; accuracy: 0.000 ; loss: 0.711
2018-03-17 21:29:08,714:INFO: - Found new best accuracy
2018-03-17 21:29:08,715:INFO: Epoch 3/25
2018-03-17 21:29:10,207:INFO: - Train metrics: f1: 0.571 ; accuracy: 0.625 ; loss: 0.686
2018-03-17 21:29:10,306:INFO: - Eval metrics : f1: 0.000 ; accuracy: 0.000 ; loss: 0.705
2018-03-17 21:29:10,308:INFO: - Found new best accuracy
2018-03-17 21:29:10,308:INFO: Epoch 4/25
2018-03-17 21:29:11,557:INFO: - Train metrics: f1: 0.750 ; accuracy: 0.750 ; loss: 0.630
2018-03-17 21:29:11,691:INFO: - Eval metrics : f1: 0.000 ; accuracy: 0.000 ; loss: 0.700
2018-03-17 21:29:11,693:INFO: - Found new best accuracy
2018-03-17 21:29:11,694:INFO: Epoch 5/25
2018-03-17 21:29:12,843:INFO: - Train metrics: f1: 0.400 ; accuracy: 0.625 ; loss: 0.643
2018-03-17 21:29:12,986:INFO: - Eval metrics : f1: 0.000 ; accuracy: 0.000 ; loss: 0.737
2018-03-17 21:29:12,989:INFO: - Found new best accuracy
2018-03-17 21:29:12,990:INFO: Epoch 6/25
2018-03-17 21:29:14,841:INFO: - Train metrics: f1: 0.333 ; accuracy: 0.500 ; loss: 0.593
2018-03-17 21:29:15,022:INFO: - Eval metrics : f1: 0.000 ; accuracy: 0.000 ; loss: 0.750
2018-03-17 21:29:15,026:INFO: - Found new best accuracy
2018-03-17 21:29:15,028:INFO: Epoch 7/25
2018-03-17 21:29:16,906:INFO: - Train metrics: f1: 0.500 ; accuracy: 0.750 ; loss: 0.582
2018-03-17 21:29:17,102:INFO: - Eval metrics : f1: 0.000 ; accuracy: 0.000 ; loss: 0.749
2018-03-17 21:29:17,105:INFO: - Found new best accuracy
2018-03-17 21:29:17,105:INFO: Epoch 8/25
2018-03-17 21:29:18,924:INFO: - Train metrics: f1: 1.000 ; accuracy: 1.000 ; loss: 0.414
2018-03-17 21:29:19,082:INFO: - Eval metrics : f1: 0.000 ; accuracy: 0.000 ; loss: 0.770
2018-03-17 21:29:19,085:INFO: - Found new best accuracy
2018-03-17 21:29:19,086:INFO: Epoch 9/25
2018-03-17 21:29:20,373:INFO: - Train metrics: f1: 0.857 ; accuracy: 0.875 ; loss: 0.560
2018-03-17 21:29:20,522:INFO: - Eval metrics : f1: 0.000 ; accuracy: 0.000 ; loss: 0.794
2018-03-17 21:29:20,525:INFO: - Found new best accuracy
2018-03-17 21:29:20,526:INFO: Epoch 10/25
2018-03-17 21:29:22,145:INFO: - Train metrics: f1: 0.857 ; accuracy: 0.875 ; loss: 0.533
2018-03-17 21:29:22,302:INFO: - Eval metrics : f1: 0.000 ; accuracy: 0.000 ; loss: 0.822
2018-03-17 21:29:22,306:INFO: - Found new best accuracy
2018-03-17 21:29:22,307:INFO: Epoch 11/25
2018-03-17 21:29:23,662:INFO: - Train metrics: f1: 0.571 ; accuracy: 0.625 ; loss: 0.632
2018-03-17 21:29:23,844:INFO: - Eval metrics : f1: 0.000 ; accuracy: 0.000 ; loss: 0.798
2018-03-17 21:29:23,848:INFO: - Found new best accuracy
2018-03-17 21:29:23,848:INFO: Epoch 12/25
2018-03-17 21:29:24,961:INFO: - Train metrics: f1: 0.571 ; accuracy: 0.625 ; loss: 0.656
2018-03-17 21:29:25,101:INFO: - Eval metrics : f1: 0.000 ; accuracy: 0.000 ; loss: 0.802
2018-03-17 21:29:25,104:INFO: - Found new best accuracy
2018-03-17 21:29:25,107:INFO: Epoch 13/25
2018-03-17 21:29:26,678:INFO: - Train metrics: f1: 0.667 ; accuracy: 0.750 ; loss: 0.699
2018-03-17 21:29:26,823:INFO: - Eval metrics : f1: 0.000 ; accuracy: 0.000 ; loss: 0.806
2018-03-17 21:29:26,826:INFO: - Found new best accuracy
2018-03-17 21:29:26,827:INFO: Epoch 14/25
2018-03-17 21:29:28,406:INFO: - Train metrics: f1: 1.000 ; accuracy: 1.000 ; loss: 0.471
2018-03-17 21:29:28,572:INFO: - Eval metrics : f1: 0.000 ; accuracy: 0.000 ; loss: 0.832
2018-03-17 21:29:28,576:INFO: - Found new best accuracy
2018-03-17 21:29:28,577:INFO: Epoch 15/25
2018-03-17 21:29:30,165:INFO: - Train metrics: f1: 0.667 ; accuracy: 0.750 ; loss: 0.697
2018-03-17 21:29:30,321:INFO: - Eval metrics : f1: 0.000 ; accuracy: 0.000 ; loss: 0.848
2018-03-17 21:29:30,325:INFO: - Found new best accuracy
2018-03-17 21:29:30,326:INFO: Epoch 16/25
2018-03-17 21:29:32,186:INFO: - Train metrics: f1: 0.750 ; accuracy: 0.750 ; loss: 0.795
2018-03-17 21:29:32,340:INFO: - Eval metrics : f1: 0.000 ; accuracy: 0.000 ; loss: 0.835
2018-03-17 21:29:32,343:INFO: - Found new best accuracy
2018-03-17 21:29:32,343:INFO: Epoch 17/25
2018-03-17 21:29:33,706:INFO: - Train metrics: f1: 1.000 ; accuracy: 1.000 ; loss: 0.464
2018-03-17 21:29:33,860:INFO: - Eval metrics : f1: 0.000 ; accuracy: 0.000 ; loss: 0.856
2018-03-17 21:29:33,864:INFO: - Found new best accuracy
2018-03-17 21:29:33,865:INFO: Epoch 18/25
2018-03-17 21:29:35,417:INFO: - Train metrics: f1: 1.000 ; accuracy: 1.000 ; loss: 0.284
2018-03-17 21:29:35,587:INFO: - Eval metrics : f1: 0.000 ; accuracy: 0.000 ; loss: 0.879
2018-03-17 21:29:35,590:INFO: - Found new best accuracy
2018-03-17 21:29:35,591:INFO: Epoch 19/25
2018-03-17 21:29:36,766:INFO: - Train metrics: f1: 0.857 ; accuracy: 0.875 ; loss: 0.494
2018-03-17 21:29:36,891:INFO: - Eval metrics : f1: 0.000 ; accuracy: 0.000 ; loss: 0.905
2018-03-17 21:29:36,895:INFO: - Found new best accuracy
2018-03-17 21:29:36,895:INFO: Epoch 20/25
2018-03-17 21:29:38,487:INFO: - Train metrics: f1: 1.000 ; accuracy: 1.000 ; loss: 0.437
2018-03-17 21:29:38,637:INFO: - Eval metrics : f1: 0.000 ; accuracy: 0.000 ; loss: 0.931
2018-03-17 21:29:38,640:INFO: - Found new best accuracy
2018-03-17 21:29:38,641:INFO: Epoch 21/25
2018-03-17 21:29:40,365:INFO: - Train metrics: f1: 1.000 ; accuracy: 1.000 ; loss: 0.381
2018-03-17 21:29:40,632:INFO: - Eval metrics : f1: 0.000 ; accuracy: 0.000 ; loss: 0.958
2018-03-17 21:29:40,637:INFO: - Found new best accuracy
2018-03-17 21:29:40,641:INFO: Epoch 22/25
2018-03-17 21:29:42,207:INFO: - Train metrics: f1: 1.000 ; accuracy: 1.000 ; loss: 0.437
2018-03-17 21:29:42,356:INFO: - Eval metrics : f1: 0.000 ; accuracy: 0.000 ; loss: 0.985
2018-03-17 21:29:42,359:INFO: - Found new best accuracy
2018-03-17 21:29:42,359:INFO: Epoch 23/25
2018-03-17 21:29:44,016:INFO: - Train metrics: f1: 0.667 ; accuracy: 0.750 ; loss: 0.683
2018-03-17 21:29:44,170:INFO: - Eval metrics : f1: 0.000 ; accuracy: 0.000 ; loss: 0.917
2018-03-17 21:29:44,173:INFO: - Found new best accuracy
2018-03-17 21:29:44,174:INFO: Epoch 24/25
2018-03-17 21:29:45,611:INFO: - Train metrics: f1: 0.857 ; accuracy: 0.875 ; loss: 0.526
2018-03-17 21:29:45,724:INFO: - Eval metrics : f1: 0.000 ; accuracy: 0.000 ; loss: 0.926
2018-03-17 21:29:45,726:INFO: - Found new best accuracy
2018-03-17 21:29:45,727:INFO: Epoch 25/25
2018-03-17 21:29:47,263:INFO: - Train metrics: f1: 1.000 ; accuracy: 1.000 ; loss: 0.427
2018-03-17 21:29:47,416:INFO: - Eval metrics : f1: 0.000 ; accuracy: 0.000 ; loss: 0.953
2018-03-17 21:29:47,419:INFO: - Found new best accuracy
2018-03-19 18:13:55,855:INFO: Loading the datasets...
2018-03-19 18:13:56,103:INFO: - done.
2018-03-19 18:13:58,794:INFO: Starting training for 25 epoch(s)
2018-03-19 18:13:58,794:INFO: Epoch 1/25
2018-03-19 18:39:08,394:INFO: Loading the datasets...
2018-03-19 18:39:08,612:INFO: - done.
2018-03-19 18:39:11,296:INFO: Starting training for 50 epoch(s)
2018-03-19 18:39:11,296:INFO: Epoch 1/50
2018-03-19 18:41:01,443:INFO: Loading the datasets...
2018-03-19 18:41:01,667:INFO: - done.
2018-03-19 18:41:04,092:INFO: Starting training for 50 epoch(s)
2018-03-19 18:41:04,092:INFO: Epoch 1/50
2018-03-19 18:41:50,608:INFO: Loading the datasets...
2018-03-19 18:41:50,831:INFO: - done.
2018-03-19 18:41:53,541:INFO: Starting training for 50 epoch(s)
2018-03-19 18:41:53,542:INFO: Epoch 1/50
2018-03-19 19:02:03,835:INFO: - Train metrics: f1: 0.367 ; accuracy: 0.537 ; loss: 0.692
2018-03-19 19:03:45,160:INFO: - Eval metrics : f1: 0.664 ; accuracy: 0.503 ; loss: 13.720
2018-03-19 19:03:45,161:INFO: - Found new best accuracy
2018-03-19 19:03:45,161:INFO: Epoch 2/50
