2018-03-17 00:11:56,545:INFO: Loading the datasets...
2018-03-17 00:11:56,838:INFO: - done.
2018-03-17 00:11:57,445:INFO: Starting training for 5 epoch(s)
2018-03-17 00:11:57,445:INFO: Epoch 1/5
2018-03-17 00:12:51,095:INFO: Loading the datasets...
2018-03-17 00:12:51,382:INFO: - done.
2018-03-17 00:12:51,980:INFO: Starting training for 5 epoch(s)
2018-03-17 00:12:51,980:INFO: Epoch 1/5
2018-03-17 00:13:42,583:INFO: Loading the datasets...
2018-03-17 00:13:42,921:INFO: - done.
2018-03-17 00:13:43,497:INFO: Starting training for 5 epoch(s)
2018-03-17 00:13:43,498:INFO: Epoch 1/5
2018-03-17 00:14:35,480:INFO: Loading the datasets...
2018-03-17 00:14:35,798:INFO: - done.
2018-03-17 00:14:36,422:INFO: Starting training for 5 epoch(s)
2018-03-17 00:14:36,422:INFO: Epoch 1/5
2018-03-17 00:16:12,097:INFO: Loading the datasets...
2018-03-17 00:16:12,385:INFO: - done.
2018-03-17 00:16:12,991:INFO: Starting training for 5 epoch(s)
2018-03-17 00:16:12,991:INFO: Epoch 1/5
2018-03-17 00:18:59,280:INFO: Loading the datasets...
2018-03-17 00:18:59,598:INFO: - done.
2018-03-17 00:19:00,210:INFO: Starting training for 5 epoch(s)
2018-03-17 00:19:00,211:INFO: Epoch 1/5
2018-03-17 00:22:49,869:INFO: Loading the datasets...
2018-03-17 00:22:50,153:INFO: - done.
2018-03-17 00:22:50,422:INFO: Starting training for 5 epoch(s)
2018-03-17 00:22:50,422:INFO: Epoch 1/5
2018-03-17 00:25:52,672:INFO: Loading the datasets...
2018-03-17 00:25:52,964:INFO: - done.
2018-03-17 00:25:52,966:INFO: Starting training for 5 epoch(s)
2018-03-17 00:25:52,966:INFO: Epoch 1/5
2018-03-17 00:26:43,948:INFO: Loading the datasets...
2018-03-17 00:26:44,234:INFO: - done.
2018-03-17 00:26:44,235:INFO: Starting training for 5 epoch(s)
2018-03-17 00:26:44,235:INFO: Epoch 1/5
2018-03-17 00:33:08,817:INFO: Loading the datasets...
2018-03-17 00:33:09,150:INFO: - done.
2018-03-17 00:33:09,152:INFO: Starting training for 5 epoch(s)
2018-03-17 00:33:09,152:INFO: Epoch 1/5
2018-03-17 00:33:59,604:INFO: Loading the datasets...
2018-03-17 00:33:59,896:INFO: - done.
2018-03-17 00:33:59,898:INFO: Starting training for 5 epoch(s)
2018-03-17 00:33:59,898:INFO: Epoch 1/5
2018-03-17 00:34:02,773:INFO: - Train metrics: f1: 00nan ; accuracy: 0.250 ; loss: 0.727
2018-03-17 00:35:32,460:INFO: Loading the datasets...
2018-03-17 00:35:32,814:INFO: - done.
2018-03-17 00:35:32,816:INFO: Starting training for 5 epoch(s)
2018-03-17 00:35:32,816:INFO: Epoch 1/5
2018-03-17 00:35:44,553:INFO: - Train metrics: f1: 00nan ; accuracy: 0.512 ; loss: 0.694
2018-03-17 00:35:45,230:INFO: - Eval metrics : f1: 00nan ; accuracy: 0.400 ; loss: 0.703
2018-03-17 00:35:45,284:INFO: - Found new best accuracy
2018-03-17 00:35:45,284:INFO: Epoch 2/5
2018-03-17 00:35:56,024:INFO: - Train metrics: f1: 00nan ; accuracy: 0.512 ; loss: 0.694
2018-03-17 00:35:56,690:INFO: - Eval metrics : f1: 00nan ; accuracy: 0.400 ; loss: 0.702
2018-03-17 00:35:56,738:INFO: - Found new best accuracy
2018-03-17 00:35:56,739:INFO: Epoch 3/5
2018-03-17 00:36:06,512:INFO: - Train metrics: f1: 00nan ; accuracy: 0.512 ; loss: 0.694
2018-03-17 00:36:07,579:INFO: - Eval metrics : f1: 00nan ; accuracy: 0.400 ; loss: 0.699
2018-03-17 00:36:07,628:INFO: - Found new best accuracy
2018-03-17 00:36:07,629:INFO: Epoch 4/5
2018-03-17 00:36:18,117:INFO: - Train metrics: f1: 00nan ; accuracy: 0.512 ; loss: 0.693
2018-03-17 00:36:18,913:INFO: - Eval metrics : f1: 00nan ; accuracy: 0.400 ; loss: 0.699
2018-03-17 00:36:18,962:INFO: - Found new best accuracy
2018-03-17 00:36:18,963:INFO: Epoch 5/5
2018-03-17 00:36:29,024:INFO: - Train metrics: f1: 00nan ; accuracy: 0.512 ; loss: 0.693
2018-03-17 00:36:29,684:INFO: - Eval metrics : f1: 00nan ; accuracy: 0.400 ; loss: 0.699
2018-03-17 00:36:29,730:INFO: - Found new best accuracy
2018-03-17 00:37:27,396:INFO: Loading the datasets...
2018-03-17 00:37:27,711:INFO: - done.
2018-03-17 00:37:27,712:INFO: Starting training for 5 epoch(s)
2018-03-17 00:37:27,713:INFO: Epoch 1/5
2018-03-17 00:41:51,130:INFO: Loading the datasets...
2018-03-17 00:41:51,417:INFO: - done.
2018-03-17 00:41:51,419:INFO: Starting training for 5 epoch(s)
2018-03-17 00:41:51,419:INFO: Epoch 1/5
2018-03-17 00:42:21,121:INFO: Loading the datasets...
2018-03-17 00:42:21,408:INFO: - done.
2018-03-17 00:42:21,409:INFO: Starting training for 5 epoch(s)
2018-03-17 00:42:21,409:INFO: Epoch 1/5
2018-03-17 00:43:04,768:INFO: Loading the datasets...
2018-03-17 00:43:05,050:INFO: - done.
2018-03-17 00:43:05,051:INFO: Starting training for 5 epoch(s)
2018-03-17 00:43:05,051:INFO: Epoch 1/5
2018-03-17 00:43:15,285:INFO: - Train metrics: f1: 0.054 ; accuracy: 0.562 ; loss: 0.687
2018-03-17 00:43:16,228:INFO: - Eval metrics : f1: 00nan ; accuracy: 0.300 ; loss: 0.722
2018-03-17 00:43:16,280:INFO: - Found new best accuracy
2018-03-17 00:43:16,280:INFO: Epoch 2/5
2018-03-17 00:43:25,801:INFO: - Train metrics: f1: 0.054 ; accuracy: 0.562 ; loss: 0.686
2018-03-17 00:43:26,508:INFO: - Eval metrics : f1: 00nan ; accuracy: 0.300 ; loss: 0.725
2018-03-17 00:43:26,555:INFO: - Found new best accuracy
2018-03-17 00:43:26,556:INFO: Epoch 3/5
2018-03-17 00:43:37,392:INFO: - Train metrics: f1: 0.054 ; accuracy: 0.562 ; loss: 0.685
2018-03-17 00:43:38,208:INFO: - Eval metrics : f1: 00nan ; accuracy: 0.300 ; loss: 0.726
2018-03-17 00:43:38,268:INFO: - Found new best accuracy
2018-03-17 00:43:38,269:INFO: Epoch 4/5
2018-03-17 00:44:57,627:INFO: Loading the datasets...
2018-03-17 00:44:57,943:INFO: - done.
2018-03-17 00:44:57,945:INFO: Starting training for 5 epoch(s)
2018-03-17 00:44:57,945:INFO: Epoch 1/5
2018-03-17 00:54:25,296:INFO: Loading the datasets...
2018-03-17 00:54:25,622:INFO: - done.
2018-03-17 00:54:25,624:INFO: Starting training for 5 epoch(s)
2018-03-17 00:54:25,624:INFO: Epoch 1/5
2018-03-17 00:55:40,392:INFO: - Train metrics: f1: 00nan ; accuracy: 0.000 ; loss: 0.747
2018-03-17 00:56:52,386:INFO: Loading the datasets...
2018-03-17 00:56:52,717:INFO: - done.
2018-03-17 00:56:52,719:INFO: Starting training for 5 epoch(s)
2018-03-17 00:56:52,719:INFO: Epoch 1/5
2018-03-17 01:02:47,935:INFO: Loading the datasets...
2018-03-17 01:02:48,273:INFO: - done.
2018-03-17 01:02:48,275:INFO: Starting training for 5 epoch(s)
2018-03-17 01:02:48,275:INFO: Epoch 1/5
2018-03-17 01:04:09,548:INFO: Loading the datasets...
2018-03-17 01:04:09,840:INFO: - done.
2018-03-17 01:04:09,842:INFO: Starting training for 5 epoch(s)
2018-03-17 01:04:09,842:INFO: Epoch 1/5
2018-03-17 01:04:25,117:INFO: - Train metrics: f1: 0.000 ; accuracy: 0.000 ; loss: 0.752
2018-03-17 01:05:37,988:INFO: - Eval metrics : f1: 0.000 ; accuracy: 1.000 ; loss: 0.652
2018-03-17 01:05:37,989:INFO: - Found new best accuracy
2018-03-17 01:05:37,990:INFO: Epoch 2/5
2018-03-17 01:05:56,037:INFO: - Train metrics: f1: 0.000 ; accuracy: 1.000 ; loss: 0.649
2018-03-17 01:06:48,331:INFO: Loading the datasets...
2018-03-17 01:06:48,657:INFO: - done.
2018-03-17 01:06:48,659:INFO: Starting training for 5 epoch(s)
2018-03-17 01:06:48,659:INFO: Epoch 1/5
2018-03-17 01:06:53,523:INFO: - Train metrics: f1: 0.000 ; accuracy: 0.375 ; loss: 0.707
2018-03-17 01:06:54,142:INFO: - Eval metrics : f1: 0.000 ; accuracy: 0.000 ; loss: 0.751
2018-03-17 01:06:54,182:INFO: - Found new best accuracy
2018-03-17 01:06:54,183:INFO: Epoch 2/5
2018-03-17 01:06:56,737:INFO: - Train metrics: f1: 0.000 ; accuracy: 0.375 ; loss: 0.707
2018-03-17 01:06:57,271:INFO: - Eval metrics : f1: 0.000 ; accuracy: 0.000 ; loss: 0.746
2018-03-17 01:06:57,324:INFO: - Found new best accuracy
2018-03-17 01:06:57,324:INFO: Epoch 3/5
2018-03-17 01:07:00,511:INFO: - Train metrics: f1: 0.000 ; accuracy: 0.375 ; loss: 0.704
2018-03-17 01:07:00,932:INFO: - Eval metrics : f1: 0.000 ; accuracy: 0.000 ; loss: 0.740
2018-03-17 01:07:00,971:INFO: - Found new best accuracy
2018-03-17 01:07:00,971:INFO: Epoch 4/5
2018-03-17 01:07:04,208:INFO: - Train metrics: f1: 0.000 ; accuracy: 0.375 ; loss: 0.702
2018-03-17 01:07:04,679:INFO: - Eval metrics : f1: 0.000 ; accuracy: 0.000 ; loss: 0.735
2018-03-17 01:07:04,716:INFO: - Found new best accuracy
2018-03-17 01:07:04,717:INFO: Epoch 5/5
2018-03-17 01:07:07,486:INFO: - Train metrics: f1: 0.000 ; accuracy: 0.375 ; loss: 0.700
2018-03-17 01:07:07,987:INFO: - Eval metrics : f1: 0.000 ; accuracy: 0.000 ; loss: 0.730
2018-03-17 01:07:08,024:INFO: - Found new best accuracy
2018-03-17 01:08:00,291:INFO: Loading the datasets...
2018-03-17 01:08:00,578:INFO: - done.
2018-03-17 01:08:00,579:INFO: Starting training for 5 epoch(s)
2018-03-17 01:08:00,579:INFO: Epoch 1/5
2018-03-17 01:08:19,296:INFO: - Train metrics: f1: 0.000 ; accuracy: 0.750 ; loss: 0.665
2018-03-17 01:08:20,350:INFO: - Eval metrics : f1: 0.000 ; accuracy: 0.800 ; loss: 0.655
2018-03-17 01:08:20,401:INFO: - Found new best accuracy
2018-03-17 01:08:20,401:INFO: Epoch 2/5
2018-03-17 01:08:39,774:INFO: - Train metrics: f1: 0.000 ; accuracy: 0.562 ; loss: 0.686
2018-03-17 01:08:41,007:INFO: - Eval metrics : f1: 0.000 ; accuracy: 0.800 ; loss: 0.650
2018-03-17 01:08:41,058:INFO: - Found new best accuracy
2018-03-17 01:08:41,059:INFO: Epoch 3/5
2018-03-17 01:09:02,065:INFO: - Train metrics: f1: 0.000 ; accuracy: 0.688 ; loss: 0.670
2018-03-17 01:09:03,241:INFO: - Eval metrics : f1: 0.000 ; accuracy: 0.800 ; loss: 0.651
2018-03-17 01:09:03,289:INFO: - Found new best accuracy
2018-03-17 01:09:03,289:INFO: Epoch 4/5
2018-03-17 01:09:21,692:INFO: - Train metrics: f1: 0.000 ; accuracy: 0.438 ; loss: 0.707
2018-03-17 01:09:22,847:INFO: - Eval metrics : f1: 0.000 ; accuracy: 0.800 ; loss: 0.646
2018-03-17 01:09:22,894:INFO: - Found new best accuracy
2018-03-17 01:09:22,895:INFO: Epoch 5/5
2018-03-17 01:09:44,303:INFO: Loading the datasets...
2018-03-17 01:09:44,588:INFO: - done.
2018-03-17 01:09:44,589:INFO: Starting training for 5 epoch(s)
2018-03-17 01:09:44,589:INFO: Epoch 1/5
2018-03-17 01:10:29,940:INFO: - Train metrics: f1: 0.000 ; accuracy: 0.625 ; loss: 0.678
2018-03-17 01:10:52,619:INFO: Loading the datasets...
2018-03-17 01:10:52,908:INFO: - done.
2018-03-17 01:10:52,909:INFO: Starting training for 5 epoch(s)
2018-03-17 01:10:52,909:INFO: Epoch 1/5
2018-03-17 01:12:58,820:INFO: Loading the datasets...
2018-03-17 01:12:59,165:INFO: - done.
2018-03-17 01:12:59,167:INFO: Starting training for 5 epoch(s)
2018-03-17 01:12:59,167:INFO: Epoch 1/5
2018-03-17 01:15:17,392:INFO: - Train metrics: f1: 0.000 ; accuracy: 0.500 ; loss: 0.698
2018-03-17 01:18:01,903:INFO: Loading the datasets...
2018-03-17 01:18:02,234:INFO: - done.
2018-03-17 01:18:02,236:INFO: Starting training for 5 epoch(s)
2018-03-17 01:18:02,236:INFO: Epoch 1/5
2018-03-17 01:18:12,742:INFO: - Train metrics: f1: 0.000 ; accuracy: 0.425 ; loss: 0.704
2018-03-17 01:18:13,525:INFO: - Eval metrics : f1: 0.000 ; accuracy: 0.200 ; loss: 0.735
2018-03-17 01:18:13,572:INFO: - Found new best accuracy
2018-03-17 01:18:13,573:INFO: Epoch 2/5
2018-03-17 01:18:22,315:INFO: - Train metrics: f1: 0.000 ; accuracy: 0.425 ; loss: 0.703
2018-03-17 01:18:23,092:INFO: - Eval metrics : f1: 0.000 ; accuracy: 0.200 ; loss: 0.726
2018-03-17 01:18:23,138:INFO: - Found new best accuracy
2018-03-17 01:18:23,138:INFO: Epoch 3/5
2018-03-17 01:18:32,540:INFO: - Train metrics: f1: 0.000 ; accuracy: 0.425 ; loss: 0.701
2018-03-17 01:18:33,428:INFO: - Eval metrics : f1: 0.000 ; accuracy: 0.200 ; loss: 0.729
2018-03-17 01:18:33,478:INFO: - Found new best accuracy
2018-03-17 01:18:33,479:INFO: Epoch 4/5
2018-03-17 01:18:43,109:INFO: - Train metrics: f1: 0.000 ; accuracy: 0.425 ; loss: 0.701
2018-03-17 01:18:43,987:INFO: - Eval metrics : f1: 0.000 ; accuracy: 0.200 ; loss: 0.723
2018-03-17 01:18:44,040:INFO: - Found new best accuracy
2018-03-17 01:18:44,041:INFO: Epoch 5/5
2018-03-17 01:18:52,380:INFO: - Train metrics: f1: 0.000 ; accuracy: 0.425 ; loss: 0.699
2018-03-17 01:18:53,086:INFO: - Eval metrics : f1: 0.000 ; accuracy: 0.100 ; loss: 0.723
2018-03-17 01:20:28,397:INFO: Loading the datasets...
2018-03-17 01:20:28,686:INFO: - done.
2018-03-17 01:20:28,687:INFO: Starting training for 5 epoch(s)
2018-03-17 01:20:28,687:INFO: Epoch 1/5
2018-03-17 02:56:30,652:INFO: - Train metrics: f1: 0.219 ; accuracy: 0.531 ; loss: 0.690
2018-03-17 03:01:05,388:INFO: - Eval metrics : f1: 0.332 ; accuracy: 0.552 ; loss: 0.680
2018-03-17 03:01:05,465:INFO: - Found new best accuracy
2018-03-17 03:01:05,465:INFO: Epoch 2/5
2018-03-17 04:46:20,583:INFO: - Train metrics: f1: 0.450 ; accuracy: 0.621 ; loss: 0.669
2018-03-17 04:50:36,347:INFO: - Eval metrics : f1: 0.440 ; accuracy: 0.557 ; loss: 0.673
2018-03-17 04:50:36,420:INFO: - Found new best accuracy
2018-03-17 04:50:36,422:INFO: Epoch 3/5
2018-03-17 06:53:50,323:INFO: - Train metrics: f1: 0.417 ; accuracy: 0.572 ; loss: 0.668
2018-03-17 06:58:04,777:INFO: - Eval metrics : f1: 0.352 ; accuracy: 0.556 ; loss: 0.669
2018-03-17 06:58:04,859:INFO: Epoch 4/5
2018-03-17 09:01:32,764:INFO: - Train metrics: f1: 0.399 ; accuracy: 0.559 ; loss: 0.665
2018-03-17 09:05:45,141:INFO: - Eval metrics : f1: 0.472 ; accuracy: 0.559 ; loss: 0.670
2018-03-17 09:05:45,229:INFO: - Found new best accuracy
2018-03-17 09:05:45,231:INFO: Epoch 5/5
2018-03-17 11:08:24,579:INFO: - Train metrics: f1: 0.486 ; accuracy: 0.562 ; loss: 0.663
2018-03-17 11:12:28,376:INFO: - Eval metrics : f1: 0.391 ; accuracy: 0.561 ; loss: 0.666
2018-03-17 11:12:28,465:INFO: - Found new best accuracy
2018-03-17 15:51:00,177:INFO: Loading the datasets...
2018-03-17 15:51:00,445:INFO: - done.
2018-03-17 15:51:00,447:INFO: Starting training for 5 epoch(s)
2018-03-17 15:51:00,447:INFO: Epoch 1/5
2018-03-17 15:51:03,917:INFO: - Train metrics: f1: 0.000 ; accuracy: 0.625 ; loss: 0.682
2018-03-17 15:51:04,401:INFO: - Eval metrics : f1: 0.000 ; accuracy: 0.000 ; loss: 0.764
2018-03-17 15:51:04,446:INFO: - Found new best accuracy
2018-03-17 15:51:04,447:INFO: Epoch 2/5
2018-03-17 15:51:07,289:INFO: - Train metrics: f1: 0.000 ; accuracy: 0.625 ; loss: 0.676
2018-03-17 15:51:07,718:INFO: - Eval metrics : f1: 0.000 ; accuracy: 0.000 ; loss: 0.768
2018-03-17 15:51:07,756:INFO: - Found new best accuracy
2018-03-17 15:51:07,757:INFO: Epoch 3/5
2018-03-17 15:51:10,540:INFO: - Train metrics: f1: 0.000 ; accuracy: 0.625 ; loss: 0.675
2018-03-17 15:51:10,968:INFO: - Eval metrics : f1: 0.000 ; accuracy: 0.000 ; loss: 0.773
2018-03-17 15:51:11,005:INFO: - Found new best accuracy
2018-03-17 15:51:11,005:INFO: Epoch 4/5
2018-03-17 15:51:13,471:INFO: - Train metrics: f1: 0.000 ; accuracy: 0.625 ; loss: 0.675
2018-03-17 15:51:13,897:INFO: - Eval metrics : f1: 0.000 ; accuracy: 0.000 ; loss: 0.777
2018-03-17 15:51:13,934:INFO: - Found new best accuracy
2018-03-17 15:51:13,934:INFO: Epoch 5/5
2018-03-17 15:51:16,626:INFO: - Train metrics: f1: 0.000 ; accuracy: 0.625 ; loss: 0.680
2018-03-17 15:51:17,066:INFO: - Eval metrics : f1: 0.000 ; accuracy: 0.000 ; loss: 0.781
2018-03-17 15:51:17,102:INFO: - Found new best accuracy
2018-03-17 15:52:15,791:INFO: Loading the datasets...
2018-03-17 15:52:16,064:INFO: - done.
2018-03-17 15:52:16,065:INFO: Starting training for 5 epoch(s)
2018-03-17 15:52:16,065:INFO: Epoch 1/5
2018-03-17 15:53:51,314:INFO: Loading the datasets...
2018-03-17 15:53:51,585:INFO: - done.
2018-03-17 15:53:51,586:INFO: Starting training for 50 epoch(s)
2018-03-17 15:53:51,586:INFO: Epoch 1/50
2018-03-17 18:30:56,053:INFO: - Train metrics: f1: 0.355 ; accuracy: 0.546 ; loss: 0.681
2018-03-17 18:35:38,513:INFO: - Eval metrics : f1: 0.396 ; accuracy: 0.563 ; loss: 0.672
2018-03-17 18:35:38,611:INFO: - Found new best accuracy
2018-03-17 18:35:38,612:INFO: Epoch 2/50
2018-03-17 21:24:30,882:INFO: - Train metrics: f1: 0.388 ; accuracy: 0.575 ; loss: 0.672
2018-03-17 21:29:11,124:INFO: - Eval metrics : f1: 0.503 ; accuracy: 0.547 ; loss: 0.669
2018-03-17 21:29:11,223:INFO: Epoch 3/50
2018-03-19 18:38:31,285:INFO: Loading the datasets...
2018-03-19 18:38:31,506:INFO: - done.
2018-03-19 18:38:35,390:INFO: Starting training for 50 epoch(s)
2018-03-19 18:38:35,390:INFO: Epoch 1/50
2018-03-19 19:01:03,373:INFO: - Train metrics: f1: 0.447 ; accuracy: 0.575 ; loss: 0.686
2018-03-19 19:02:49,285:INFO: - Eval metrics : f1: 0.323 ; accuracy: 0.535 ; loss: 0.678
2018-03-19 19:02:49,290:INFO: - Found new best accuracy
2018-03-19 19:02:49,290:INFO: Epoch 2/50
2018-03-19 19:15:40,219:INFO: - Train metrics: f1: 0.418 ; accuracy: 0.594 ; loss: 0.655
2018-03-19 19:17:00,787:INFO: - Eval metrics : f1: 0.399 ; accuracy: 0.549 ; loss: 0.673
2018-03-19 19:17:00,791:INFO: - Found new best accuracy
2018-03-19 19:17:00,792:INFO: Epoch 3/50
2018-03-19 19:28:13,320:INFO: - Train metrics: f1: 0.339 ; accuracy: 0.581 ; loss: 0.690
2018-03-19 19:29:24,278:INFO: - Eval metrics : f1: 0.376 ; accuracy: 0.539 ; loss: 0.674
2018-03-19 19:29:24,282:INFO: Epoch 4/50
2018-03-19 19:39:50,617:INFO: - Train metrics: f1: 0.343 ; accuracy: 0.562 ; loss: 0.650
2018-03-19 19:40:56,209:INFO: - Eval metrics : f1: 0.299 ; accuracy: 0.535 ; loss: 0.674
2018-03-19 19:40:56,213:INFO: Epoch 5/50
2018-03-19 19:50:38,147:INFO: - Train metrics: f1: 0.384 ; accuracy: 0.537 ; loss: 0.664
2018-03-19 19:51:38,970:INFO: - Eval metrics : f1: 0.326 ; accuracy: 0.554 ; loss: 0.667
2018-03-19 19:51:38,974:INFO: - Found new best accuracy
2018-03-19 19:51:38,974:INFO: Epoch 6/50
2018-03-19 20:00:57,893:INFO: - Train metrics: f1: 0.469 ; accuracy: 0.669 ; loss: 0.637
2018-03-19 20:01:53,462:INFO: - Eval metrics : f1: 0.364 ; accuracy: 0.551 ; loss: 0.668
2018-03-19 20:01:53,466:INFO: Epoch 7/50
2018-03-19 20:10:41,091:INFO: - Train metrics: f1: 0.405 ; accuracy: 0.569 ; loss: 0.673
2018-03-19 20:11:32,186:INFO: - Eval metrics : f1: 0.488 ; accuracy: 0.556 ; loss: 0.671
2018-03-19 20:11:32,189:INFO: - Found new best accuracy
2018-03-19 20:11:32,190:INFO: Epoch 8/50
2018-03-19 20:20:12,986:INFO: - Train metrics: f1: 0.484 ; accuracy: 0.575 ; loss: 0.677
2018-03-19 20:20:59,053:INFO: - Eval metrics : f1: 0.445 ; accuracy: 0.568 ; loss: 0.664
2018-03-19 20:20:59,056:INFO: - Found new best accuracy
2018-03-19 20:20:59,057:INFO: Epoch 9/50
2018-03-19 20:21:46,669:INFO: Loading the datasets...
2018-03-19 20:21:46,900:INFO: - done.
2018-03-19 20:21:51,481:INFO: Starting training for 50 epoch(s)
2018-03-19 20:21:51,481:INFO: Epoch 1/50
2018-03-19 20:31:11,341:INFO: - Train metrics: f1: 0.000 ; accuracy: 0.519 ; loss: 0.692
2018-03-19 20:32:03,977:INFO: - Eval metrics : f1: 0.128 ; accuracy: 0.490 ; loss: 0.693
2018-03-19 20:32:03,981:INFO: - Found new best accuracy
2018-03-19 20:32:03,981:INFO: Epoch 2/50
2018-03-19 20:40:53,831:INFO: - Train metrics: f1: 0.289 ; accuracy: 0.487 ; loss: 0.694
2018-03-19 20:41:44,056:INFO: - Eval metrics : f1: 0.447 ; accuracy: 0.527 ; loss: 0.692
2018-03-19 20:41:44,059:INFO: - Found new best accuracy
2018-03-19 20:41:44,060:INFO: Epoch 3/50
2018-03-19 20:50:29,491:INFO: - Train metrics: f1: 0.415 ; accuracy: 0.556 ; loss: 0.691
2018-03-19 20:51:19,837:INFO: - Eval metrics : f1: 0.518 ; accuracy: 0.546 ; loss: 0.691
2018-03-19 20:51:19,840:INFO: - Found new best accuracy
2018-03-19 20:51:19,841:INFO: Epoch 4/50
2018-03-19 21:00:26,394:INFO: - Train metrics: f1: 0.503 ; accuracy: 0.531 ; loss: 0.690
2018-03-19 21:01:16,046:INFO: - Eval metrics : f1: 0.547 ; accuracy: 0.553 ; loss: 0.687
2018-03-19 21:01:16,049:INFO: - Found new best accuracy
2018-03-19 21:01:16,049:INFO: Epoch 5/50
2018-03-19 21:10:11,777:INFO: - Train metrics: f1: 0.470 ; accuracy: 0.544 ; loss: 0.686
2018-03-19 21:11:00,746:INFO: - Eval metrics : f1: 0.515 ; accuracy: 0.540 ; loss: 0.685
2018-03-19 21:11:00,749:INFO: Epoch 6/50
2018-03-19 21:19:52,193:INFO: - Train metrics: f1: 0.442 ; accuracy: 0.575 ; loss: 0.674
2018-03-19 21:20:41,384:INFO: - Eval metrics : f1: 0.406 ; accuracy: 0.529 ; loss: 0.684
2018-03-19 21:20:41,387:INFO: Epoch 7/50
2018-03-19 21:29:19,183:INFO: - Train metrics: f1: 0.475 ; accuracy: 0.594 ; loss: 0.666
2018-03-19 21:30:07,275:INFO: - Eval metrics : f1: 0.395 ; accuracy: 0.532 ; loss: 0.680
2018-03-19 21:30:07,279:INFO: Epoch 8/50
2018-03-19 21:38:38,933:INFO: - Train metrics: f1: 0.404 ; accuracy: 0.556 ; loss: 0.699
2018-03-19 21:39:25,916:INFO: - Eval metrics : f1: 0.406 ; accuracy: 0.538 ; loss: 0.675
2018-03-19 21:39:25,919:INFO: Epoch 9/50
2018-03-19 21:47:55,012:INFO: - Train metrics: f1: 0.395 ; accuracy: 0.562 ; loss: 0.679
2018-03-19 21:48:42,214:INFO: - Eval metrics : f1: 0.409 ; accuracy: 0.535 ; loss: 0.675
2018-03-19 21:48:42,217:INFO: Epoch 10/50
2018-03-19 21:57:09,126:INFO: - Train metrics: f1: 0.410 ; accuracy: 0.512 ; loss: 0.691
2018-03-19 21:57:56,600:INFO: - Eval metrics : f1: 0.482 ; accuracy: 0.536 ; loss: 0.678
2018-03-19 21:57:56,603:INFO: Epoch 11/50
2018-03-19 22:07:17,740:INFO: - Train metrics: f1: 0.374 ; accuracy: 0.562 ; loss: 0.683
2018-03-19 22:08:08,204:INFO: - Eval metrics : f1: 0.411 ; accuracy: 0.533 ; loss: 0.676
2018-03-19 22:08:08,207:INFO: Epoch 12/50
2018-03-19 22:17:37,471:INFO: - Train metrics: f1: 0.389 ; accuracy: 0.562 ; loss: 0.669
2018-03-19 22:18:29,004:INFO: - Eval metrics : f1: 0.400 ; accuracy: 0.535 ; loss: 0.675
2018-03-19 22:18:29,007:INFO: Epoch 13/50
2018-03-19 22:27:54,680:INFO: - Train metrics: f1: 0.434 ; accuracy: 0.556 ; loss: 0.671
2018-03-19 22:28:46,092:INFO: - Eval metrics : f1: 0.395 ; accuracy: 0.531 ; loss: 0.676
2018-03-19 22:28:46,096:INFO: Epoch 14/50
2018-03-19 22:38:36,651:INFO: - Train metrics: f1: 0.422 ; accuracy: 0.588 ; loss: 0.658
2018-03-19 22:39:29,068:INFO: - Eval metrics : f1: 0.489 ; accuracy: 0.557 ; loss: 0.674
2018-03-19 22:39:29,071:INFO: - Found new best accuracy
2018-03-19 22:39:29,071:INFO: Epoch 15/50
2018-03-19 22:49:14,048:INFO: - Train metrics: f1: 0.375 ; accuracy: 0.550 ; loss: 0.663
2018-03-19 22:50:07,050:INFO: - Eval metrics : f1: 0.413 ; accuracy: 0.536 ; loss: 0.671
2018-03-19 22:50:07,053:INFO: Epoch 16/50
2018-03-19 22:59:48,489:INFO: - Train metrics: f1: 0.449 ; accuracy: 0.512 ; loss: 0.662
2018-03-19 23:00:39,897:INFO: - Eval metrics : f1: 0.404 ; accuracy: 0.523 ; loss: 0.674
2018-03-19 23:00:39,900:INFO: Epoch 17/50
2018-03-19 23:10:21,716:INFO: - Train metrics: f1: 0.402 ; accuracy: 0.519 ; loss: 0.665
2018-03-19 23:11:12,461:INFO: - Eval metrics : f1: 0.425 ; accuracy: 0.533 ; loss: 0.671
2018-03-19 23:11:12,466:INFO: Epoch 18/50
2018-03-19 23:20:51,100:INFO: - Train metrics: f1: 0.445 ; accuracy: 0.569 ; loss: 0.672
2018-03-19 23:21:40,949:INFO: - Eval metrics : f1: 0.407 ; accuracy: 0.534 ; loss: 0.673
2018-03-19 23:21:40,952:INFO: Epoch 19/50
2018-03-19 23:31:12,199:INFO: - Train metrics: f1: 0.441 ; accuracy: 0.562 ; loss: 0.668
2018-03-19 23:32:01,843:INFO: - Eval metrics : f1: 0.415 ; accuracy: 0.532 ; loss: 0.673
2018-03-19 23:32:01,846:INFO: Epoch 20/50
2018-03-19 23:41:29,466:INFO: - Train metrics: f1: 0.419 ; accuracy: 0.588 ; loss: 0.669
2018-03-19 23:42:19,242:INFO: - Eval metrics : f1: 0.397 ; accuracy: 0.529 ; loss: 0.674
2018-03-19 23:42:19,245:INFO: Epoch 21/50
2018-03-19 23:50:47,098:INFO: - Train metrics: f1: 0.415 ; accuracy: 0.550 ; loss: 0.669
2018-03-19 23:51:32,426:INFO: - Eval metrics : f1: 0.395 ; accuracy: 0.535 ; loss: 0.673
2018-03-19 23:51:32,430:INFO: Epoch 22/50
2018-03-19 23:59:43,770:INFO: - Train metrics: f1: 0.472 ; accuracy: 0.581 ; loss: 0.655
2018-03-20 00:00:29,540:INFO: - Eval metrics : f1: 0.443 ; accuracy: 0.541 ; loss: 0.668
2018-03-20 00:00:29,543:INFO: Epoch 23/50
2018-03-20 00:08:42,768:INFO: - Train metrics: f1: 0.444 ; accuracy: 0.581 ; loss: 0.696
2018-03-20 00:09:27,570:INFO: - Eval metrics : f1: 0.386 ; accuracy: 0.532 ; loss: 0.671
2018-03-20 00:09:27,574:INFO: Epoch 24/50
2018-03-20 00:17:37,701:INFO: - Train metrics: f1: 0.491 ; accuracy: 0.619 ; loss: 0.629
2018-03-20 00:18:22,726:INFO: - Eval metrics : f1: 0.460 ; accuracy: 0.548 ; loss: 0.671
2018-03-20 00:18:22,729:INFO: Epoch 25/50
2018-03-20 00:26:32,039:INFO: - Train metrics: f1: 0.545 ; accuracy: 0.594 ; loss: 0.638
2018-03-20 00:27:17,464:INFO: - Eval metrics : f1: 0.483 ; accuracy: 0.557 ; loss: 0.667
2018-03-20 00:27:17,467:INFO: Epoch 26/50
2018-03-20 00:35:26,071:INFO: - Train metrics: f1: 0.476 ; accuracy: 0.525 ; loss: 0.703
2018-03-20 00:36:10,857:INFO: - Eval metrics : f1: 0.402 ; accuracy: 0.533 ; loss: 0.672
2018-03-20 00:36:10,866:INFO: Epoch 27/50
2018-03-20 00:44:26,368:INFO: - Train metrics: f1: 0.523 ; accuracy: 0.656 ; loss: 0.661
2018-03-20 00:45:12,876:INFO: - Eval metrics : f1: 0.401 ; accuracy: 0.532 ; loss: 0.672
2018-03-20 00:45:12,879:INFO: Epoch 28/50
2018-03-20 00:53:24,427:INFO: - Train metrics: f1: 0.495 ; accuracy: 0.556 ; loss: 0.672
2018-03-20 00:54:09,940:INFO: - Eval metrics : f1: 0.457 ; accuracy: 0.541 ; loss: 0.669
2018-03-20 00:54:09,943:INFO: Epoch 29/50
2018-03-20 01:02:16,514:INFO: - Train metrics: f1: 0.430 ; accuracy: 0.606 ; loss: 0.655
2018-03-20 01:02:59,110:INFO: - Eval metrics : f1: 0.420 ; accuracy: 0.539 ; loss: 0.667
2018-03-20 01:02:59,114:INFO: Epoch 30/50
2018-03-20 01:10:24,350:INFO: - Train metrics: f1: 0.365 ; accuracy: 0.562 ; loss: 0.688
2018-03-20 01:11:04,706:INFO: - Eval metrics : f1: 0.476 ; accuracy: 0.557 ; loss: 0.667
2018-03-20 01:11:04,709:INFO: Epoch 31/50
2018-03-20 01:18:14,056:INFO: - Train metrics: f1: 0.497 ; accuracy: 0.556 ; loss: 0.643
2018-03-20 01:18:53,052:INFO: - Eval metrics : f1: 0.480 ; accuracy: 0.548 ; loss: 0.684
2018-03-20 01:18:53,055:INFO: Epoch 32/50
2018-03-20 01:26:55,291:INFO: - Train metrics: f1: 0.400 ; accuracy: 0.494 ; loss: 0.715
2018-03-20 01:27:39,848:INFO: - Eval metrics : f1: 0.416 ; accuracy: 0.529 ; loss: 0.686
2018-03-20 01:27:39,851:INFO: Epoch 33/50
2018-03-20 01:35:33,127:INFO: - Train metrics: f1: 0.473 ; accuracy: 0.588 ; loss: 0.664
2018-03-20 01:36:17,642:INFO: - Eval metrics : f1: 0.425 ; accuracy: 0.533 ; loss: 0.684
2018-03-20 01:36:17,645:INFO: Epoch 34/50
2018-03-20 01:44:14,226:INFO: - Train metrics: f1: 0.518 ; accuracy: 0.594 ; loss: 0.659
2018-03-20 01:44:59,976:INFO: - Eval metrics : f1: 0.411 ; accuracy: 0.538 ; loss: 0.673
2018-03-20 01:44:59,979:INFO: Epoch 35/50
2018-03-20 01:52:54,921:INFO: - Train metrics: f1: 0.428 ; accuracy: 0.569 ; loss: 0.655
2018-03-20 01:53:39,357:INFO: - Eval metrics : f1: 0.418 ; accuracy: 0.535 ; loss: 0.673
2018-03-20 01:53:39,361:INFO: Epoch 36/50
2018-03-20 02:01:25,812:INFO: - Train metrics: f1: 0.407 ; accuracy: 0.550 ; loss: 0.680
2018-03-20 02:02:09,585:INFO: - Eval metrics : f1: 0.419 ; accuracy: 0.547 ; loss: 0.668
2018-03-20 02:02:09,588:INFO: Epoch 37/50
2018-03-20 02:09:51,717:INFO: - Train metrics: f1: 0.484 ; accuracy: 0.588 ; loss: 0.661
2018-03-20 02:10:35,800:INFO: - Eval metrics : f1: 0.419 ; accuracy: 0.542 ; loss: 0.666
2018-03-20 02:10:35,803:INFO: Epoch 38/50
2018-03-20 02:18:03,620:INFO: - Train metrics: f1: 0.536 ; accuracy: 0.650 ; loss: 0.645
2018-03-20 02:18:46,500:INFO: - Eval metrics : f1: 0.447 ; accuracy: 0.537 ; loss: 0.670
2018-03-20 02:18:46,503:INFO: Epoch 39/50
2018-03-20 02:26:14,091:INFO: - Train metrics: f1: 0.398 ; accuracy: 0.531 ; loss: 0.669
2018-03-20 02:26:56,629:INFO: - Eval metrics : f1: 0.440 ; accuracy: 0.545 ; loss: 0.669
2018-03-20 02:26:56,637:INFO: Epoch 40/50
2018-03-20 02:34:31,933:INFO: - Train metrics: f1: 0.545 ; accuracy: 0.600 ; loss: 0.656
2018-03-20 02:35:14,814:INFO: - Eval metrics : f1: 0.431 ; accuracy: 0.548 ; loss: 0.668
2018-03-20 02:35:14,817:INFO: Epoch 41/50
2018-03-20 02:42:43,708:INFO: - Train metrics: f1: 0.552 ; accuracy: 0.656 ; loss: 0.626
2018-03-20 02:43:26,423:INFO: - Eval metrics : f1: 0.473 ; accuracy: 0.545 ; loss: 0.672
2018-03-20 02:43:26,426:INFO: Epoch 42/50
2018-03-20 02:50:57,366:INFO: - Train metrics: f1: 0.499 ; accuracy: 0.613 ; loss: 0.646
2018-03-20 02:51:41,837:INFO: - Eval metrics : f1: 0.454 ; accuracy: 0.544 ; loss: 0.669
2018-03-20 02:51:41,840:INFO: Epoch 43/50
2018-03-20 02:59:21,679:INFO: - Train metrics: f1: 0.498 ; accuracy: 0.594 ; loss: 0.637
2018-03-20 03:00:05,280:INFO: - Eval metrics : f1: 0.468 ; accuracy: 0.540 ; loss: 0.671
2018-03-20 03:00:05,283:INFO: Epoch 44/50
2018-03-20 03:07:33,509:INFO: - Train metrics: f1: 0.481 ; accuracy: 0.544 ; loss: 0.645
2018-03-20 03:08:16,242:INFO: - Eval metrics : f1: 0.437 ; accuracy: 0.545 ; loss: 0.674
2018-03-20 03:08:16,245:INFO: Epoch 45/50
2018-03-20 03:15:42,237:INFO: - Train metrics: f1: 0.510 ; accuracy: 0.644 ; loss: 0.652
2018-03-20 03:16:25,201:INFO: - Eval metrics : f1: 0.497 ; accuracy: 0.538 ; loss: 0.676
2018-03-20 03:16:25,204:INFO: Epoch 46/50
2018-03-20 03:23:55,418:INFO: - Train metrics: f1: 0.586 ; accuracy: 0.637 ; loss: 0.652
2018-03-20 03:24:39,423:INFO: - Eval metrics : f1: 0.455 ; accuracy: 0.541 ; loss: 0.666
2018-03-20 03:24:39,427:INFO: Epoch 47/50
2018-03-20 03:32:12,999:INFO: - Train metrics: f1: 0.358 ; accuracy: 0.475 ; loss: 0.683
2018-03-20 03:32:56,183:INFO: - Eval metrics : f1: 0.445 ; accuracy: 0.538 ; loss: 0.670
2018-03-20 03:32:56,186:INFO: Epoch 48/50
2018-03-20 03:40:26,614:INFO: - Train metrics: f1: 0.601 ; accuracy: 0.606 ; loss: 0.656
2018-03-20 03:41:09,321:INFO: - Eval metrics : f1: 0.483 ; accuracy: 0.552 ; loss: 0.667
2018-03-20 03:41:09,325:INFO: Epoch 49/50
2018-03-20 03:48:40,117:INFO: - Train metrics: f1: 0.510 ; accuracy: 0.581 ; loss: 0.656
2018-03-20 03:49:22,102:INFO: - Eval metrics : f1: 0.441 ; accuracy: 0.537 ; loss: 0.674
2018-03-20 03:49:22,105:INFO: Epoch 50/50
2018-03-20 03:56:37,293:INFO: - Train metrics: f1: 0.553 ; accuracy: 0.669 ; loss: 0.631
2018-03-20 03:57:19,778:INFO: - Eval metrics : f1: 0.518 ; accuracy: 0.558 ; loss: 0.668
2018-03-20 03:57:19,781:INFO: - Found new best accuracy
