2018-03-19 22:30:41,819:INFO: Loading the datasets...
2018-03-19 22:30:42,015:INFO: - done.
2018-03-19 22:30:48,343:INFO: Starting training for 10 epoch(s)
2018-03-19 22:30:48,343:INFO: Epoch 1/10
2018-03-19 22:34:23,918:INFO: - Train metrics: f1: 0.525 ; accuracy: 0.438 ; loss: 0.741
2018-03-19 22:34:36,087:INFO: - Eval metrics : f1: 0.664 ; accuracy: 0.503 ; loss: 0.693
2018-03-19 22:34:36,090:INFO: - Found new best accuracy
2018-03-19 22:34:36,091:INFO: Epoch 2/10
2018-03-19 22:38:21,502:INFO: - Train metrics: f1: 0.516 ; accuracy: 0.450 ; loss: 0.725
2018-03-19 22:38:32,968:INFO: - Eval metrics : f1: 0.666 ; accuracy: 0.504 ; loss: 0.705
2018-03-19 22:38:32,970:INFO: - Found new best accuracy
2018-03-19 22:38:32,970:INFO: Epoch 3/10
2018-03-19 22:42:09,189:INFO: - Train metrics: f1: 0.617 ; accuracy: 0.525 ; loss: 0.721
2018-03-19 22:42:20,735:INFO: - Eval metrics : f1: 0.664 ; accuracy: 0.502 ; loss: 0.740
2018-03-19 22:42:20,738:INFO: Epoch 4/10
2018-03-19 22:46:08,208:INFO: - Train metrics: f1: 0.578 ; accuracy: 0.519 ; loss: 0.724
2018-03-19 22:46:18,693:INFO: - Eval metrics : f1: 0.663 ; accuracy: 0.502 ; loss: 0.695
2018-03-19 22:46:18,696:INFO: Epoch 5/10
2018-03-19 22:50:09,462:INFO: - Train metrics: f1: 0.576 ; accuracy: 0.512 ; loss: 0.710
2018-03-19 22:50:20,260:INFO: - Eval metrics : f1: 0.661 ; accuracy: 0.500 ; loss: 0.719
2018-03-19 22:50:20,262:INFO: Epoch 6/10
2018-03-19 22:54:07,719:INFO: - Train metrics: f1: 0.516 ; accuracy: 0.463 ; loss: 0.719
2018-03-19 22:54:18,601:INFO: - Eval metrics : f1: 0.665 ; accuracy: 0.504 ; loss: 0.715
2018-03-19 22:54:18,602:INFO: Epoch 7/10
2018-03-19 22:58:07,458:INFO: - Train metrics: f1: 0.594 ; accuracy: 0.531 ; loss: 0.727
2018-03-19 22:58:18,032:INFO: - Eval metrics : f1: 0.662 ; accuracy: 0.501 ; loss: 0.694
2018-03-19 22:58:18,035:INFO: Epoch 8/10
2018-03-19 23:02:01,571:INFO: - Train metrics: f1: 0.611 ; accuracy: 0.556 ; loss: 0.701
2018-03-19 23:02:12,172:INFO: - Eval metrics : f1: 0.665 ; accuracy: 0.503 ; loss: 0.696
2018-03-19 23:02:12,175:INFO: Epoch 9/10
2018-03-19 23:06:07,872:INFO: - Train metrics: f1: 0.590 ; accuracy: 0.556 ; loss: 0.694
2018-03-19 23:06:18,374:INFO: - Eval metrics : f1: 0.662 ; accuracy: 0.502 ; loss: 0.717
2018-03-19 23:06:18,376:INFO: Epoch 10/10
2018-03-19 23:10:13,334:INFO: - Train metrics: f1: 0.573 ; accuracy: 0.519 ; loss: 0.703
2018-03-19 23:10:23,697:INFO: - Eval metrics : f1: 0.665 ; accuracy: 0.503 ; loss: 0.705
